<?xml version="1.0" encoding="utf-8"?>
<TestRun id="f6ca1616-ccaf-4087-b84a-e77a4a37f637" name="GaboPC@GABOPC 2024-07-10 10:13:31" runUser="GABOPC\GaboPC" xmlns="http://microsoft.com/schemas/VisualStudio/TeamTest/2010">
  <Times creation="2024-07-10T10:13:31.9386017-05:00" queuing="2024-07-10T10:13:31.9386017-05:00" start="2024-07-10T10:13:30.1581418-05:00" finish="2024-07-10T10:16:35.3427758-05:00" />
  <TestSettings name="default" id="31b382fd-e815-4da9-997c-3a34830030ca">
    <Deployment runDeploymentRoot="GaboPC_GABOPC_2024-07-10_10_13_31" />
  </TestSettings>
  <Results>
    <UnitTestResult executionId="22d7fa20-6292-4fc5-be7b-2f3b7f72650e" testId="918f4465-cea0-8287-2a8e-04818253dcf9" testName="DonanteExiste_ShouldReturnFalse_WhenDonanteDoesNotExist" computerName="GABOPC" duration="00:00:00.0120000" startTime="2024-07-10T10:14:46.8255148-05:00" endTime="2024-07-10T10:14:46.8387430-05:00" testType="13cdc9d9-ddb5-4fa4-a97d-d965ccfc6d4b" outcome="Failed" testListId="8c84fa94-04c1-424b-9868-57a2d4851a1d" relativeResultsDirectory="22d7fa20-6292-4fc5-be7b-2f3b7f72650e">
      <Output>
        <ErrorInfo>
          <Message>System.Data.SqlClient.SqlException : A network-related or instance-specific error occurred while establishing a connection to SQL Server. The server was not found or was not accessible. Verify that the instance name is correct and that SQL Server is configured to allow remote connections. (provider: Named Pipes Provider, error: 40 - Could not open a connection to SQL Server)&#xD;
Data:&#xD;
  HelpLink.ProdName: Microsoft SQL Server&#xD;
  HelpLink.EvtSrc: MSSQLServer&#xD;
  HelpLink.EvtID: 2&#xD;
  HelpLink.BaseHelpUrl: http://go.microsoft.com/fwlink&#xD;
  HelpLink.LinkId: 20476&#xD;
  ----&gt; System.ComponentModel.Win32Exception : The system cannot find the file specified</Message>
          <StackTrace>   at System.Data.ProviderBase.DbConnectionPool.TryGetConnection(DbConnection owningObject, UInt32 waitForMultipleObjectsTimeout, Boolean allowCreate, Boolean onlyOneCheckConnection, DbConnectionOptions userOptions, DbConnectionInternal&amp; connection)&#xD;
   at System.Data.ProviderBase.DbConnectionPool.TryGetConnection(DbConnection owningObject, TaskCompletionSource`1 retry, DbConnectionOptions userOptions, DbConnectionInternal&amp; connection)&#xD;
   at System.Data.ProviderBase.DbConnectionFactory.TryGetConnection(DbConnection owningConnection, TaskCompletionSource`1 retry, DbConnectionOptions userOptions, DbConnectionInternal oldConnection, DbConnectionInternal&amp; connection)&#xD;
   at System.Data.ProviderBase.DbConnectionInternal.TryOpenConnectionInternal(DbConnection outerConnection, DbConnectionFactory connectionFactory, TaskCompletionSource`1 retry, DbConnectionOptions userOptions)&#xD;
   at System.Data.SqlClient.SqlConnection.TryOpenInner(TaskCompletionSource`1 retry)&#xD;
   at System.Data.SqlClient.SqlConnection.TryOpen(TaskCompletionSource`1 retry)&#xD;
   at System.Data.SqlClient.SqlConnection.Open()&#xD;
   at Proyecto_Final_Blood_Bank.RegistroDonantes.DonanteExiste(String dni) in C:\Users\gabri\Downloads\ProyectoU2 Version 8\ProyectoFinal\RegistroDonantes.cs:line 205&#xD;
--Win32Exception&#xD;

</StackTrace>
        </ErrorInfo>
      </Output>
    </UnitTestResult>
    <UnitTestResult executionId="3702a049-d424-457b-b652-9a919d72362e" testId="f5fe32d5-c734-f2e9-d46d-60861f184ace" testName="TestOnMouseLeave" computerName="GABOPC" duration="00:00:00.2100000" startTime="2024-07-10T10:15:18.1447531-05:00" endTime="2024-07-10T10:15:18.3533905-05:00" testType="13cdc9d9-ddb5-4fa4-a97d-d965ccfc6d4b" outcome="Passed" testListId="8c84fa94-04c1-424b-9868-57a2d4851a1d" relativeResultsDirectory="3702a049-d424-457b-b652-9a919d72362e" />
    <UnitTestResult executionId="5271b790-f2f3-42e0-8628-74886180e75d" testId="9a129d6b-fde0-97d4-cf21-bb17defa7856" testName="ModificarDonante_ShouldUpdateExistingDonante" computerName="GABOPC" duration="00:00:00.0140000" startTime="2024-07-10T10:14:46.8896136-05:00" endTime="2024-07-10T10:14:46.9035549-05:00" testType="13cdc9d9-ddb5-4fa4-a97d-d965ccfc6d4b" outcome="Passed" testListId="8c84fa94-04c1-424b-9868-57a2d4851a1d" relativeResultsDirectory="5271b790-f2f3-42e0-8628-74886180e75d" />
    <UnitTestResult executionId="ca670183-fe46-43e7-a800-248d1714d500" testId="4bc8caf1-0ecc-ce66-fb43-036413a49693" testName="TestOPCIONES_1_Load" computerName="GABOPC" duration="00:00:00.1550000" startTime="2024-07-10T10:15:18.3533905-05:00" endTime="2024-07-10T10:15:18.5054675-05:00" testType="13cdc9d9-ddb5-4fa4-a97d-d965ccfc6d4b" outcome="Passed" testListId="8c84fa94-04c1-424b-9868-57a2d4851a1d" relativeResultsDirectory="ca670183-fe46-43e7-a800-248d1714d500" />
    <UnitTestResult executionId="a77efc99-20c2-4150-844b-c19880eedde5" testId="88ab0ed8-3193-664a-1407-00ea25f47cf2" testName="TestBtnBanco_Click" computerName="GABOPC" duration="00:00:01.5280000" startTime="2024-07-10T10:15:25.6559473-05:00" endTime="2024-07-10T10:15:27.1819648-05:00" testType="13cdc9d9-ddb5-4fa4-a97d-d965ccfc6d4b" outcome="Passed" testListId="8c84fa94-04c1-424b-9868-57a2d4851a1d" relativeResultsDirectory="a77efc99-20c2-4150-844b-c19880eedde5" />
    <UnitTestResult executionId="0d446dea-8f2b-41a9-a6b4-06866e76bc45" testId="aec2e39d-bb94-1da7-2725-3f2585a12994" testName="ScenarioName" computerName="GABOPC" duration="00:00:00.0350000" startTime="2024-07-10T10:14:08.2533744-05:00" endTime="2024-07-10T10:14:08.2855366-05:00" testType="13cdc9d9-ddb5-4fa4-a97d-d965ccfc6d4b" outcome="NotExecuted" testListId="8c84fa94-04c1-424b-9868-57a2d4851a1d" relativeResultsDirectory="0d446dea-8f2b-41a9-a6b4-06866e76bc45">
      <Output>
        <StdOut>Given [context]&#xD;
-&gt; No matching step definition found for the step. Use the following code to create one:&#xD;
        [Given(@"\[context]")]&#xD;
        public void GivenContext()&#xD;
        {&#xD;
            _scenarioContext.Pending();&#xD;
        }&#xD;
&#xD;
When [action]&#xD;
-&gt; No matching step definition found for the step. Use the following code to create one:&#xD;
        [When(@"\[action]")]&#xD;
        public void WhenAction()&#xD;
        {&#xD;
            _scenarioContext.Pending();&#xD;
        }&#xD;
&#xD;
Then [outcome]&#xD;
-&gt; No matching step definition found for the step. Use the following code to create one:&#xD;
        [Then(@"\[outcome]")]&#xD;
        public void ThenOutcome()&#xD;
        {&#xD;
            _scenarioContext.Pending();&#xD;
        }&#xD;
&#xD;
&#xD;
No matching step definition found for one or more steps.&#xD;
using System;&#xD;
using TechTalk.SpecFlow;&#xD;
&#xD;
namespace MyNamespace&#xD;
{&#xD;
    [Binding]&#xD;
    public class StepDefinitions&#xD;
    {&#xD;
        private readonly ScenarioContext _scenarioContext;&#xD;
&#xD;
        public StepDefinitions(ScenarioContext scenarioContext)&#xD;
        {&#xD;
            _scenarioContext = scenarioContext;&#xD;
        }&#xD;
        [Given(@"\[context]")]&#xD;
        public void GivenContext()&#xD;
        {&#xD;
            _scenarioContext.Pending();&#xD;
        }&#xD;
        &#xD;
        [When(@"\[action]")]&#xD;
        public void WhenAction()&#xD;
        {&#xD;
            _scenarioContext.Pending();&#xD;
        }&#xD;
        &#xD;
        [Then(@"\[outcome]")]&#xD;
        public void ThenOutcome()&#xD;
        {&#xD;
            _scenarioContext.Pending();&#xD;
        }&#xD;
    }&#xD;
}</StdOut>
        <ErrorInfo>
          <Message>No matching step definition found for one or more steps.&#xD;
using System;&#xD;
using TechTalk.SpecFlow;&#xD;
&#xD;
namespace MyNamespace&#xD;
{&#xD;
    [Binding]&#xD;
    public class StepDefinitions&#xD;
    {&#xD;
        private readonly ScenarioContext _scenarioContext;&#xD;
&#xD;
        public StepDefinitions(ScenarioContext scenarioContext)&#xD;
        {&#xD;
            _scenarioContext = scenarioContext;&#xD;
        }&#xD;
        [Given(@"\[context]")]&#xD;
        public void GivenContext()&#xD;
        {&#xD;
            _scenarioContext.Pending();&#xD;
        }&#xD;
        &#xD;
        [When(@"\[action]")]&#xD;
        public void WhenAction()&#xD;
        {&#xD;
            _scenarioContext.Pending();&#xD;
        }&#xD;
        &#xD;
        [Then(@"\[outcome]")]&#xD;
        public void ThenOutcome()&#xD;
        {&#xD;
            _scenarioContext.Pending();&#xD;
        }&#xD;
    }&#xD;
}&#xD;
</Message>
        </ErrorInfo>
      </Output>
    </UnitTestResult>
    <UnitTestResult executionId="c2a2c56e-759b-419b-94b7-7f7f30288d72" testId="1fde80d3-d5da-de08-5c88-b4ba41a4d02b" testName="IntentarModificarConCamposVacios" computerName="GABOPC" duration="00:00:00.0670000" startTime="2024-07-10T10:13:52.0643794-05:00" endTime="2024-07-10T10:13:52.1280439-05:00" testType="13cdc9d9-ddb5-4fa4-a97d-d965ccfc6d4b" outcome="NotExecuted" testListId="8c84fa94-04c1-424b-9868-57a2d4851a1d" relativeResultsDirectory="c2a2c56e-759b-419b-94b7-7f7f30288d72">
      <Output>
        <StdOut>Given Estoy en la página de registro de pacientes&#xD;
-&gt; done: RegistroPacienteSteps.GivenEstoyEnLaPaginaDeRegistroDePacientes() (0.0s)&#xD;
And tengo un paciente registrado con DNI "12345678"&#xD;
-&gt; done: RegistroPacienteSteps.GivenTengoUnPacienteRegistradoConDNI("12345678") (0.0s)&#xD;
When dejo el campo de nombre vacío&#xD;
-&gt; No matching step definition found for the step. Use the following code to create one:&#xD;
        [When(@"dejo el campo de nombre vacío")]&#xD;
        public void WhenDejoElCampoDeNombreVacio()&#xD;
        {&#xD;
            _scenarioContext.Pending();&#xD;
        }&#xD;
&#xD;
And presiono el botón modificar&#xD;
-&gt; skipped because of previous errors&#xD;
Then debería ver un mensaje de error sobre campos vacíos&#xD;
-&gt; skipped because of previous errors&#xD;
&#xD;
No matching step definition found for one or more steps.&#xD;
using System;&#xD;
using TechTalk.SpecFlow;&#xD;
&#xD;
namespace MyNamespace&#xD;
{&#xD;
    [Binding]&#xD;
    public class StepDefinitions&#xD;
    {&#xD;
        private readonly ScenarioContext _scenarioContext;&#xD;
&#xD;
        public StepDefinitions(ScenarioContext scenarioContext)&#xD;
        {&#xD;
            _scenarioContext = scenarioContext;&#xD;
        }&#xD;
        [When(@"dejo el campo de nombre vacío")]&#xD;
        public void WhenDejoElCampoDeNombreVacio()&#xD;
        {&#xD;
            _scenarioContext.Pending();&#xD;
        }&#xD;
    }&#xD;
}</StdOut>
        <ErrorInfo>
          <Message>No matching step definition found for one or more steps.&#xD;
using System;&#xD;
using TechTalk.SpecFlow;&#xD;
&#xD;
namespace MyNamespace&#xD;
{&#xD;
    [Binding]&#xD;
    public class StepDefinitions&#xD;
    {&#xD;
        private readonly ScenarioContext _scenarioContext;&#xD;
&#xD;
        public StepDefinitions(ScenarioContext scenarioContext)&#xD;
        {&#xD;
            _scenarioContext = scenarioContext;&#xD;
        }&#xD;
        [When(@"dejo el campo de nombre vacío")]&#xD;
        public void WhenDejoElCampoDeNombreVacio()&#xD;
        {&#xD;
            _scenarioContext.Pending();&#xD;
        }&#xD;
    }&#xD;
}&#xD;
</Message>
        </ErrorInfo>
      </Output>
    </UnitTestResult>
    <UnitTestResult executionId="bc0b6dc0-6f2b-4e9b-af17-33d5d9eab91f" testId="6b7d860c-8942-54de-4592-71d9e37bc604" testName="lblVolver_MouseEnter_ShouldChangeFont" computerName="GABOPC" duration="00:00:00.0070000" startTime="2024-07-10T10:14:46.8468521-05:00" endTime="2024-07-10T10:14:46.8548967-05:00" testType="13cdc9d9-ddb5-4fa4-a97d-d965ccfc6d4b" outcome="Passed" testListId="8c84fa94-04c1-424b-9868-57a2d4851a1d" relativeResultsDirectory="bc0b6dc0-6f2b-4e9b-af17-33d5d9eab91f" />
    <UnitTestResult executionId="7b9a0881-d8ca-4905-843e-c60d298b443f" testId="88dae1ed-9570-cd24-b7d6-ecfcb70af1c1" testName="DescendAPersonalRecord" computerName="GABOPC" duration="00:00:01.3420000" startTime="2024-07-10T10:13:48.9544885-05:00" endTime="2024-07-10T10:13:50.2951014-05:00" testType="13cdc9d9-ddb5-4fa4-a97d-d965ccfc6d4b" outcome="Failed" testListId="8c84fa94-04c1-424b-9868-57a2d4851a1d" relativeResultsDirectory="7b9a0881-d8ca-4905-843e-c60d298b443f">
      <Output>
        <StdOut>Given I have selected a personal record with a user&#xD;
-&gt; done: PERSONALSteps.GivenIHaveSelectedAPersonalRecordWithAUser() (0.0s)&#xD;
When I press the descend button&#xD;
-&gt; done: PERSONALSteps.WhenIPressTheDescendButton() (1.3s)&#xD;
Then the user's status should be updated to 'N'&#xD;
-&gt; error:   Assert.That(cmbEstado.SelectedIndex, Is.EqualTo(2))&#xD;
  Expected: 2&#xD;
  But was:  1&#xD;
 (0.1s)&#xD;
And I should see a success message&#xD;
-&gt; binding error: Ambiguous step definitions found for step 'Then I should see a success message': Proyecto_Final_Blood_Bank:Proyecto_Final_Blood_Bank.Steps.PERSONALSteps.ThenIShouldSeeASuccessMessageForAscend(), Proyecto_Final_Blood_Bank:Proyecto_Final_Blood_Bank.Steps.PERSONALSteps.ThenIShouldSeeASuccessMessageForDescend(), Proyecto_Final_Blood_Bank:Proyecto_Final_Blood_Bank.Steps.RegistrarUsuarioSteps.ThenIShouldSeeASuccessMessage()</StdOut>
        <ErrorInfo>
          <Message>  Assert.That(cmbEstado.SelectedIndex, Is.EqualTo(2))&#xD;
  Expected: 2&#xD;
  But was:  1&#xD;
</Message>
          <StackTrace>   at Proyecto_Final_Blood_Bank.Steps.PERSONALSteps.ThenTheUserSStatusShouldBeUpdatedToN() in C:\Users\gabri\Downloads\ProyectoU2 Version 8\ProyectoFinal\Steps\GestionarUsuario.cs:line 103&#xD;
   at TechTalk.SpecFlow.Bindings.BindingInvoker.InvokeBinding(IBinding binding, IContextManager contextManager, Object[] arguments, ITestTracer testTracer, TimeSpan&amp; duration) in D:\a\1\s\TechTalk.SpecFlow\Bindings\BindingInvoker.cs:line 68&#xD;
   at TechTalk.SpecFlow.Infrastructure.TestExecutionEngine.ExecuteStepMatch(BindingMatch match, Object[] arguments, TimeSpan&amp; duration) in D:\a\1\s\TechTalk.SpecFlow\Infrastructure\TestExecutionEngine.cs:line 567&#xD;
   at TechTalk.SpecFlow.Infrastructure.TestExecutionEngine.ExecuteStep(IContextManager contextManager, StepInstance stepInstance) in D:\a\1\s\TechTalk.SpecFlow\Infrastructure\TestExecutionEngine.cs:line 481&#xD;
   at TechTalk.SpecFlow.Infrastructure.TestExecutionEngine.OnAfterLastStep() in D:\a\1\s\TechTalk.SpecFlow\Infrastructure\TestExecutionEngine.cs:line 234&#xD;
   at Proyecto_Final_Blood_Bank.Features.GestionarUsuarioFeature.ScenarioCleanup()&#xD;
   at Proyecto_Final_Blood_Bank.Features.GestionarUsuarioFeature.DescendAPersonalRecord() in C:\Users\gabri\Downloads\ProyectoU2 Version 8\ProyectoFinal\Features\GestionarUsuario.feature:line 23&#xD;

1)    at Proyecto_Final_Blood_Bank.Steps.PERSONALSteps.ThenTheUserSStatusShouldBeUpdatedToN() in C:\Users\gabri\Downloads\ProyectoU2 Version 8\ProyectoFinal\Steps\GestionarUsuario.cs:line 103&#xD;

</StackTrace>
        </ErrorInfo>
      </Output>
    </UnitTestResult>
    <UnitTestResult executionId="68cbbe10-63c3-45a9-bb87-f1a687013ef2" testId="dee2abab-90f6-12a8-f128-2501fd5015b9" testName="TestBtnLimpiarClick" computerName="GABOPC" duration="00:00:00.7010000" startTime="2024-07-10T10:16:28.6805339-05:00" endTime="2024-07-10T10:16:29.3775273-05:00" testType="13cdc9d9-ddb5-4fa4-a97d-d965ccfc6d4b" outcome="Passed" testListId="8c84fa94-04c1-424b-9868-57a2d4851a1d" relativeResultsDirectory="68cbbe10-63c3-45a9-bb87-f1a687013ef2" />
    <UnitTestResult executionId="283c99e5-471c-470d-be90-7094ad89e0d8" testId="e0b054cf-7ad0-a05d-a373-d1b09583bd3d" testName="TestBtnPersonal_Click" computerName="GABOPC" duration="00:00:00.5660000" startTime="2024-07-10T10:15:29.5203821-05:00" endTime="2024-07-10T10:15:30.0837733-05:00" testType="13cdc9d9-ddb5-4fa4-a97d-d965ccfc6d4b" outcome="Passed" testListId="8c84fa94-04c1-424b-9868-57a2d4851a1d" relativeResultsDirectory="283c99e5-471c-470d-be90-7094ad89e0d8" />
    <UnitTestResult executionId="51bd19e1-f95c-44ae-9b1b-a1cdb9837065" testId="0c939d6e-9de9-ac4b-2f6f-5620f18333ca" testName="TestBtnRegistrarClick" computerName="GABOPC" duration="00:00:01.4020000" startTime="2024-07-10T10:16:30.1223651-05:00" endTime="2024-07-10T10:16:31.5298225-05:00" testType="13cdc9d9-ddb5-4fa4-a97d-d965ccfc6d4b" outcome="Failed" testListId="8c84fa94-04c1-424b-9868-57a2d4851a1d" relativeResultsDirectory="51bd19e1-f95c-44ae-9b1b-a1cdb9837065">
      <Output>
        <ErrorInfo>
          <Message>System.Data.SqlClient.SqlException : A network-related or instance-specific error occurred while establishing a connection to SQL Server. The server was not found or was not accessible. Verify that the instance name is correct and that SQL Server is configured to allow remote connections. (provider: Named Pipes Provider, error: 40 - Could not open a connection to SQL Server)&#xD;
Data:&#xD;
  HelpLink.ProdName: Microsoft SQL Server&#xD;
  HelpLink.EvtSrc: MSSQLServer&#xD;
  HelpLink.EvtID: 2&#xD;
  HelpLink.BaseHelpUrl: http://go.microsoft.com/fwlink&#xD;
  HelpLink.LinkId: 20476&#xD;
  ----&gt; System.ComponentModel.Win32Exception : The system cannot find the file specified</Message>
          <StackTrace>   at System.Data.ProviderBase.DbConnectionPool.TryGetConnection(DbConnection owningObject, UInt32 waitForMultipleObjectsTimeout, Boolean allowCreate, Boolean onlyOneCheckConnection, DbConnectionOptions userOptions, DbConnectionInternal&amp; connection)&#xD;
   at System.Data.ProviderBase.DbConnectionPool.TryGetConnection(DbConnection owningObject, TaskCompletionSource`1 retry, DbConnectionOptions userOptions, DbConnectionInternal&amp; connection)&#xD;
   at System.Data.ProviderBase.DbConnectionFactory.TryGetConnection(DbConnection owningConnection, TaskCompletionSource`1 retry, DbConnectionOptions userOptions, DbConnectionInternal oldConnection, DbConnectionInternal&amp; connection)&#xD;
   at System.Data.ProviderBase.DbConnectionInternal.TryOpenConnectionInternal(DbConnection outerConnection, DbConnectionFactory connectionFactory, TaskCompletionSource`1 retry, DbConnectionOptions userOptions)&#xD;
   at System.Data.SqlClient.SqlConnection.TryOpenInner(TaskCompletionSource`1 retry)&#xD;
   at System.Data.SqlClient.SqlConnection.TryOpen(TaskCompletionSource`1 retry)&#xD;
   at System.Data.SqlClient.SqlConnection.Open()&#xD;
   at ProyectoFinalBloodBankTests.RegistroPacienteTests.TestBtnRegistrarClick() in C:\Users\gabri\Downloads\ProyectoU2 Version 8\ProyectoFinal\RegistroPacienteTest.cs:line 56&#xD;
--Win32Exception&#xD;

</StackTrace>
        </ErrorInfo>
      </Output>
    </UnitTestResult>
    <UnitTestResult executionId="3a6747c2-1e45-4590-811f-ffc6d28ce58d" testId="5f0bde42-7329-b146-d296-01818e148b70" testName="TestCargarGrilla2" computerName="GABOPC" duration="00:00:00.7200000" startTime="2024-07-10T10:14:56.4872433-05:00" endTime="2024-07-10T10:14:57.2068343-05:00" testType="13cdc9d9-ddb5-4fa4-a97d-d965ccfc6d4b" outcome="Failed" testListId="8c84fa94-04c1-424b-9868-57a2d4851a1d" relativeResultsDirectory="3a6747c2-1e45-4590-811f-ffc6d28ce58d">
      <Output>
        <ErrorInfo>
          <Message>System.Data.SqlClient.SqlException : A network-related or instance-specific error occurred while establishing a connection to SQL Server. The server was not found or was not accessible. Verify that the instance name is correct and that SQL Server is configured to allow remote connections. (provider: Named Pipes Provider, error: 40 - Could not open a connection to SQL Server)&#xD;
Data:&#xD;
  HelpLink.ProdName: Microsoft SQL Server&#xD;
  HelpLink.EvtSrc: MSSQLServer&#xD;
  HelpLink.EvtID: 2&#xD;
  HelpLink.BaseHelpUrl: http://go.microsoft.com/fwlink&#xD;
  HelpLink.LinkId: 20476&#xD;
  ----&gt; System.ComponentModel.Win32Exception : The system cannot find the file specified</Message>
          <StackTrace>   at System.Data.ProviderBase.DbConnectionPool.TryGetConnection(DbConnection owningObject, UInt32 waitForMultipleObjectsTimeout, Boolean allowCreate, Boolean onlyOneCheckConnection, DbConnectionOptions userOptions, DbConnectionInternal&amp; connection)&#xD;
   at System.Data.ProviderBase.DbConnectionPool.TryGetConnection(DbConnection owningObject, TaskCompletionSource`1 retry, DbConnectionOptions userOptions, DbConnectionInternal&amp; connection)&#xD;
   at System.Data.ProviderBase.DbConnectionFactory.TryGetConnection(DbConnection owningConnection, TaskCompletionSource`1 retry, DbConnectionOptions userOptions, DbConnectionInternal oldConnection, DbConnectionInternal&amp; connection)&#xD;
   at System.Data.ProviderBase.DbConnectionInternal.TryOpenConnectionInternal(DbConnection outerConnection, DbConnectionFactory connectionFactory, TaskCompletionSource`1 retry, DbConnectionOptions userOptions)&#xD;
   at System.Data.SqlClient.SqlConnection.TryOpenInner(TaskCompletionSource`1 retry)&#xD;
   at System.Data.SqlClient.SqlConnection.TryOpen(TaskCompletionSource`1 retry)&#xD;
   at System.Data.SqlClient.SqlConnection.Open()&#xD;
   at System.Data.Common.DbDataAdapter.FillInternal(DataSet dataset, DataTable[] datatables, Int32 startRecord, Int32 maxRecords, String srcTable, IDbCommand command, CommandBehavior behavior)&#xD;
   at System.Data.Common.DbDataAdapter.Fill(DataTable[] dataTables, Int32 startRecord, Int32 maxRecords, IDbCommand command, CommandBehavior behavior)&#xD;
   at System.Data.Common.DbDataAdapter.Fill(DataTable dataTable)&#xD;
   at Proyecto_Final_Blood_Bank.BANCO_DE_SANGRE.CargarGrilla2() in C:\Users\gabri\Downloads\ProyectoU2 Version 8\ProyectoFinal\BANCO DE SANGRE.cs:line 56&#xD;
   at Proyecto_Final_Blood_Bank.Tests.BancodeSangreTest.TestCargarGrilla2() in C:\Users\gabri\Downloads\ProyectoU2 Version 8\ProyectoFinal\BancodeSangreTest.cs:line 46&#xD;
--Win32Exception&#xD;

</StackTrace>
        </ErrorInfo>
      </Output>
    </UnitTestResult>
    <UnitTestResult executionId="9a1d8ffd-5105-495e-acad-14955213a7d5" testId="8bd95a09-6a5c-47e5-c6bf-be30cea24f80" testName="AttemptLogin_ValidUser" computerName="GABOPC" duration="00:00:00.0050000" startTime="2024-07-10T10:14:40.8527480-05:00" endTime="2024-07-10T10:14:40.8527480-05:00" testType="13cdc9d9-ddb5-4fa4-a97d-d965ccfc6d4b" outcome="Passed" testListId="8c84fa94-04c1-424b-9868-57a2d4851a1d" relativeResultsDirectory="9a1d8ffd-5105-495e-acad-14955213a7d5" />
    <UnitTestResult executionId="4ec196e3-953e-4b03-a2ee-45f47b2f6652" testId="88f4e8d4-06c3-fcb6-61a5-615ca551863f" testName="InvalidUsernameOrPassword" computerName="GABOPC" duration="00:00:00.2360000" startTime="2024-07-10T10:13:51.6151014-05:00" endTime="2024-07-10T10:13:51.8481688-05:00" testType="13cdc9d9-ddb5-4fa4-a97d-d965ccfc6d4b" outcome="Failed" testListId="8c84fa94-04c1-424b-9868-57a2d4851a1d" relativeResultsDirectory="4ec196e3-953e-4b03-a2ee-45f47b2f6652">
      <Output>
        <StdOut>Given I am on the login page&#xD;
-&gt; done: LoginSteps.GivenIAmOnTheLoginPage() (0.0s)&#xD;
And I enter an invalid username "nonexistinguser"&#xD;
-&gt; binding error: Ambiguous step definitions found for step 'Given I enter an invalid username "nonexistinguser"': Proyecto_Final_Blood_Bank:Proyecto_Final_Blood_Bank.Steps.GestionarNotificacionesSteps.GivenIEnterAnInvalidUsername(String), Proyecto_Final_Blood_Bank:Proyecto_Final_Blood_Bank.Steps.LoginSteps.GivenIEnterAnInvalidUsername(String)&#xD;
And I enter an invalid password "invalidpassword"&#xD;
-&gt; binding error: Ambiguous step definitions found for step 'Given I enter an invalid password "invalidpassword"': Proyecto_Final_Blood_Bank:Proyecto_Final_Blood_Bank.Steps.GestionarNotificacionesSteps.GivenIEnterAnInvalidPassword(String), Proyecto_Final_Blood_Bank:Proyecto_Final_Blood_Bank.Steps.LoginSteps.GivenIEnterAnInvalidPassword(String)&#xD;
When I click the login button&#xD;
-&gt; binding error: Ambiguous step definitions found for step 'When I click the login button': Proyecto_Final_Blood_Bank:Proyecto_Final_Blood_Bank.Steps.GestionarNotificacionesSteps.WhenIClickTheLoginButton(), Proyecto_Final_Blood_Bank:Proyecto_Final_Blood_Bank.Steps.LoginSteps.WhenIClickTheLoginButton()&#xD;
Then I should see an error message about invalid credentials&#xD;
-&gt; skipped because of previous errors</StdOut>
        <ErrorInfo>
          <Message>TechTalk.SpecFlow.BindingException : Ambiguous step definitions found for step 'Given I enter an invalid username "nonexistinguser"': Proyecto_Final_Blood_Bank:Proyecto_Final_Blood_Bank.Steps.GestionarNotificacionesSteps.GivenIEnterAnInvalidUsername(String), Proyecto_Final_Blood_Bank:Proyecto_Final_Blood_Bank.Steps.LoginSteps.GivenIEnterAnInvalidUsername(String)</Message>
          <StackTrace>   at TechTalk.SpecFlow.Infrastructure.TestExecutionEngine.GetStepMatch(StepInstance stepInstance) in D:\a\1\s\TechTalk.SpecFlow\Infrastructure\TestExecutionEngine.cs:line 551&#xD;
   at TechTalk.SpecFlow.Infrastructure.TestExecutionEngine.ExecuteStep(IContextManager contextManager, StepInstance stepInstance) in D:\a\1\s\TechTalk.SpecFlow\Infrastructure\TestExecutionEngine.cs:line 465&#xD;
   at TechTalk.SpecFlow.Infrastructure.TestExecutionEngine.OnAfterLastStep() in D:\a\1\s\TechTalk.SpecFlow\Infrastructure\TestExecutionEngine.cs:line 234&#xD;
   at Proyecto_Final_Blood_Bank.Features.LoginFeature.ScenarioCleanup()&#xD;
   at Proyecto_Final_Blood_Bank.Features.LoginFeature.InvalidUsernameOrPassword() in C:\Users\gabri\Downloads\ProyectoU2 Version 8\ProyectoFinal\Features\Login.feature:line 21
</StackTrace>
        </ErrorInfo>
      </Output>
    </UnitTestResult>
    <UnitTestResult executionId="817da2fd-07d5-430a-804b-52f89b3d8038" testId="4b7715a5-788e-cb4d-41ed-fb06e4dce2b7" testName="TestBtnEliminarClick" computerName="GABOPC" duration="00:00:01.1470000" startTime="2024-07-10T10:16:27.5334097-05:00" endTime="2024-07-10T10:16:28.6805339-05:00" testType="13cdc9d9-ddb5-4fa4-a97d-d965ccfc6d4b" outcome="Failed" testListId="8c84fa94-04c1-424b-9868-57a2d4851a1d" relativeResultsDirectory="817da2fd-07d5-430a-804b-52f89b3d8038">
      <Output>
        <ErrorInfo>
          <Message>System.Data.SqlClient.SqlException : A network-related or instance-specific error occurred while establishing a connection to SQL Server. The server was not found or was not accessible. Verify that the instance name is correct and that SQL Server is configured to allow remote connections. (provider: Named Pipes Provider, error: 40 - Could not open a connection to SQL Server)&#xD;
Data:&#xD;
  HelpLink.ProdName: Microsoft SQL Server&#xD;
  HelpLink.EvtSrc: MSSQLServer&#xD;
  HelpLink.EvtID: 2&#xD;
  HelpLink.BaseHelpUrl: http://go.microsoft.com/fwlink&#xD;
  HelpLink.LinkId: 20476&#xD;
  ----&gt; System.ComponentModel.Win32Exception : The system cannot find the file specified</Message>
          <StackTrace>   at System.Data.ProviderBase.DbConnectionPool.TryGetConnection(DbConnection owningObject, UInt32 waitForMultipleObjectsTimeout, Boolean allowCreate, Boolean onlyOneCheckConnection, DbConnectionOptions userOptions, DbConnectionInternal&amp; connection)&#xD;
   at System.Data.ProviderBase.DbConnectionPool.TryGetConnection(DbConnection owningObject, TaskCompletionSource`1 retry, DbConnectionOptions userOptions, DbConnectionInternal&amp; connection)&#xD;
   at System.Data.ProviderBase.DbConnectionFactory.TryGetConnection(DbConnection owningConnection, TaskCompletionSource`1 retry, DbConnectionOptions userOptions, DbConnectionInternal oldConnection, DbConnectionInternal&amp; connection)&#xD;
   at System.Data.ProviderBase.DbConnectionInternal.TryOpenConnectionInternal(DbConnection outerConnection, DbConnectionFactory connectionFactory, TaskCompletionSource`1 retry, DbConnectionOptions userOptions)&#xD;
   at System.Data.SqlClient.SqlConnection.TryOpenInner(TaskCompletionSource`1 retry)&#xD;
   at System.Data.SqlClient.SqlConnection.TryOpen(TaskCompletionSource`1 retry)&#xD;
   at System.Data.SqlClient.SqlConnection.Open()&#xD;
   at Proyecto_Final_Blood_Bank.REGISTRO_PACIENTE.btnEliminar_Click(Object sender, EventArgs e) in C:\Users\gabri\Downloads\ProyectoU2 Version 8\ProyectoFinal\REGISTRO_PACIENTE.cs:line 250&#xD;
   at ProyectoFinalBloodBankTests.RegistroPacienteTests.TestBtnEliminarClick() in C:\Users\gabri\Downloads\ProyectoU2 Version 8\ProyectoFinal\RegistroPacienteTest.cs:line 80&#xD;
--Win32Exception&#xD;

</StackTrace>
        </ErrorInfo>
      </Output>
    </UnitTestResult>
    <UnitTestResult executionId="43a2a629-56d5-457a-ba44-6f6b631ce567" testId="cd2fb66c-441c-4718-206a-96da2b0da7f8" testName="TestOnMouseEnter" computerName="GABOPC" duration="00:00:00.7460000" startTime="2024-07-10T10:16:33.7972150-05:00" endTime="2024-07-10T10:16:34.5402366-05:00" testType="13cdc9d9-ddb5-4fa4-a97d-d965ccfc6d4b" outcome="Passed" testListId="8c84fa94-04c1-424b-9868-57a2d4851a1d" relativeResultsDirectory="43a2a629-56d5-457a-ba44-6f6b631ce567" />
    <UnitTestResult executionId="4a1c0041-98a7-4828-8c69-c64d9eed6abc" testId="2c87e828-9e26-0557-eb93-9b7ff1364f59" testName="btnBanco_Click_ShowsBancoDeSangreForm" computerName="GABOPC" duration="00:00:01.1260000" startTime="2024-07-10T10:15:18.8097517-05:00" endTime="2024-07-10T10:15:19.9373442-05:00" testType="13cdc9d9-ddb5-4fa4-a97d-d965ccfc6d4b" outcome="Passed" testListId="8c84fa94-04c1-424b-9868-57a2d4851a1d" relativeResultsDirectory="4a1c0041-98a7-4828-8c69-c64d9eed6abc" />
    <UnitTestResult executionId="eb264c9b-5b14-4ce3-9b8a-879a7d234b35" testId="0ab92d0b-b77e-d1ce-955a-ea4e3a0fef6a" testName="RegistrarDonante_ShouldInsertNewDonante" computerName="GABOPC" duration="00:00:00.0150000" startTime="2024-07-10T10:14:46.9035549-05:00" endTime="2024-07-10T10:14:46.9197008-05:00" testType="13cdc9d9-ddb5-4fa4-a97d-d965ccfc6d4b" outcome="Failed" testListId="8c84fa94-04c1-424b-9868-57a2d4851a1d" relativeResultsDirectory="eb264c9b-5b14-4ce3-9b8a-879a7d234b35">
      <Output>
        <ErrorInfo>
          <Message>System.Data.SqlClient.SqlException : A network-related or instance-specific error occurred while establishing a connection to SQL Server. The server was not found or was not accessible. Verify that the instance name is correct and that SQL Server is configured to allow remote connections. (provider: Named Pipes Provider, error: 40 - Could not open a connection to SQL Server)&#xD;
Data:&#xD;
  HelpLink.ProdName: Microsoft SQL Server&#xD;
  HelpLink.EvtSrc: MSSQLServer&#xD;
  HelpLink.EvtID: 2&#xD;
  HelpLink.BaseHelpUrl: http://go.microsoft.com/fwlink&#xD;
  HelpLink.LinkId: 20476&#xD;
  ----&gt; System.ComponentModel.Win32Exception : The system cannot find the file specified</Message>
          <StackTrace>   at System.Data.ProviderBase.DbConnectionPool.TryGetConnection(DbConnection owningObject, UInt32 waitForMultipleObjectsTimeout, Boolean allowCreate, Boolean onlyOneCheckConnection, DbConnectionOptions userOptions, DbConnectionInternal&amp; connection)&#xD;
   at System.Data.ProviderBase.DbConnectionPool.TryGetConnection(DbConnection owningObject, TaskCompletionSource`1 retry, DbConnectionOptions userOptions, DbConnectionInternal&amp; connection)&#xD;
   at System.Data.ProviderBase.DbConnectionFactory.TryGetConnection(DbConnection owningConnection, TaskCompletionSource`1 retry, DbConnectionOptions userOptions, DbConnectionInternal oldConnection, DbConnectionInternal&amp; connection)&#xD;
   at System.Data.ProviderBase.DbConnectionInternal.TryOpenConnectionInternal(DbConnection outerConnection, DbConnectionFactory connectionFactory, TaskCompletionSource`1 retry, DbConnectionOptions userOptions)&#xD;
   at System.Data.SqlClient.SqlConnection.TryOpenInner(TaskCompletionSource`1 retry)&#xD;
   at System.Data.SqlClient.SqlConnection.TryOpen(TaskCompletionSource`1 retry)&#xD;
   at System.Data.SqlClient.SqlConnection.Open()&#xD;
   at Proyecto_Final_Blood_Bank.RegistroDonantes.RegistrarDonante() in C:\Users\gabri\Downloads\ProyectoU2 Version 8\ProyectoFinal\RegistroDonantes.cs:line 231&#xD;
--Win32Exception&#xD;

</StackTrace>
        </ErrorInfo>
      </Output>
    </UnitTestResult>
    <UnitTestResult executionId="8d6e2715-0a28-4fb6-ba7c-6ee8d389c044" testId="83432c25-51cc-9d11-007d-121eb5543829" testName="TestCargarGrilla" computerName="GABOPC" duration="00:00:02.7480000" startTime="2024-07-10T10:14:53.7448324-05:00" endTime="2024-07-10T10:14:56.4872433-05:00" testType="13cdc9d9-ddb5-4fa4-a97d-d965ccfc6d4b" outcome="Failed" testListId="8c84fa94-04c1-424b-9868-57a2d4851a1d" relativeResultsDirectory="8d6e2715-0a28-4fb6-ba7c-6ee8d389c044">
      <Output>
        <ErrorInfo>
          <Message>System.Data.SqlClient.SqlException : A network-related or instance-specific error occurred while establishing a connection to SQL Server. The server was not found or was not accessible. Verify that the instance name is correct and that SQL Server is configured to allow remote connections. (provider: Named Pipes Provider, error: 40 - Could not open a connection to SQL Server)&#xD;
Data:&#xD;
  HelpLink.ProdName: Microsoft SQL Server&#xD;
  HelpLink.EvtSrc: MSSQLServer&#xD;
  HelpLink.EvtID: 2&#xD;
  HelpLink.BaseHelpUrl: http://go.microsoft.com/fwlink&#xD;
  HelpLink.LinkId: 20476&#xD;
  ----&gt; System.ComponentModel.Win32Exception : The system cannot find the file specified</Message>
          <StackTrace>   at System.Data.ProviderBase.DbConnectionPool.TryGetConnection(DbConnection owningObject, UInt32 waitForMultipleObjectsTimeout, Boolean allowCreate, Boolean onlyOneCheckConnection, DbConnectionOptions userOptions, DbConnectionInternal&amp; connection)&#xD;
   at System.Data.ProviderBase.DbConnectionPool.TryGetConnection(DbConnection owningObject, TaskCompletionSource`1 retry, DbConnectionOptions userOptions, DbConnectionInternal&amp; connection)&#xD;
   at System.Data.ProviderBase.DbConnectionFactory.TryGetConnection(DbConnection owningConnection, TaskCompletionSource`1 retry, DbConnectionOptions userOptions, DbConnectionInternal oldConnection, DbConnectionInternal&amp; connection)&#xD;
   at System.Data.ProviderBase.DbConnectionInternal.TryOpenConnectionInternal(DbConnection outerConnection, DbConnectionFactory connectionFactory, TaskCompletionSource`1 retry, DbConnectionOptions userOptions)&#xD;
   at System.Data.SqlClient.SqlConnection.TryOpenInner(TaskCompletionSource`1 retry)&#xD;
   at System.Data.SqlClient.SqlConnection.TryOpen(TaskCompletionSource`1 retry)&#xD;
   at System.Data.SqlClient.SqlConnection.Open()&#xD;
   at System.Data.Common.DbDataAdapter.FillInternal(DataSet dataset, DataTable[] datatables, Int32 startRecord, Int32 maxRecords, String srcTable, IDbCommand command, CommandBehavior behavior)&#xD;
   at System.Data.Common.DbDataAdapter.Fill(DataTable[] dataTables, Int32 startRecord, Int32 maxRecords, IDbCommand command, CommandBehavior behavior)&#xD;
   at System.Data.Common.DbDataAdapter.Fill(DataTable dataTable)&#xD;
   at Proyecto_Final_Blood_Bank.BANCO_DE_SANGRE.CargarGrilla() in C:\Users\gabri\Downloads\ProyectoU2 Version 8\ProyectoFinal\BANCO DE SANGRE.cs:line 41&#xD;
   at Proyecto_Final_Blood_Bank.Tests.BancodeSangreTest.TestCargarGrilla() in C:\Users\gabri\Downloads\ProyectoU2 Version 8\ProyectoFinal\BancodeSangreTest.cs:line 34&#xD;
--Win32Exception&#xD;

</StackTrace>
        </ErrorInfo>
      </Output>
    </UnitTestResult>
    <UnitTestResult executionId="30305b18-63f2-49fb-a368-4fded0abb798" testId="d3b8f434-d0e2-1a12-6742-54629270a961" testName="TestButton1Click_SubirEstado" computerName="GABOPC" duration="00:00:04.4390000" startTime="2024-07-10T10:15:31.2299750-05:00" endTime="2024-07-10T10:15:35.6677369-05:00" testType="13cdc9d9-ddb5-4fa4-a97d-d965ccfc6d4b" outcome="Failed" testListId="8c84fa94-04c1-424b-9868-57a2d4851a1d" relativeResultsDirectory="30305b18-63f2-49fb-a368-4fded0abb798">
      <Output>
        <ErrorInfo>
          <Message>System.Data.SqlClient.SqlException : A network-related or instance-specific error occurred while establishing a connection to SQL Server. The server was not found or was not accessible. Verify that the instance name is correct and that SQL Server is configured to allow remote connections. (provider: Named Pipes Provider, error: 40 - Could not open a connection to SQL Server)&#xD;
Data:&#xD;
  HelpLink.ProdName: Microsoft SQL Server&#xD;
  HelpLink.EvtSrc: MSSQLServer&#xD;
  HelpLink.EvtID: 2&#xD;
  HelpLink.BaseHelpUrl: http://go.microsoft.com/fwlink&#xD;
  HelpLink.LinkId: 20476&#xD;
  ----&gt; System.ComponentModel.Win32Exception : The system cannot find the file specified</Message>
          <StackTrace>   at System.Data.ProviderBase.DbConnectionPool.TryGetConnection(DbConnection owningObject, UInt32 waitForMultipleObjectsTimeout, Boolean allowCreate, Boolean onlyOneCheckConnection, DbConnectionOptions userOptions, DbConnectionInternal&amp; connection)&#xD;
   at System.Data.ProviderBase.DbConnectionPool.TryGetConnection(DbConnection owningObject, TaskCompletionSource`1 retry, DbConnectionOptions userOptions, DbConnectionInternal&amp; connection)&#xD;
   at System.Data.ProviderBase.DbConnectionFactory.TryGetConnection(DbConnection owningConnection, TaskCompletionSource`1 retry, DbConnectionOptions userOptions, DbConnectionInternal oldConnection, DbConnectionInternal&amp; connection)&#xD;
   at System.Data.ProviderBase.DbConnectionInternal.TryOpenConnectionInternal(DbConnection outerConnection, DbConnectionFactory connectionFactory, TaskCompletionSource`1 retry, DbConnectionOptions userOptions)&#xD;
   at System.Data.SqlClient.SqlConnection.TryOpenInner(TaskCompletionSource`1 retry)&#xD;
   at System.Data.SqlClient.SqlConnection.TryOpen(TaskCompletionSource`1 retry)&#xD;
   at System.Data.SqlClient.SqlConnection.Open()&#xD;
   at Proyecto_Final_Blood_Bank.Tests.PersonalTest.ObtenerEstadoUsuarioDesdeBD(String usuario) in C:\Users\gabri\Downloads\ProyectoU2 Version 8\ProyectoFinal\PersonalTest.cs:line 77&#xD;
   at Proyecto_Final_Blood_Bank.Tests.PersonalTest.TestButton1Click_SubirEstado() in C:\Users\gabri\Downloads\ProyectoU2 Version 8\ProyectoFinal\PersonalTest.cs:line 53&#xD;
--Win32Exception&#xD;

</StackTrace>
        </ErrorInfo>
      </Output>
    </UnitTestResult>
    <UnitTestResult executionId="eef7a931-d3b5-4217-9e77-f8b81fd5db75" testId="67c2bab7-ded8-bad7-6345-bd77c97c9cff" testName="TestResize" computerName="GABOPC" duration="00:00:00.3030000" startTime="2024-07-10T10:15:18.5054675-05:00" endTime="2024-07-10T10:15:18.8097517-05:00" testType="13cdc9d9-ddb5-4fa4-a97d-d965ccfc6d4b" outcome="Passed" testListId="8c84fa94-04c1-424b-9868-57a2d4851a1d" relativeResultsDirectory="eef7a931-d3b5-4217-9e77-f8b81fd5db75" />
    <UnitTestResult executionId="cd7f659e-5381-4630-aa0a-b7520bbc7b95" testId="cacef927-f238-6a6b-cde2-7e695873e6fa" testName="TestLogOut_Click" computerName="GABOPC" duration="00:00:00.3070000" startTime="2024-07-10T10:15:17.6328287-05:00" endTime="2024-07-10T10:15:17.9430337-05:00" testType="13cdc9d9-ddb5-4fa4-a97d-d965ccfc6d4b" outcome="Passed" testListId="8c84fa94-04c1-424b-9868-57a2d4851a1d" relativeResultsDirectory="cd7f659e-5381-4630-aa0a-b7520bbc7b95" />
    <UnitTestResult executionId="51c69a2d-9323-4d3d-8bd6-bf8ddb7f9048" testId="94e91adc-c5e4-d737-2018-cdf253c67c21" testName="ActualizarBancoDeSangre_ShouldUpdateBancoDeSangre" computerName="GABOPC" duration="00:00:00.0540000" startTime="2024-07-10T10:14:46.7568545-05:00" endTime="2024-07-10T10:14:46.8057703-05:00" testType="13cdc9d9-ddb5-4fa4-a97d-d965ccfc6d4b" outcome="Failed" testListId="8c84fa94-04c1-424b-9868-57a2d4851a1d" relativeResultsDirectory="51c69a2d-9323-4d3d-8bd6-bf8ddb7f9048">
      <Output>
        <ErrorInfo>
          <Message>System.Data.SqlClient.SqlException : A network-related or instance-specific error occurred while establishing a connection to SQL Server. The server was not found or was not accessible. Verify that the instance name is correct and that SQL Server is configured to allow remote connections. (provider: Named Pipes Provider, error: 40 - Could not open a connection to SQL Server)&#xD;
Data:&#xD;
  HelpLink.ProdName: Microsoft SQL Server&#xD;
  HelpLink.EvtSrc: MSSQLServer&#xD;
  HelpLink.EvtID: 2&#xD;
  HelpLink.BaseHelpUrl: http://go.microsoft.com/fwlink&#xD;
  HelpLink.LinkId: 20476&#xD;
  ----&gt; System.ComponentModel.Win32Exception : The system cannot find the file specified</Message>
          <StackTrace>   at System.Data.ProviderBase.DbConnectionPool.TryGetConnection(DbConnection owningObject, UInt32 waitForMultipleObjectsTimeout, Boolean allowCreate, Boolean onlyOneCheckConnection, DbConnectionOptions userOptions, DbConnectionInternal&amp; connection)&#xD;
   at System.Data.ProviderBase.DbConnectionPool.TryGetConnection(DbConnection owningObject, TaskCompletionSource`1 retry, DbConnectionOptions userOptions, DbConnectionInternal&amp; connection)&#xD;
   at System.Data.ProviderBase.DbConnectionFactory.TryGetConnection(DbConnection owningConnection, TaskCompletionSource`1 retry, DbConnectionOptions userOptions, DbConnectionInternal oldConnection, DbConnectionInternal&amp; connection)&#xD;
   at System.Data.ProviderBase.DbConnectionInternal.TryOpenConnectionInternal(DbConnection outerConnection, DbConnectionFactory connectionFactory, TaskCompletionSource`1 retry, DbConnectionOptions userOptions)&#xD;
   at System.Data.SqlClient.SqlConnection.TryOpenInner(TaskCompletionSource`1 retry)&#xD;
   at System.Data.SqlClient.SqlConnection.TryOpen(TaskCompletionSource`1 retry)&#xD;
   at System.Data.SqlClient.SqlConnection.Open()&#xD;
   at Proyecto_Final_Blood_Bank.RegistroDonantes.ActualizarBancoDeSangre() in C:\Users\gabri\Downloads\ProyectoU2 Version 8\ProyectoFinal\RegistroDonantes.cs:line 253&#xD;
--Win32Exception&#xD;

</StackTrace>
        </ErrorInfo>
      </Output>
    </UnitTestResult>
    <UnitTestResult executionId="5d2ebc2b-6f09-4c99-ab7d-990c2ca935cb" testId="11514c13-e5e5-28ae-b105-6befca1180a9" testName="Register_ConnectionError_ShowsErrorMessage" computerName="GABOPC" duration="00:00:00.0290000" startTime="2024-07-10T10:16:26.3771188-05:00" endTime="2024-07-10T10:16:26.4092781-05:00" testType="13cdc9d9-ddb5-4fa4-a97d-d965ccfc6d4b" outcome="Failed" testListId="8c84fa94-04c1-424b-9868-57a2d4851a1d" relativeResultsDirectory="5d2ebc2b-6f09-4c99-ab7d-990c2ca935cb">
      <Output>
        <ErrorInfo>
          <Message>System.Data.SqlClient.SqlException : A network-related or instance-specific error occurred while establishing a connection to SQL Server. The server was not found or was not accessible. Verify that the instance name is correct and that SQL Server is configured to allow remote connections. (provider: Named Pipes Provider, error: 40 - Could not open a connection to SQL Server)&#xD;
Data:&#xD;
  HelpLink.ProdName: Microsoft SQL Server&#xD;
  HelpLink.EvtSrc: MSSQLServer&#xD;
  HelpLink.EvtID: 2&#xD;
  HelpLink.BaseHelpUrl: http://go.microsoft.com/fwlink&#xD;
  HelpLink.LinkId: 20476&#xD;
  ----&gt; System.ComponentModel.Win32Exception : The system cannot find the file specified</Message>
          <StackTrace>   at System.Data.ProviderBase.DbConnectionPool.TryGetConnection(DbConnection owningObject, UInt32 waitForMultipleObjectsTimeout, Boolean allowCreate, Boolean onlyOneCheckConnection, DbConnectionOptions userOptions, DbConnectionInternal&amp; connection)&#xD;
   at System.Data.ProviderBase.DbConnectionPool.TryGetConnection(DbConnection owningObject, TaskCompletionSource`1 retry, DbConnectionOptions userOptions, DbConnectionInternal&amp; connection)&#xD;
   at System.Data.ProviderBase.DbConnectionFactory.TryGetConnection(DbConnection owningConnection, TaskCompletionSource`1 retry, DbConnectionOptions userOptions, DbConnectionInternal oldConnection, DbConnectionInternal&amp; connection)&#xD;
   at System.Data.ProviderBase.DbConnectionInternal.TryOpenConnectionInternal(DbConnection outerConnection, DbConnectionFactory connectionFactory, TaskCompletionSource`1 retry, DbConnectionOptions userOptions)&#xD;
   at System.Data.SqlClient.SqlConnection.TryOpenInner(TaskCompletionSource`1 retry)&#xD;
   at System.Data.SqlClient.SqlConnection.TryOpen(TaskCompletionSource`1 retry)&#xD;
   at System.Data.SqlClient.SqlConnection.Open()&#xD;
   at Proyecto_Final_Blood_Bank.REGISTRARSE.UserExists(String username) in C:\Users\gabri\Downloads\ProyectoU2 Version 8\ProyectoFinal\REGISTRARSE.cs:line 360&#xD;
   at Proyecto_Final_Blood_Bank.REGISTRARSE.Register_Click(Object sender, EventArgs e) in C:\Users\gabri\Downloads\ProyectoU2 Version 8\ProyectoFinal\REGISTRARSE.cs:line 338&#xD;
   at Proyecto_Final_Blood_Bank.Tests.RegistrarseTests.Register_ConnectionError_ShowsErrorMessage() in C:\Users\gabri\Downloads\ProyectoU2 Version 8\ProyectoFinal\RegistrarseTest.cs:line 58&#xD;
--Win32Exception&#xD;

</StackTrace>
        </ErrorInfo>
      </Output>
    </UnitTestResult>
    <UnitTestResult executionId="e53cd129-5165-4a3a-9d6d-9ab8740157a1" testId="af3c6ea1-0cdf-ad3a-9af2-aea440482d0a" testName="Register_UsernameIsEmpty_ShowsErrorMessage" computerName="GABOPC" duration="00:00:00.0200000" startTime="2024-07-10T10:16:27.5012424-05:00" endTime="2024-07-10T10:16:27.5224548-05:00" testType="13cdc9d9-ddb5-4fa4-a97d-d965ccfc6d4b" outcome="Failed" testListId="8c84fa94-04c1-424b-9868-57a2d4851a1d" relativeResultsDirectory="e53cd129-5165-4a3a-9d6d-9ab8740157a1">
      <Output>
        <ErrorInfo>
          <Message>System.Data.SqlClient.SqlException : A network-related or instance-specific error occurred while establishing a connection to SQL Server. The server was not found or was not accessible. Verify that the instance name is correct and that SQL Server is configured to allow remote connections. (provider: Named Pipes Provider, error: 40 - Could not open a connection to SQL Server)&#xD;
Data:&#xD;
  HelpLink.ProdName: Microsoft SQL Server&#xD;
  HelpLink.EvtSrc: MSSQLServer&#xD;
  HelpLink.EvtID: 2&#xD;
  HelpLink.BaseHelpUrl: http://go.microsoft.com/fwlink&#xD;
  HelpLink.LinkId: 20476&#xD;
  ----&gt; System.ComponentModel.Win32Exception : The system cannot find the file specified</Message>
          <StackTrace>   at System.Data.ProviderBase.DbConnectionPool.TryGetConnection(DbConnection owningObject, UInt32 waitForMultipleObjectsTimeout, Boolean allowCreate, Boolean onlyOneCheckConnection, DbConnectionOptions userOptions, DbConnectionInternal&amp; connection)&#xD;
   at System.Data.ProviderBase.DbConnectionPool.TryGetConnection(DbConnection owningObject, TaskCompletionSource`1 retry, DbConnectionOptions userOptions, DbConnectionInternal&amp; connection)&#xD;
   at System.Data.ProviderBase.DbConnectionFactory.TryGetConnection(DbConnection owningConnection, TaskCompletionSource`1 retry, DbConnectionOptions userOptions, DbConnectionInternal oldConnection, DbConnectionInternal&amp; connection)&#xD;
   at System.Data.ProviderBase.DbConnectionInternal.TryOpenConnectionInternal(DbConnection outerConnection, DbConnectionFactory connectionFactory, TaskCompletionSource`1 retry, DbConnectionOptions userOptions)&#xD;
   at System.Data.SqlClient.SqlConnection.TryOpenInner(TaskCompletionSource`1 retry)&#xD;
   at System.Data.SqlClient.SqlConnection.TryOpen(TaskCompletionSource`1 retry)&#xD;
   at System.Data.SqlClient.SqlConnection.Open()&#xD;
   at Proyecto_Final_Blood_Bank.REGISTRARSE.UserExists(String username) in C:\Users\gabri\Downloads\ProyectoU2 Version 8\ProyectoFinal\REGISTRARSE.cs:line 360&#xD;
   at Proyecto_Final_Blood_Bank.REGISTRARSE.Register_Click(Object sender, EventArgs e) in C:\Users\gabri\Downloads\ProyectoU2 Version 8\ProyectoFinal\REGISTRARSE.cs:line 338&#xD;
   at Proyecto_Final_Blood_Bank.Tests.RegistrarseTests.Register_UsernameIsEmpty_ShowsErrorMessage() in C:\Users\gabri\Downloads\ProyectoU2 Version 8\ProyectoFinal\RegistrarseTest.cs:line 81&#xD;
--Win32Exception&#xD;

</StackTrace>
        </ErrorInfo>
      </Output>
    </UnitTestResult>
    <UnitTestResult executionId="961e66ba-67e8-4b8f-a5c6-eae78a3205a3" testId="76008a15-c5d4-1426-a911-e31abce823d7" testName="TestOnMouseLeave" computerName="GABOPC" duration="00:00:00.5380000" startTime="2024-07-10T10:16:34.5402366-05:00" endTime="2024-07-10T10:16:35.0770304-05:00" testType="13cdc9d9-ddb5-4fa4-a97d-d965ccfc6d4b" outcome="Passed" testListId="8c84fa94-04c1-424b-9868-57a2d4851a1d" relativeResultsDirectory="961e66ba-67e8-4b8f-a5c6-eae78a3205a3" />
    <UnitTestResult executionId="c80264d3-7d97-4787-9bbb-a690128b5926" testId="3dff672f-e62b-2ff5-221d-e436abb7ff4a" testName="TestLogOut_Click" computerName="GABOPC" duration="00:00:00.3110000" startTime="2024-07-10T10:15:30.0837733-05:00" endTime="2024-07-10T10:15:30.3968843-05:00" testType="13cdc9d9-ddb5-4fa4-a97d-d965ccfc6d4b" outcome="Passed" testListId="8c84fa94-04c1-424b-9868-57a2d4851a1d" relativeResultsDirectory="c80264d3-7d97-4787-9bbb-a690128b5926" />
    <UnitTestResult executionId="921ec144-fbb3-42e4-9236-d1538adb4c07" testId="12cfab53-109e-d806-614a-eaf2ddaa3590" testName="SuccessfulLogin" computerName="GABOPC" duration="00:00:00.2050000" startTime="2024-07-10T10:13:51.8481688-05:00" endTime="2024-07-10T10:13:52.0563654-05:00" testType="13cdc9d9-ddb5-4fa4-a97d-d965ccfc6d4b" outcome="Failed" testListId="8c84fa94-04c1-424b-9868-57a2d4851a1d" relativeResultsDirectory="921ec144-fbb3-42e4-9236-d1538adb4c07">
      <Output>
        <StdOut>Given I am on the login page&#xD;
-&gt; done: LoginSteps.GivenIAmOnTheLoginPage() (0.0s)&#xD;
And I enter my username "existinguser"&#xD;
-&gt; done: LoginSteps.GivenIEnterMyUsername(""existinguser"") (0.0s)&#xD;
And I enter my password "password"&#xD;
-&gt; done: LoginSteps.GivenIEnterMyPassword(""password"") (0.0s)&#xD;
When I click the login button&#xD;
-&gt; binding error: Ambiguous step definitions found for step 'When I click the login button': Proyecto_Final_Blood_Bank:Proyecto_Final_Blood_Bank.Steps.GestionarNotificacionesSteps.WhenIClickTheLoginButton(), Proyecto_Final_Blood_Bank:Proyecto_Final_Blood_Bank.Steps.LoginSteps.WhenIClickTheLoginButton()&#xD;
Then I should be redirected to the options page&#xD;
-&gt; skipped because of previous errors</StdOut>
        <ErrorInfo>
          <Message>TechTalk.SpecFlow.BindingException : Ambiguous step definitions found for step 'When I click the login button': Proyecto_Final_Blood_Bank:Proyecto_Final_Blood_Bank.Steps.GestionarNotificacionesSteps.WhenIClickTheLoginButton(), Proyecto_Final_Blood_Bank:Proyecto_Final_Blood_Bank.Steps.LoginSteps.WhenIClickTheLoginButton()</Message>
          <StackTrace>   at TechTalk.SpecFlow.Infrastructure.TestExecutionEngine.GetStepMatch(StepInstance stepInstance) in D:\a\1\s\TechTalk.SpecFlow\Infrastructure\TestExecutionEngine.cs:line 551&#xD;
   at TechTalk.SpecFlow.Infrastructure.TestExecutionEngine.ExecuteStep(IContextManager contextManager, StepInstance stepInstance) in D:\a\1\s\TechTalk.SpecFlow\Infrastructure\TestExecutionEngine.cs:line 465&#xD;
   at TechTalk.SpecFlow.Infrastructure.TestExecutionEngine.OnAfterLastStep() in D:\a\1\s\TechTalk.SpecFlow\Infrastructure\TestExecutionEngine.cs:line 234&#xD;
   at Proyecto_Final_Blood_Bank.Features.LoginFeature.ScenarioCleanup()&#xD;
   at Proyecto_Final_Blood_Bank.Features.LoginFeature.SuccessfulLogin() in C:\Users\gabri\Downloads\ProyectoU2 Version 8\ProyectoFinal\Features\Login.feature:line 13
</StackTrace>
        </ErrorInfo>
      </Output>
    </UnitTestResult>
    <UnitTestResult executionId="a02f9a83-611e-406d-8639-3db5c7a3f3ac" testId="ebc03438-7822-4def-cb9b-2c19d00460de" testName="HandleSuccessfulLogin_ShowsCorrectForm" computerName="GABOPC" duration="00:00:00.1170000" startTime="2024-07-10T10:14:46.6390503-05:00" endTime="2024-07-10T10:14:46.7568545-05:00" testType="13cdc9d9-ddb5-4fa4-a97d-d965ccfc6d4b" outcome="Passed" testListId="8c84fa94-04c1-424b-9868-57a2d4851a1d" relativeResultsDirectory="a02f9a83-611e-406d-8639-3db5c7a3f3ac" />
    <UnitTestResult executionId="30994534-20a9-47a2-9361-17de3060b580" testId="47038133-8662-644f-cb67-488ad0632ad4" testName="lblVolver_MouseLeave_ShouldResetFont" computerName="GABOPC" duration="00:00:00.0070000" startTime="2024-07-10T10:14:46.8548967-05:00" endTime="2024-07-10T10:14:46.8631997-05:00" testType="13cdc9d9-ddb5-4fa4-a97d-d965ccfc6d4b" outcome="Passed" testListId="8c84fa94-04c1-424b-9868-57a2d4851a1d" relativeResultsDirectory="30994534-20a9-47a2-9361-17de3060b580" />
    <UnitTestResult executionId="1fc73d69-14b1-4bcc-90f8-cbd7c32f74ee" testId="db5cabce-5704-d988-b3cf-c15fea2aa752" testName="TestCargarDatosChartStock" computerName="GABOPC" duration="00:00:15.4820000" startTime="2024-07-10T10:15:00.1202829-05:00" endTime="2024-07-10T10:15:15.5988014-05:00" testType="13cdc9d9-ddb5-4fa4-a97d-d965ccfc6d4b" outcome="Failed" testListId="8c84fa94-04c1-424b-9868-57a2d4851a1d" relativeResultsDirectory="1fc73d69-14b1-4bcc-90f8-cbd7c32f74ee">
      <Output>
        <ErrorInfo>
          <Message>System.Data.SqlClient.SqlException : A network-related or instance-specific error occurred while establishing a connection to SQL Server. The server was not found or was not accessible. Verify that the instance name is correct and that SQL Server is configured to allow remote connections. (provider: Named Pipes Provider, error: 40 - Could not open a connection to SQL Server)&#xD;
Data:&#xD;
  HelpLink.ProdName: Microsoft SQL Server&#xD;
  HelpLink.EvtSrc: MSSQLServer&#xD;
  HelpLink.EvtID: 2&#xD;
  HelpLink.BaseHelpUrl: http://go.microsoft.com/fwlink&#xD;
  HelpLink.LinkId: 20476&#xD;
  ----&gt; System.ComponentModel.Win32Exception : The system cannot find the file specified</Message>
          <StackTrace>   at System.Data.SqlClient.SqlInternalConnectionTds..ctor(DbConnectionPoolIdentity identity, SqlConnectionString connectionOptions, SqlCredential credential, Object providerInfo, String newPassword, SecureString newSecurePassword, Boolean redirectedUserInstance, SqlConnectionString userConnectionOptions, SessionData reconnectSessionData, DbConnectionPool pool, String accessToken, Boolean applyTransientFaultHandling, SqlAuthenticationProviderManager sqlAuthProviderManager)&#xD;
   at System.Data.SqlClient.SqlConnectionFactory.CreateConnection(DbConnectionOptions options, DbConnectionPoolKey poolKey, Object poolGroupProviderInfo, DbConnectionPool pool, DbConnection owningConnection, DbConnectionOptions userOptions)&#xD;
   at System.Data.ProviderBase.DbConnectionFactory.CreatePooledConnection(DbConnectionPool pool, DbConnection owningObject, DbConnectionOptions options, DbConnectionPoolKey poolKey, DbConnectionOptions userOptions)&#xD;
   at System.Data.ProviderBase.DbConnectionPool.CreateObject(DbConnection owningObject, DbConnectionOptions userOptions, DbConnectionInternal oldConnection)&#xD;
   at System.Data.ProviderBase.DbConnectionPool.UserCreateRequest(DbConnection owningObject, DbConnectionOptions userOptions, DbConnectionInternal oldConnection)&#xD;
   at System.Data.ProviderBase.DbConnectionPool.TryGetConnection(DbConnection owningObject, UInt32 waitForMultipleObjectsTimeout, Boolean allowCreate, Boolean onlyOneCheckConnection, DbConnectionOptions userOptions, DbConnectionInternal&amp; connection)&#xD;
   at System.Data.ProviderBase.DbConnectionPool.TryGetConnection(DbConnection owningObject, TaskCompletionSource`1 retry, DbConnectionOptions userOptions, DbConnectionInternal&amp; connection)&#xD;
   at System.Data.ProviderBase.DbConnectionFactory.TryGetConnection(DbConnection owningConnection, TaskCompletionSource`1 retry, DbConnectionOptions userOptions, DbConnectionInternal oldConnection, DbConnectionInternal&amp; connection)&#xD;
   at System.Data.ProviderBase.DbConnectionInternal.TryOpenConnectionInternal(DbConnection outerConnection, DbConnectionFactory connectionFactory, TaskCompletionSource`1 retry, DbConnectionOptions userOptions)&#xD;
   at System.Data.SqlClient.SqlConnection.TryOpenInner(TaskCompletionSource`1 retry)&#xD;
   at System.Data.SqlClient.SqlConnection.TryOpen(TaskCompletionSource`1 retry)&#xD;
   at System.Data.SqlClient.SqlConnection.Open()&#xD;
   at Proyecto_Final_Blood_Bank.INFORME.INFORME_Load(Object sender, EventArgs e) in C:\Users\gabri\Downloads\ProyectoU2 Version 8\ProyectoFinal\INFORME.cs:line 41&#xD;
   at Proyecto_Final_Blood_Bank.Tests.InformeTest.TestCargarDatosChartStock() in C:\Users\gabri\Downloads\ProyectoU2 Version 8\ProyectoFinal\InformeTest.cs:line 24&#xD;
--Win32Exception&#xD;

</StackTrace>
        </ErrorInfo>
      </Output>
    </UnitTestResult>
    <UnitTestResult executionId="13902217-46ce-4743-b733-f71156a2265c" testId="139aa4f4-458f-8485-97c2-ff7868421cb0" testName="IntentarModificarConDNIIncorrecto" computerName="GABOPC" duration="00:00:00.0530000" startTime="2024-07-10T10:13:52.1280439-05:00" endTime="2024-07-10T10:13:52.1841906-05:00" testType="13cdc9d9-ddb5-4fa4-a97d-d965ccfc6d4b" outcome="NotExecuted" testListId="8c84fa94-04c1-424b-9868-57a2d4851a1d" relativeResultsDirectory="13902217-46ce-4743-b733-f71156a2265c">
      <Output>
        <StdOut>Given Estoy en la página de registro de pacientes&#xD;
-&gt; done: RegistroPacienteSteps.GivenEstoyEnLaPaginaDeRegistroDePacientes() (0.0s)&#xD;
And tengo un paciente registrado con DNI "12345678"&#xD;
-&gt; done: RegistroPacienteSteps.GivenTengoUnPacienteRegistradoConDNI("12345678") (0.0s)&#xD;
When modifico el DNI a "87654321"&#xD;
-&gt; No matching step definition found for the step. Use the following code to create one:&#xD;
        [When(@"modifico el DNI a ""(.*)""")]&#xD;
        public void WhenModificoElDNIA(string p0)&#xD;
        {&#xD;
            _scenarioContext.Pending();&#xD;
        }&#xD;
&#xD;
And presiono el botón modificar&#xD;
-&gt; skipped because of previous errors&#xD;
Then debería ver un mensaje de error sobre DNI incorrecto&#xD;
-&gt; skipped because of previous errors&#xD;
&#xD;
No matching step definition found for one or more steps.&#xD;
using System;&#xD;
using TechTalk.SpecFlow;&#xD;
&#xD;
namespace MyNamespace&#xD;
{&#xD;
    [Binding]&#xD;
    public class StepDefinitions&#xD;
    {&#xD;
        private readonly ScenarioContext _scenarioContext;&#xD;
&#xD;
        public StepDefinitions(ScenarioContext scenarioContext)&#xD;
        {&#xD;
            _scenarioContext = scenarioContext;&#xD;
        }&#xD;
        [When(@"modifico el DNI a ""(.*)""")]&#xD;
        public void WhenModificoElDNIA(string p0)&#xD;
        {&#xD;
            _scenarioContext.Pending();&#xD;
        }&#xD;
    }&#xD;
}</StdOut>
        <ErrorInfo>
          <Message>No matching step definition found for one or more steps.&#xD;
using System;&#xD;
using TechTalk.SpecFlow;&#xD;
&#xD;
namespace MyNamespace&#xD;
{&#xD;
    [Binding]&#xD;
    public class StepDefinitions&#xD;
    {&#xD;
        private readonly ScenarioContext _scenarioContext;&#xD;
&#xD;
        public StepDefinitions(ScenarioContext scenarioContext)&#xD;
        {&#xD;
            _scenarioContext = scenarioContext;&#xD;
        }&#xD;
        [When(@"modifico el DNI a ""(.*)""")]&#xD;
        public void WhenModificoElDNIA(string p0)&#xD;
        {&#xD;
            _scenarioContext.Pending();&#xD;
        }&#xD;
    }&#xD;
}&#xD;
</Message>
        </ErrorInfo>
      </Output>
    </UnitTestResult>
    <UnitTestResult executionId="320d5fc4-e2b8-4a07-ac27-a58a5ef43e35" testId="32c87d8a-17ae-818c-2e8e-927a640dbb00" testName="TestHoraTick" computerName="GABOPC" duration="00:00:00.8150000" startTime="2024-07-10T10:16:32.3125872-05:00" endTime="2024-07-10T10:16:33.1255065-05:00" testType="13cdc9d9-ddb5-4fa4-a97d-d965ccfc6d4b" outcome="Passed" testListId="8c84fa94-04c1-424b-9868-57a2d4851a1d" relativeResultsDirectory="320d5fc4-e2b8-4a07-ac27-a58a5ef43e35" />
    <UnitTestResult executionId="86d0b4c1-6f52-4209-8bbf-c4c24e0d135a" testId="e8dd1aeb-a347-7017-5ba7-00b52a605c6a" testName="btnDonantes_Click_ShowsRegistroDonantesForm" computerName="GABOPC" duration="00:00:00.3720000" startTime="2024-07-10T10:15:19.9373442-05:00" endTime="2024-07-10T10:15:20.3107701-05:00" testType="13cdc9d9-ddb5-4fa4-a97d-d965ccfc6d4b" outcome="Passed" testListId="8c84fa94-04c1-424b-9868-57a2d4851a1d" relativeResultsDirectory="86d0b4c1-6f52-4209-8bbf-c4c24e0d135a" />
    <UnitTestResult executionId="edd535ee-9a5a-4490-9222-aa9b37b14a88" testId="d070b4b4-11ed-e04f-8906-39e492f1f8ab" testName="TestButton1Click" computerName="GABOPC" duration="00:00:05.8300000" startTime="2024-07-10T10:14:47.9030873-05:00" endTime="2024-07-10T10:14:53.7287913-05:00" testType="13cdc9d9-ddb5-4fa4-a97d-d965ccfc6d4b" outcome="Passed" testListId="8c84fa94-04c1-424b-9868-57a2d4851a1d" relativeResultsDirectory="edd535ee-9a5a-4490-9222-aa9b37b14a88" />
    <UnitTestResult executionId="20f2795b-38ab-4498-84d8-06d7741af83e" testId="19fafc84-5946-4f8f-57be-b6a0cf894433" testName="Register_PasswordIsEmpty_ShowsErrorMessage" computerName="GABOPC" duration="00:00:00.5730000" startTime="2024-07-10T10:16:26.4092781-05:00" endTime="2024-07-10T10:16:26.9807359-05:00" testType="13cdc9d9-ddb5-4fa4-a97d-d965ccfc6d4b" outcome="Passed" testListId="8c84fa94-04c1-424b-9868-57a2d4851a1d" relativeResultsDirectory="20f2795b-38ab-4498-84d8-06d7741af83e" />
    <UnitTestResult executionId="7341a25e-8cdd-4bcf-af03-ed4643f65b5d" testId="06552473-9a84-5fe0-523f-ce84e8aab9c3" testName="btnLogin_Click_AttemptLogin_Fails" computerName="GABOPC" duration="00:00:03.2280000" startTime="2024-07-10T10:14:40.8527480-05:00" endTime="2024-07-10T10:14:44.0860474-05:00" testType="13cdc9d9-ddb5-4fa4-a97d-d965ccfc6d4b" outcome="Passed" testListId="8c84fa94-04c1-424b-9868-57a2d4851a1d" relativeResultsDirectory="7341a25e-8cdd-4bcf-af03-ed4643f65b5d" />
    <UnitTestResult executionId="a2fe7e3f-3dcd-45ea-bb09-91c2ceff64a9" testId="dba698c9-dece-cf59-083f-3a95f0796f96" testName="TestOnMouseEnter" computerName="GABOPC" duration="00:00:00.2150000" startTime="2024-07-10T10:15:30.3968843-05:00" endTime="2024-07-10T10:15:30.6139484-05:00" testType="13cdc9d9-ddb5-4fa4-a97d-d965ccfc6d4b" outcome="Passed" testListId="8c84fa94-04c1-424b-9868-57a2d4851a1d" relativeResultsDirectory="a2fe7e3f-3dcd-45ea-bb09-91c2ceff64a9" />
    <UnitTestResult executionId="6b4ebe90-e19c-41ae-815d-81cc1aca81d0" testId="fcffcf13-1020-5d8b-9dff-167edfd71137" testName="TestBANCO_DE_SANGRE_Load" computerName="GABOPC" duration="00:00:00.9350000" startTime="2024-07-10T10:14:46.9688395-05:00" endTime="2024-07-10T10:14:47.9030873-05:00" testType="13cdc9d9-ddb5-4fa4-a97d-d965ccfc6d4b" outcome="Failed" testListId="8c84fa94-04c1-424b-9868-57a2d4851a1d" relativeResultsDirectory="6b4ebe90-e19c-41ae-815d-81cc1aca81d0">
      <Output>
        <ErrorInfo>
          <Message>System.Data.SqlClient.SqlException : A network-related or instance-specific error occurred while establishing a connection to SQL Server. The server was not found or was not accessible. Verify that the instance name is correct and that SQL Server is configured to allow remote connections. (provider: Named Pipes Provider, error: 40 - Could not open a connection to SQL Server)&#xD;
Data:&#xD;
  HelpLink.ProdName: Microsoft SQL Server&#xD;
  HelpLink.EvtSrc: MSSQLServer&#xD;
  HelpLink.EvtID: 2&#xD;
  HelpLink.BaseHelpUrl: http://go.microsoft.com/fwlink&#xD;
  HelpLink.LinkId: 20476&#xD;
  ----&gt; System.ComponentModel.Win32Exception : The system cannot find the file specified</Message>
          <StackTrace>   at System.Data.ProviderBase.DbConnectionPool.TryGetConnection(DbConnection owningObject, UInt32 waitForMultipleObjectsTimeout, Boolean allowCreate, Boolean onlyOneCheckConnection, DbConnectionOptions userOptions, DbConnectionInternal&amp; connection)&#xD;
   at System.Data.ProviderBase.DbConnectionPool.TryGetConnection(DbConnection owningObject, TaskCompletionSource`1 retry, DbConnectionOptions userOptions, DbConnectionInternal&amp; connection)&#xD;
   at System.Data.ProviderBase.DbConnectionFactory.TryGetConnection(DbConnection owningConnection, TaskCompletionSource`1 retry, DbConnectionOptions userOptions, DbConnectionInternal oldConnection, DbConnectionInternal&amp; connection)&#xD;
   at System.Data.ProviderBase.DbConnectionInternal.TryOpenConnectionInternal(DbConnection outerConnection, DbConnectionFactory connectionFactory, TaskCompletionSource`1 retry, DbConnectionOptions userOptions)&#xD;
   at System.Data.SqlClient.SqlConnection.TryOpenInner(TaskCompletionSource`1 retry)&#xD;
   at System.Data.SqlClient.SqlConnection.TryOpen(TaskCompletionSource`1 retry)&#xD;
   at System.Data.SqlClient.SqlConnection.Open()&#xD;
   at System.Data.Common.DbDataAdapter.FillInternal(DataSet dataset, DataTable[] datatables, Int32 startRecord, Int32 maxRecords, String srcTable, IDbCommand command, CommandBehavior behavior)&#xD;
   at System.Data.Common.DbDataAdapter.Fill(DataTable[] dataTables, Int32 startRecord, Int32 maxRecords, IDbCommand command, CommandBehavior behavior)&#xD;
   at System.Data.Common.DbDataAdapter.Fill(DataTable dataTable)&#xD;
   at Proyecto_Final_Blood_Bank.BANCO_DE_SANGRE.CargarGrilla() in C:\Users\gabri\Downloads\ProyectoU2 Version 8\ProyectoFinal\BANCO DE SANGRE.cs:line 41&#xD;
   at Proyecto_Final_Blood_Bank.BANCO_DE_SANGRE.BANCO_DE_SANGRE_Load(Object sender, EventArgs e) in C:\Users\gabri\Downloads\ProyectoU2 Version 8\ProyectoFinal\BANCO DE SANGRE.cs:line 169&#xD;
   at Proyecto_Final_Blood_Bank.Tests.BancodeSangreTest.TestBANCO_DE_SANGRE_Load() in C:\Users\gabri\Downloads\ProyectoU2 Version 8\ProyectoFinal\BancodeSangreTest.cs:line 27&#xD;
--Win32Exception&#xD;

</StackTrace>
        </ErrorInfo>
      </Output>
    </UnitTestResult>
    <UnitTestResult executionId="a3b52262-d60e-4fb4-99fd-f2bd62da900c" testId="8b6d7d55-7b97-1d7e-fc7a-d60689efde24" testName="FailedLoginNotification" computerName="GABOPC" duration="00:00:00.3680000" startTime="2024-07-10T10:13:31.8823311-05:00" endTime="2024-07-10T10:13:32.2542284-05:00" testType="13cdc9d9-ddb5-4fa4-a97d-d965ccfc6d4b" outcome="Failed" testListId="8c84fa94-04c1-424b-9868-57a2d4851a1d" relativeResultsDirectory="a3b52262-d60e-4fb4-99fd-f2bd62da900c">
      <Output>
        <StdOut>Given I enter an invalid username "invaliduser"&#xD;
-&gt; binding error: Ambiguous step definitions found for step 'Given I enter an invalid username "invaliduser"': Proyecto_Final_Blood_Bank:Proyecto_Final_Blood_Bank.Steps.GestionarNotificacionesSteps.GivenIEnterAnInvalidUsername(String), Proyecto_Final_Blood_Bank:Proyecto_Final_Blood_Bank.Steps.LoginSteps.GivenIEnterAnInvalidUsername(String)&#xD;
And I enter an invalid password "invalidpassword"&#xD;
-&gt; binding error: Ambiguous step definitions found for step 'Given I enter an invalid password "invalidpassword"': Proyecto_Final_Blood_Bank:Proyecto_Final_Blood_Bank.Steps.GestionarNotificacionesSteps.GivenIEnterAnInvalidPassword(String), Proyecto_Final_Blood_Bank:Proyecto_Final_Blood_Bank.Steps.LoginSteps.GivenIEnterAnInvalidPassword(String)&#xD;
When I click the login button&#xD;
-&gt; binding error: Ambiguous step definitions found for step 'When I click the login button': Proyecto_Final_Blood_Bank:Proyecto_Final_Blood_Bank.Steps.GestionarNotificacionesSteps.WhenIClickTheLoginButton(), Proyecto_Final_Blood_Bank:Proyecto_Final_Blood_Bank.Steps.LoginSteps.WhenIClickTheLoginButton()&#xD;
Then I should see an error message&#xD;
-&gt; skipped because of previous errors</StdOut>
        <ErrorInfo>
          <Message>TechTalk.SpecFlow.BindingException : Ambiguous step definitions found for step 'Given I enter an invalid username "invaliduser"': Proyecto_Final_Blood_Bank:Proyecto_Final_Blood_Bank.Steps.GestionarNotificacionesSteps.GivenIEnterAnInvalidUsername(String), Proyecto_Final_Blood_Bank:Proyecto_Final_Blood_Bank.Steps.LoginSteps.GivenIEnterAnInvalidUsername(String)</Message>
          <StackTrace>   at TechTalk.SpecFlow.Infrastructure.TestExecutionEngine.GetStepMatch(StepInstance stepInstance) in D:\a\1\s\TechTalk.SpecFlow\Infrastructure\TestExecutionEngine.cs:line 551&#xD;
   at TechTalk.SpecFlow.Infrastructure.TestExecutionEngine.ExecuteStep(IContextManager contextManager, StepInstance stepInstance) in D:\a\1\s\TechTalk.SpecFlow\Infrastructure\TestExecutionEngine.cs:line 465&#xD;
   at TechTalk.SpecFlow.Infrastructure.TestExecutionEngine.OnAfterLastStep() in D:\a\1\s\TechTalk.SpecFlow\Infrastructure\TestExecutionEngine.cs:line 234&#xD;
   at Proyecto_Final_Blood_Bank.Features.GestionarNotificacionesFeature.ScenarioCleanup()&#xD;
   at Proyecto_Final_Blood_Bank.Features.GestionarNotificacionesFeature.FailedLoginNotification() in C:\Users\gabri\Downloads\ProyectoU2 Version 8\ProyectoFinal\Features\GestionarNotificaciones.feature:line 17
</StackTrace>
        </ErrorInfo>
      </Output>
    </UnitTestResult>
    <UnitTestResult executionId="c0040859-963a-4638-9765-533c525f61a4" testId="336f8732-182c-33dc-84e0-b268c08e350b" testName="TestOnMouseEnter" computerName="GABOPC" duration="00:00:00.2020000" startTime="2024-07-10T10:15:17.9430337-05:00" endTime="2024-07-10T10:15:18.1447531-05:00" testType="13cdc9d9-ddb5-4fa4-a97d-d965ccfc6d4b" outcome="Passed" testListId="8c84fa94-04c1-424b-9868-57a2d4851a1d" relativeResultsDirectory="c0040859-963a-4638-9765-533c525f61a4" />
    <UnitTestResult executionId="85ae0e2e-ae31-4bbf-ba57-ac1d89894714" testId="754c750c-a52d-5787-d85b-5c197f93ac60" testName="TestBtnModificarClick" computerName="GABOPC" duration="00:00:00.7450000" startTime="2024-07-10T10:16:29.3775273-05:00" endTime="2024-07-10T10:16:30.1223651-05:00" testType="13cdc9d9-ddb5-4fa4-a97d-d965ccfc6d4b" outcome="Failed" testListId="8c84fa94-04c1-424b-9868-57a2d4851a1d" relativeResultsDirectory="85ae0e2e-ae31-4bbf-ba57-ac1d89894714">
      <Output>
        <ErrorInfo>
          <Message>System.Data.SqlClient.SqlException : A network-related or instance-specific error occurred while establishing a connection to SQL Server. The server was not found or was not accessible. Verify that the instance name is correct and that SQL Server is configured to allow remote connections. (provider: Named Pipes Provider, error: 40 - Could not open a connection to SQL Server)&#xD;
Data:&#xD;
  HelpLink.ProdName: Microsoft SQL Server&#xD;
  HelpLink.EvtSrc: MSSQLServer&#xD;
  HelpLink.EvtID: 2&#xD;
  HelpLink.BaseHelpUrl: http://go.microsoft.com/fwlink&#xD;
  HelpLink.LinkId: 20476&#xD;
  ----&gt; System.ComponentModel.Win32Exception : The system cannot find the file specified</Message>
          <StackTrace>   at System.Data.ProviderBase.DbConnectionPool.TryGetConnection(DbConnection owningObject, UInt32 waitForMultipleObjectsTimeout, Boolean allowCreate, Boolean onlyOneCheckConnection, DbConnectionOptions userOptions, DbConnectionInternal&amp; connection)&#xD;
   at System.Data.ProviderBase.DbConnectionPool.TryGetConnection(DbConnection owningObject, TaskCompletionSource`1 retry, DbConnectionOptions userOptions, DbConnectionInternal&amp; connection)&#xD;
   at System.Data.ProviderBase.DbConnectionFactory.TryGetConnection(DbConnection owningConnection, TaskCompletionSource`1 retry, DbConnectionOptions userOptions, DbConnectionInternal oldConnection, DbConnectionInternal&amp; connection)&#xD;
   at System.Data.ProviderBase.DbConnectionInternal.TryOpenConnectionInternal(DbConnection outerConnection, DbConnectionFactory connectionFactory, TaskCompletionSource`1 retry, DbConnectionOptions userOptions)&#xD;
   at System.Data.SqlClient.SqlConnection.TryOpenInner(TaskCompletionSource`1 retry)&#xD;
   at System.Data.SqlClient.SqlConnection.TryOpen(TaskCompletionSource`1 retry)&#xD;
   at System.Data.SqlClient.SqlConnection.Open()&#xD;
   at ProyectoFinalBloodBankTests.RegistroPacienteTests.TestBtnModificarClick() in C:\Users\gabri\Downloads\ProyectoU2 Version 8\ProyectoFinal\RegistroPacienteTest.cs:line 126&#xD;
--Win32Exception&#xD;

</StackTrace>
        </ErrorInfo>
      </Output>
    </UnitTestResult>
    <UnitTestResult executionId="96af8cff-e172-4971-b6fd-2efd14b655f1" testId="9088cc3e-aabd-7c9b-444d-edd8f76936a1" testName="CargarGrilla_ShouldLoadDataIntoGrid" computerName="GABOPC" duration="00:00:00.0150000" startTime="2024-07-10T10:14:46.8057703-05:00" endTime="2024-07-10T10:14:46.8255148-05:00" testType="13cdc9d9-ddb5-4fa4-a97d-d965ccfc6d4b" outcome="Failed" testListId="8c84fa94-04c1-424b-9868-57a2d4851a1d" relativeResultsDirectory="96af8cff-e172-4971-b6fd-2efd14b655f1">
      <Output>
        <ErrorInfo>
          <Message>System.Data.SqlClient.SqlException : A network-related or instance-specific error occurred while establishing a connection to SQL Server. The server was not found or was not accessible. Verify that the instance name is correct and that SQL Server is configured to allow remote connections. (provider: Named Pipes Provider, error: 40 - Could not open a connection to SQL Server)&#xD;
Data:&#xD;
  HelpLink.ProdName: Microsoft SQL Server&#xD;
  HelpLink.EvtSrc: MSSQLServer&#xD;
  HelpLink.EvtID: 2&#xD;
  HelpLink.BaseHelpUrl: http://go.microsoft.com/fwlink&#xD;
  HelpLink.LinkId: 20476&#xD;
  ----&gt; System.ComponentModel.Win32Exception : The system cannot find the file specified</Message>
          <StackTrace>   at System.Data.ProviderBase.DbConnectionPool.TryGetConnection(DbConnection owningObject, UInt32 waitForMultipleObjectsTimeout, Boolean allowCreate, Boolean onlyOneCheckConnection, DbConnectionOptions userOptions, DbConnectionInternal&amp; connection)&#xD;
   at System.Data.ProviderBase.DbConnectionPool.TryGetConnection(DbConnection owningObject, TaskCompletionSource`1 retry, DbConnectionOptions userOptions, DbConnectionInternal&amp; connection)&#xD;
   at System.Data.ProviderBase.DbConnectionFactory.TryGetConnection(DbConnection owningConnection, TaskCompletionSource`1 retry, DbConnectionOptions userOptions, DbConnectionInternal oldConnection, DbConnectionInternal&amp; connection)&#xD;
   at System.Data.ProviderBase.DbConnectionInternal.TryOpenConnectionInternal(DbConnection outerConnection, DbConnectionFactory connectionFactory, TaskCompletionSource`1 retry, DbConnectionOptions userOptions)&#xD;
   at System.Data.SqlClient.SqlConnection.TryOpenInner(TaskCompletionSource`1 retry)&#xD;
   at System.Data.SqlClient.SqlConnection.TryOpen(TaskCompletionSource`1 retry)&#xD;
   at System.Data.SqlClient.SqlConnection.Open()&#xD;
   at System.Data.Common.DbDataAdapter.FillInternal(DataSet dataset, DataTable[] datatables, Int32 startRecord, Int32 maxRecords, String srcTable, IDbCommand command, CommandBehavior behavior)&#xD;
   at System.Data.Common.DbDataAdapter.Fill(DataTable[] dataTables, Int32 startRecord, Int32 maxRecords, IDbCommand command, CommandBehavior behavior)&#xD;
   at System.Data.Common.DbDataAdapter.Fill(DataTable dataTable)&#xD;
   at Proyecto_Final_Blood_Bank.RegistroDonantes.CargarGrilla() in C:\Users\gabri\Downloads\ProyectoU2 Version 8\ProyectoFinal\RegistroDonantes.cs:line 101&#xD;
--Win32Exception&#xD;

</StackTrace>
        </ErrorInfo>
      </Output>
    </UnitTestResult>
    <UnitTestResult executionId="f7facef9-e0a8-4142-9dd3-6b5bdb3d93b0" testId="62f25be4-b38a-87ce-105a-1e14a083939c" testName="Register_ValidUser_CreatesUser" computerName="GABOPC" duration="00:00:00.0090000" startTime="2024-07-10T10:16:27.5224548-05:00" endTime="2024-07-10T10:16:27.5334097-05:00" testType="13cdc9d9-ddb5-4fa4-a97d-d965ccfc6d4b" outcome="Failed" testListId="8c84fa94-04c1-424b-9868-57a2d4851a1d" relativeResultsDirectory="f7facef9-e0a8-4142-9dd3-6b5bdb3d93b0">
      <Output>
        <ErrorInfo>
          <Message>System.Data.SqlClient.SqlException : A network-related or instance-specific error occurred while establishing a connection to SQL Server. The server was not found or was not accessible. Verify that the instance name is correct and that SQL Server is configured to allow remote connections. (provider: Named Pipes Provider, error: 40 - Could not open a connection to SQL Server)&#xD;
Data:&#xD;
  HelpLink.ProdName: Microsoft SQL Server&#xD;
  HelpLink.EvtSrc: MSSQLServer&#xD;
  HelpLink.EvtID: 2&#xD;
  HelpLink.BaseHelpUrl: http://go.microsoft.com/fwlink&#xD;
  HelpLink.LinkId: 20476&#xD;
  ----&gt; System.ComponentModel.Win32Exception : The system cannot find the file specified</Message>
          <StackTrace>   at System.Data.ProviderBase.DbConnectionPool.TryGetConnection(DbConnection owningObject, UInt32 waitForMultipleObjectsTimeout, Boolean allowCreate, Boolean onlyOneCheckConnection, DbConnectionOptions userOptions, DbConnectionInternal&amp; connection)&#xD;
   at System.Data.ProviderBase.DbConnectionPool.TryGetConnection(DbConnection owningObject, TaskCompletionSource`1 retry, DbConnectionOptions userOptions, DbConnectionInternal&amp; connection)&#xD;
   at System.Data.ProviderBase.DbConnectionFactory.TryGetConnection(DbConnection owningConnection, TaskCompletionSource`1 retry, DbConnectionOptions userOptions, DbConnectionInternal oldConnection, DbConnectionInternal&amp; connection)&#xD;
   at System.Data.ProviderBase.DbConnectionInternal.TryOpenConnectionInternal(DbConnection outerConnection, DbConnectionFactory connectionFactory, TaskCompletionSource`1 retry, DbConnectionOptions userOptions)&#xD;
   at System.Data.SqlClient.SqlConnection.TryOpenInner(TaskCompletionSource`1 retry)&#xD;
   at System.Data.SqlClient.SqlConnection.TryOpen(TaskCompletionSource`1 retry)&#xD;
   at System.Data.SqlClient.SqlConnection.Open()&#xD;
   at Proyecto_Final_Blood_Bank.REGISTRARSE.UserExists(String username) in C:\Users\gabri\Downloads\ProyectoU2 Version 8\ProyectoFinal\REGISTRARSE.cs:line 360&#xD;
   at Proyecto_Final_Blood_Bank.REGISTRARSE.Register_Click(Object sender, EventArgs e) in C:\Users\gabri\Downloads\ProyectoU2 Version 8\ProyectoFinal\REGISTRARSE.cs:line 338&#xD;
   at Proyecto_Final_Blood_Bank.Tests.RegistrarseTests.Register_ValidUser_CreatesUser() in C:\Users\gabri\Downloads\ProyectoU2 Version 8\ProyectoFinal\RegistrarseTest.cs:line 50&#xD;
--Win32Exception&#xD;

</StackTrace>
        </ErrorInfo>
      </Output>
    </UnitTestResult>
    <UnitTestResult executionId="86292056-6b38-473b-9edd-2878caa22aa4" testId="6ab3dd6e-2ba3-be25-02bd-1bdd9d54d5b2" testName="TestLabel3Click" computerName="GABOPC" duration="00:00:44.0720000" startTime="2024-07-10T10:15:38.9109589-05:00" endTime="2024-07-10T10:16:22.9879218-05:00" testType="13cdc9d9-ddb5-4fa4-a97d-d965ccfc6d4b" outcome="Failed" testListId="8c84fa94-04c1-424b-9868-57a2d4851a1d" relativeResultsDirectory="86292056-6b38-473b-9edd-2878caa22aa4">
      <Output>
        <ErrorInfo>
          <Message>System.Data.SqlClient.SqlException : A network-related or instance-specific error occurred while establishing a connection to SQL Server. The server was not found or was not accessible. Verify that the instance name is correct and that SQL Server is configured to allow remote connections. (provider: Named Pipes Provider, error: 40 - Could not open a connection to SQL Server)&#xD;
Data:&#xD;
  HelpLink.ProdName: Microsoft SQL Server&#xD;
  HelpLink.EvtSrc: MSSQLServer&#xD;
  HelpLink.EvtID: 2&#xD;
  HelpLink.BaseHelpUrl: http://go.microsoft.com/fwlink&#xD;
  HelpLink.LinkId: 20476&#xD;
  ----&gt; System.ComponentModel.Win32Exception : The system cannot find the file specified</Message>
          <StackTrace>   at System.Data.SqlClient.SqlInternalConnectionTds..ctor(DbConnectionPoolIdentity identity, SqlConnectionString connectionOptions, SqlCredential credential, Object providerInfo, String newPassword, SecureString newSecurePassword, Boolean redirectedUserInstance, SqlConnectionString userConnectionOptions, SessionData reconnectSessionData, DbConnectionPool pool, String accessToken, Boolean applyTransientFaultHandling, SqlAuthenticationProviderManager sqlAuthProviderManager)&#xD;
   at System.Data.SqlClient.SqlConnectionFactory.CreateConnection(DbConnectionOptions options, DbConnectionPoolKey poolKey, Object poolGroupProviderInfo, DbConnectionPool pool, DbConnection owningConnection, DbConnectionOptions userOptions)&#xD;
   at System.Data.ProviderBase.DbConnectionFactory.CreatePooledConnection(DbConnectionPool pool, DbConnection owningObject, DbConnectionOptions options, DbConnectionPoolKey poolKey, DbConnectionOptions userOptions)&#xD;
   at System.Data.ProviderBase.DbConnectionPool.CreateObject(DbConnection owningObject, DbConnectionOptions userOptions, DbConnectionInternal oldConnection)&#xD;
[...]
        {&#xD;
            _scenarioContext = scenarioContext;&#xD;
        }&#xD;
        [When(@"dejo el campo de nombre vacío")]&#xD;
        public void WhenDejoElCampoDeNombreVacio()&#xD;
        {&#xD;
            _scenarioContext.Pending();&#xD;
        }&#xD;
    }&#xD;
}&#xD;
&#xD;
IntentarModificarConDNIIncorrecto: No matching step definition found for one or more steps.&#xD;
using System;&#xD;
using TechTalk.SpecFlow;&#xD;
&#xD;
namespace MyNamespace&#xD;
{&#xD;
    [Binding]&#xD;
    public class StepDefinitions&#xD;
    {&#xD;
        private readonly ScenarioContext _scenarioContext;&#xD;
&#xD;
        public StepDefinitions(ScenarioContext scenarioContext)&#xD;
        {&#xD;
            _scenarioContext = scenarioContext;&#xD;
        }&#xD;
        [When(@"modifico el DNI a ""(.*)""")]&#xD;
        public void WhenModificoElDNIA(string p0)&#xD;
        {&#xD;
            _scenarioContext.Pending();&#xD;
        }&#xD;
    }&#xD;
}&#xD;
&#xD;
ScenarioName: No matching step definition found for one or more steps.&#xD;
using System;&#xD;
using TechTalk.SpecFlow;&#xD;
&#xD;
namespace MyNamespace&#xD;
{&#xD;
    [Binding]&#xD;
    public class StepDefinitions&#xD;
    {&#xD;
        private readonly ScenarioContext _scenarioContext;&#xD;
&#xD;
        public StepDefinitions(ScenarioContext scenarioContext)&#xD;
        {&#xD;
            _scenarioContext = scenarioContext;&#xD;
        }&#xD;
        [Given(@"\[context]")]&#xD;
        public void GivenContext()&#xD;
        {&#xD;
            _scenarioContext.Pending();&#xD;
        }&#xD;
        &#xD;
        [When(@"\[action]")]&#xD;
        public void WhenAction()&#xD;
        {&#xD;
            _scenarioContext.Pending();&#xD;
        }&#xD;
        &#xD;
        [Then(@"\[outcome]")]&#xD;
        public void ThenOutcome()&#xD;
        {&#xD;
            _scenarioContext.Pending();&#xD;
        }&#xD;
    }&#xD;
}&#xD;
&#xD;
OPCIONES_2_Resize_ResizesControls: La función OPCIONES_2_Resize se ejecutó sin lanzar excepciones.&#xD;
NUnit Adapter 4.5.0.0: Test execution complete&#xD;
</StdOut>
    </Output>
    <RunInfos>
      <RunInfo computerName="GABOPC" outcome="Warning" timestamp="2024-07-10T10:13:31.8983381-05:00">
        <Text>Given [context]&#xD;
-&gt; No matching step definition found for the step. Use the following code to create one:&#xD;
        [Given(@"\[context]")]&#xD;
        public void GivenContext()&#xD;
        {&#xD;
            _scenarioContext.Pending();&#xD;
        }&#xD;
&#xD;
When [action]&#xD;
-&gt; No matching step definition found for the step. Use the following code to create one:&#xD;
        [When(@"\[action]")]&#xD;
        public void WhenAction()&#xD;
        {&#xD;
            _scenarioContext.Pending();&#xD;
        }&#xD;
&#xD;
Then [outcome]&#xD;
-&gt; No matching step definition found for the step. Use the following code to create one:&#xD;
        [Then(@"\[outcome]")]&#xD;
        public void ThenOutcome()&#xD;
        {&#xD;
            _scenarioContext.Pending();&#xD;
        }&#xD;
&#xD;
</Text>
      </RunInfo>
      <RunInfo computerName="GABOPC" outcome="Warning" timestamp="2024-07-10T10:13:32.2592501-05:00">
        <Text>Given I enter an invalid username "invaliduser"&#xD;
-&gt; binding error: Ambiguous step definitions found for step 'Given I enter an invalid username "invaliduser"': Proyecto_Final_Blood_Bank:Proyecto_Final_Blood_Bank.Steps.GestionarNotificacionesSteps.GivenIEnterAnInvalidUsername(String), Proyecto_Final_Blood_Bank:Proyecto_Final_Blood_Bank.Steps.LoginSteps.GivenIEnterAnInvalidUsername(String)&#xD;
And I enter an invalid password "invalidpassword"&#xD;
-&gt; binding error: Ambiguous step definitions found for step 'Given I enter an invalid password "invalidpassword"': Proyecto_Final_Blood_Bank:Proyecto_Final_Blood_Bank.Steps.GestionarNotificacionesSteps.GivenIEnterAnInvalidPassword(String), Proyecto_Final_Blood_Bank:Proyecto_Final_Blood_Bank.Steps.LoginSteps.GivenIEnterAnInvalidPassword(String)&#xD;
When I click the login button&#xD;
-&gt; binding error: Ambiguous step definitions found for step 'When I click the login button': Proyecto_Final_Blood_Bank:Proyecto_Final_Blood_Bank.Steps.GestionarNotificacionesSteps.WhenIClickTheLoginButton(), Proyecto_Final_Blood_Bank:Proyecto_Final_Blood_Bank.Steps.LoginSteps.WhenIClickTheLoginButton()&#xD;
Then I should see an error message&#xD;
-&gt; skipped because of previous errors&#xD;
</Text>
      </RunInfo>
      <RunInfo computerName="GABOPC" outcome="Warning" timestamp="2024-07-10T10:13:32.2832851-05:00">
        <Text>Given I enter a valid username "testuser"&#xD;
-&gt; done: GestionarNotificacionesSteps.GivenIEnterAValidUsername(""testuser"") (0.0s)&#xD;
And I enter a valid password "password"&#xD;
-&gt; done: GestionarNotificacionesSteps.GivenIEnterAValidPassword(""password"") (0.0s)&#xD;
When I click the login button&#xD;
-&gt; binding error: Ambiguous step definitions found for step 'When I click the login button': Proyecto_Final_Blood_Bank:Proyecto_Final_Blood_Bank.Steps.GestionarNotificacionesSteps.WhenIClickTheLoginButton(), Proyecto_Final_Blood_Bank:Proyecto_Final_Blood_Bank.Steps.LoginSteps.WhenIClickTheLoginButton()&#xD;
Then I should see the main menu based on my user state&#xD;
-&gt; skipped because of previous errors&#xD;
</Text>
      </RunInfo>
      <RunInfo computerName="GABOPC" outcome="Warning" timestamp="2024-07-10T10:13:32.3473890-05:00">
        <Text>Given [context]&#xD;
-&gt; No matching step definition found for the step. Use the following code to create one:&#xD;
        [Given(@"\[context]")]&#xD;
        public void GivenContext()&#xD;
        {&#xD;
            _scenarioContext.Pending();&#xD;
        }&#xD;
&#xD;
When [action]&#xD;
-&gt; No matching step definition found for the step. Use the following code to create one:&#xD;
        [When(@"\[action]")]&#xD;
        public void WhenAction()&#xD;
        {&#xD;
            _scenarioContext.Pending();&#xD;
        }&#xD;
&#xD;
Then [outcome]&#xD;
-&gt; No matching step definition found for the step. Use the following code to create one:&#xD;
        [Then(@"\[outcome]")]&#xD;
        public void ThenOutcome()&#xD;
        {&#xD;
            _scenarioContext.Pending();&#xD;
        }&#xD;
&#xD;
</Text>
      </RunInfo>
      <RunInfo computerName="GABOPC" outcome="Warning" timestamp="2024-07-10T10:13:48.9544885-05:00">
        <Text>Given I have selected a personal record with a user&#xD;
-&gt; done: PERSONALSteps.GivenIHaveSelectedAPersonalRecordWithAUser() (0.0s)&#xD;
When I press the ascend button&#xD;
-&gt; done: PERSONALSteps.WhenIPressTheAscendButton() (16.5s)&#xD;
Then the user's status should be updated to 'P'&#xD;
-&gt; done: PERSONALSteps.ThenTheUserSStatusShouldBeUpdatedToP() (0.0s)&#xD;
And I should see a success message&#xD;
-&gt; binding error: Ambiguous step definitions found for step 'Then I should see a success message': Proyecto_Final_Blood_Bank:Proyecto_Final_Blood_Bank.Steps.PERSONALSteps.ThenIShouldSeeASuccessMessageForAscend(), Proyecto_Final_Blood_Bank:Proyecto_Final_Blood_Bank.Steps.PERSONALSteps.ThenIShouldSeeASuccessMessageForDescend(), Proyecto_Final_Blood_Bank:Proyecto_Final_Blood_Bank.Steps.RegistrarUsuarioSteps.ThenIShouldSeeASuccessMessage()&#xD;
</Text>
      </RunInfo>
      <RunInfo computerName="GABOPC" outcome="Warning" timestamp="2024-07-10T10:13:50.3019650-05:00">
        <Text>Given I have selected a personal record with a user&#xD;
-&gt; done: PERSONALSteps.GivenIHaveSelectedAPersonalRecordWithAUser() (0.0s)&#xD;
When I press the descend button&#xD;
-&gt; done: PERSONALSteps.WhenIPressTheDescendButton() (1.3s)&#xD;
Then the user's status should be updated to 'N'&#xD;
-&gt; error:   Assert.That(cmbEstado.SelectedIndex, Is.EqualTo(2))&#xD;
  Expected: 2&#xD;
  But was:  1&#xD;
 (0.1s)&#xD;
And I should see a success message&#xD;
-&gt; binding error: Ambiguous step definitions found for step 'Then I should see a success message': Proyecto_Final_Blood_Bank:Proyecto_Final_Blood_Bank.Steps.PERSONALSteps.ThenIShouldSeeASuccessMessageForAscend(), Proyecto_Final_Blood_Bank:Proyecto_Final_Blood_Bank.Steps.PERSONALSteps.ThenIShouldSeeASuccessMessageForDescend(), Proyecto_Final_Blood_Bank:Proyecto_Final_Blood_Bank.Steps.RegistrarUsuarioSteps.ThenIShouldSeeASuccessMessage()&#xD;
</Text>
      </RunInfo>
      <RunInfo computerName="GABOPC" outcome="Warning" timestamp="2024-07-10T10:13:51.3667775-05:00">
        <Text>Given I open the personal form&#xD;
-&gt; done: PERSONALSteps.GivenIOpenThePersonalForm() (1.0s)&#xD;
When the form loads&#xD;
-&gt; error: A network-related or instance-specific error occurred while establishing a connection to SQL Server. The server was not found or was not accessible. Verify that the instance name is correct and that SQL Server is configured to allow remote connections. (provider: Named Pipes Provider, error: 40 - Could not open a connection to SQL Server) (0.0s)&#xD;
Then the personal grid should be filled with data&#xD;
-&gt; skipped because of previous errors&#xD;
</Text>
      </RunInfo>
      <RunInfo computerName="GABOPC" outcome="Warning" timestamp="2024-07-10T10:13:51.6151014-05:00">
        <Text>Given I am on the login page&#xD;
-&gt; done: LoginSteps.GivenIAmOnTheLoginPage() (0.0s)&#xD;
And I leave the username field empty&#xD;
-&gt; done: LoginSteps.GivenILeaveTheUsernameFieldEmpty() (0.0s)&#xD;
And I leave the password field empty&#xD;
-&gt; done: LoginSteps.GivenILeaveThePasswordFieldEmpty() (0.0s)&#xD;
When I click the login button&#xD;
-&gt; binding error: Ambiguous step definitions found for step 'When I click the login button': Proyecto_Final_Blood_Bank:Proyecto_Final_Blood_Bank.Steps.GestionarNotificacionesSteps.WhenIClickTheLoginButton(), Proyecto_Final_Blood_Bank:Proyecto_Final_Blood_Bank.Steps.LoginSteps.WhenIClickTheLoginButton()&#xD;
Then I should see an error message about empty fields&#xD;
-&gt; skipped because of previous errors&#xD;
</Text>
      </RunInfo>
      <RunInfo computerName="GABOPC" outcome="Warning" timestamp="2024-07-10T10:13:51.8481688-05:00">
        <Text>Given I am on the login page&#xD;
-&gt; done: LoginSteps.GivenIAmOnTheLoginPage() (0.0s)&#xD;
And I enter an invalid username "nonexistinguser"&#xD;
-&gt; binding error: Ambiguous step definitions found for step 'Given I enter an invalid username "nonexistinguser"': Proyecto_Final_Blood_Bank:Proyecto_Final_Blood_Bank.Steps.GestionarNotificacionesSteps.GivenIEnterAnInvalidUsername(String), Proyecto_Final_Blood_Bank:Proyecto_Final_Blood_Bank.Steps.LoginSteps.GivenIEnterAnInvalidUsername(String)&#xD;
And I enter an invalid password "invalidpassword"&#xD;
-&gt; binding error: Ambiguous step definitions found for step 'Given I enter an invalid password "invalidpassword"': Proyecto_Final_Blood_Bank:Proyecto_Final_Blood_Bank.Steps.GestionarNotificacionesSteps.GivenIEnterAnInvalidPassword(String), Proyecto_Final_Blood_Bank:Proyecto_Final_Blood_Bank.Steps.LoginSteps.GivenIEnterAnInvalidPassword(String)&#xD;
When I click the login button&#xD;
-&gt; binding error: Ambiguous step definitions found for step 'When I click the login button': Proyecto_Final_Blood_Bank:Proyecto_Final_Blood_Bank.Steps.GestionarNotificacionesSteps.WhenIClickTheLoginButton(), Proyecto_Final_Blood_Bank:Proyecto_Final_Blood_Bank.Steps.LoginSteps.WhenIClickTheLoginButton()&#xD;
Then I should see an error message about invalid credentials&#xD;
-&gt; skipped because of previous errors&#xD;
</Text>
      </RunInfo>
      <RunInfo computerName="GABOPC" outcome="Warning" timestamp="2024-07-10T10:13:52.0563654-05:00">
        <Text>Given I am on the login page&#xD;
-&gt; done: LoginSteps.GivenIAmOnTheLoginPage() (0.0s)&#xD;
And I enter my username "existinguser"&#xD;
-&gt; done: LoginSteps.GivenIEnterMyUsername(""existinguser"") (0.0s)&#xD;
And I enter my password "password"&#xD;
-&gt; done: LoginSteps.GivenIEnterMyPassword(""password"") (0.0s)&#xD;
When I click the login button&#xD;
-&gt; binding error: Ambiguous step definitions found for step 'When I click the login button': Proyecto_Final_Blood_Bank:Proyecto_Final_Blood_Bank.Steps.GestionarNotificacionesSteps.WhenIClickTheLoginButton(), Proyecto_Final_Blood_Bank:Proyecto_Final_Blood_Bank.Steps.LoginSteps.WhenIClickTheLoginButton()&#xD;
Then I should be redirected to the options page&#xD;
-&gt; skipped because of previous errors&#xD;
</Text>
      </RunInfo>
      <RunInfo computerName="GABOPC" outcome="Warning" timestamp="2024-07-10T10:13:52.1280439-05:00">
        <Text>Given Estoy en la página de registro de pacientes&#xD;
-&gt; done: RegistroPacienteSteps.GivenEstoyEnLaPaginaDeRegistroDePacientes() (0.0s)&#xD;
And tengo un paciente registrado con DNI "12345678"&#xD;
-&gt; done: RegistroPacienteSteps.GivenTengoUnPacienteRegistradoConDNI("12345678") (0.0s)&#xD;
When dejo el campo de nombre vacío&#xD;
-&gt; No matching step definition found for the step. Use the following code to create one:&#xD;
        [When(@"dejo el campo de nombre vacío")]&#xD;
        public void WhenDejoElCampoDeNombreVacio()&#xD;
        {&#xD;
            _scenarioContext.Pending();&#xD;
        }&#xD;
&#xD;
And presiono el botón modificar&#xD;
-&gt; skipped because of previous errors&#xD;
Then debería ver un mensaje de error sobre campos vacíos&#xD;
-&gt; skipped because of previous errors&#xD;
</Text>
      </RunInfo>
      <RunInfo computerName="GABOPC" outcome="Warning" timestamp="2024-07-10T10:13:52.1841906-05:00">
        <Text>Given Estoy en la página de registro de pacientes&#xD;
-&gt; done: RegistroPacienteSteps.GivenEstoyEnLaPaginaDeRegistroDePacientes() (0.0s)&#xD;
And tengo un paciente registrado con DNI "12345678"&#xD;
-&gt; done: RegistroPacienteSteps.GivenTengoUnPacienteRegistradoConDNI("12345678") (0.0s)&#xD;
When modifico el DNI a "87654321"&#xD;
-&gt; No matching step definition found for the step. Use the following code to create one:&#xD;
        [When(@"modifico el DNI a ""(.*)""")]&#xD;
        public void WhenModificoElDNIA(string p0)&#xD;
        {&#xD;
            _scenarioContext.Pending();&#xD;
        }&#xD;
&#xD;
And presiono el botón modificar&#xD;
-&gt; skipped because of previous errors&#xD;
Then debería ver un mensaje de error sobre DNI incorrecto&#xD;
-&gt; skipped because of previous errors&#xD;
</Text>
      </RunInfo>
      <RunInfo computerName="GABOPC" outcome="Warning" timestamp="2024-07-10T10:14:08.2210242-05:00">
        <Text>Given Estoy en la página de registro de pacientes&#xD;
-&gt; done: RegistroPacienteSteps.GivenEstoyEnLaPaginaDeRegistroDePacientes() (0.0s)&#xD;
And tengo un paciente registrado con DNI "12345678"&#xD;
-&gt; done: RegistroPacienteSteps.GivenTengoUnPacienteRegistradoConDNI("12345678") (0.0s)&#xD;
When modifico el nombre a "Juan"&#xD;
-&gt; done: RegistroPacienteSteps.WhenModificoElNombreA("Juan") (0.0s)&#xD;
And modifico el apellido a "Pérez"&#xD;
-&gt; done: RegistroPacienteSteps.WhenModificoElApellidoA("Pérez") (0.0s)&#xD;
And modifico la dirección a "Calle Nueva 123"&#xD;
-&gt; done: RegistroPacienteSteps.WhenModificoLaDireccionA("Calle Nueva 123") (0.0s)&#xD;
And modifico el teléfono a "999888777"&#xD;
-&gt; done: RegistroPacienteSteps.WhenModificoElTelefonoA("999888777") (0.0s)&#xD;
And modifico el tipo de sangre a "A"&#xD;
-&gt; done: RegistroPacienteSteps.WhenModificoElTipoDeSangreA("A") (0.0s)&#xD;
And modifico el RH a "+"&#xD;
-&gt; done: RegistroPacienteSteps.WhenModificoElRHA("+") (0.0s)&#xD;
And presiono el botón modificar&#xD;
-&gt; done: RegistroPacienteSteps.WhenPresionoElBotonModificar() (16.0s)&#xD;
Then debería ver un mensaje de confirmación de la modificación&#xD;
-&gt; done: RegistroPacienteSteps.ThenDeberiaVerUnMensajeDeConfirmacionDeLaModificacion() (0.0s)&#xD;
</Text>
      </RunInfo>
      <RunInfo computerName="GABOPC" outcome="Warning" timestamp="2024-07-10T10:14:08.2935058-05:00">
        <Text>Given [context]&#xD;
-&gt; No matching step definition found for the step. Use the following code to create one:&#xD;
        [Given(@"\[context]")]&#xD;
        public void GivenContext()&#xD;
        {&#xD;
            _scenarioContext.Pending();&#xD;
        }&#xD;
&#xD;
When [action]&#xD;
-&gt; No matching step definition found for the step. Use the following code to create one:&#xD;
        [When(@"\[action]")]&#xD;
        public void WhenAction()&#xD;
        {&#xD;
            _scenarioContext.Pending();&#xD;
        }&#xD;
&#xD;
Then [outcome]&#xD;
-&gt; No matching step definition found for the step. Use the following code to create one:&#xD;
        [Then(@"\[outcome]")]&#xD;
        public void ThenOutcome()&#xD;
        {&#xD;
            _scenarioContext.Pending();&#xD;
        }&#xD;
&#xD;
</Text>
      </RunInfo>
      <RunInfo computerName="GABOPC" outcome="Warning" timestamp="2024-07-10T10:14:26.1834695-05:00">
        <Text>Given I enter a new username "newuser"&#xD;
-&gt; done: RegistrarUsuarioSteps.GivenIEnterANewUsername(""newuser"") (0.0s)&#xD;
And I enter a password "password"&#xD;
-&gt; done: RegistrarUsuarioSteps.GivenIEnterAPassword(""password"") (0.0s)&#xD;
And I confirm the password "differentpassword"&#xD;
-&gt; done: RegistrarUsuarioSteps.GivenIConfirmThePassword(""differentpassword"") (0.0s)&#xD;
When I click the register button&#xD;
-&gt; done: RegistrarUsuarioSteps.WhenIClickTheRegisterButton() (17.8s)&#xD;
Then I should see an error message about password mismatch&#xD;
-&gt; error:  (0.0s)&#xD;
</Text>
      </RunInfo>
      <RunInfo computerName="GABOPC" outcome="Warning" timestamp="2024-07-10T10:14:40.7967140-05:00">
        <Text>Given I enter a new username "newuser"&#xD;
-&gt; done: RegistrarUsuarioSteps.GivenIEnterANewUsername(""newuser"") (0.0s)&#xD;
And I enter a password "password"&#xD;
-&gt; done: RegistrarUsuarioSteps.GivenIEnterAPassword(""password"") (0.0s)&#xD;
And I confirm the password "password"&#xD;
-&gt; done: RegistrarUsuarioSteps.GivenIConfirmThePassword(""password"") (0.0s)&#xD;
When I click the register button&#xD;
-&gt; error: A network-related or instance-specific error occurred while establishing a connection to SQL Server. The server was not found or was not accessible. Verify that the instance name is correct and that SQL Server is configured to allow remote connections. (provider: Named Pipes Provider, error: 40 - Could not open a connection to SQL Server) (14.6s)&#xD;
Then I should see a success message&#xD;
-&gt; binding error: Ambiguous step definitions found for step 'Then I should see a success message': Proyecto_Final_Blood_Bank:Proyecto_Final_Blood_Bank.Steps.PERSONALSteps.ThenIShouldSeeASuccessMessageForAscend(), Proyecto_Final_Blood_Bank:Proyecto_Final_Blood_Bank.Steps.PERSONALSteps.ThenIShouldSeeASuccessMessageForDescend(), Proyecto_Final_Blood_Bank:Proyecto_Final_Blood_Bank.Steps.RegistrarUsuarioSteps.ThenIShouldSeeASuccessMessage()&#xD;
</Text>
      </RunInfo>
      <RunInfo computerName="GABOPC" outcome="Warning" timestamp="2024-07-10T10:14:40.8447597-05:00">
        <Text>Given I enter an existing username "existinguser"&#xD;
-&gt; done: RegistrarUsuarioSteps.GivenIEnterAnExistingUsername(""existinguser"") (0.0s)&#xD;
And I enter a password "password"&#xD;
-&gt; done: RegistrarUsuarioSteps.GivenIEnterAPassword(""password"") (0.0s)&#xD;
And I confirm the password "password"&#xD;
-&gt; done: RegistrarUsuarioSteps.GivenIConfirmThePassword(""password"") (0.0s)&#xD;
When I click the register button&#xD;
-&gt; error: A network-related or instance-specific error occurred while establishing a connection to SQL Server. The server was not found or was not accessible. Verify that the instance name is correct and that SQL Server is configured to allow remote connections. (provider: Named Pipes Provider, error: 40 - Could not open a connection to SQL Server) (0.0s)&#xD;
Then I should see an error message about user already existing&#xD;
-&gt; skipped because of previous errors&#xD;
</Text>
      </RunInfo>
    </RunInfos>
  </ResultSummary>
</TestRun>