<?xml version="1.0" encoding="utf-8"?>
<TestRun id="3701f2ce-cd7a-4eb7-83c2-1fc631ddc434" name="GaboPC@GABOPC 2024-07-10 09:59:54" runUser="GABOPC\GaboPC" xmlns="http://microsoft.com/schemas/VisualStudio/TeamTest/2010">
  <Times creation="2024-07-10T09:59:54.7281442-05:00" queuing="2024-07-10T09:59:54.7281442-05:00" start="2024-07-10T09:59:49.6891818-05:00" finish="2024-07-10T10:01:52.3697567-05:00" />
  <TestSettings name="default" id="67b4e326-96b0-4e2d-be57-934d1185b267">
    <Deployment runDeploymentRoot="GaboPC_GABOPC_2024-07-10_09_59_54" />
  </TestSettings>
  <Results>
    <UnitTestResult executionId="48fee949-980f-426d-93ac-734d2ead9f5e" testId="dba698c9-dece-cf59-083f-3a95f0796f96" testName="TestOnMouseEnter" computerName="GABOPC" duration="00:00:00.1230000" startTime="2024-07-10T10:01:12.2070697-05:00" endTime="2024-07-10T10:01:12.3302405-05:00" testType="13cdc9d9-ddb5-4fa4-a97d-d965ccfc6d4b" outcome="Passed" testListId="8c84fa94-04c1-424b-9868-57a2d4851a1d" relativeResultsDirectory="48fee949-980f-426d-93ac-734d2ead9f5e" />
    <UnitTestResult executionId="062681e8-80f0-4e13-b375-347cae41a34e" testId="5f0bde42-7329-b146-d296-01818e148b70" testName="TestCargarGrilla2" computerName="GABOPC" duration="00:00:00.7340000" startTime="2024-07-10T10:00:40.6657305-05:00" endTime="2024-07-10T10:00:41.3997859-05:00" testType="13cdc9d9-ddb5-4fa4-a97d-d965ccfc6d4b" outcome="Failed" testListId="8c84fa94-04c1-424b-9868-57a2d4851a1d" relativeResultsDirectory="062681e8-80f0-4e13-b375-347cae41a34e">
      <Output>
        <ErrorInfo>
          <Message>System.Data.SqlClient.SqlException : A network-related or instance-specific error occurred while establishing a connection to SQL Server. The server was not found or was not accessible. Verify that the instance name is correct and that SQL Server is configured to allow remote connections. (provider: Named Pipes Provider, error: 40 - Could not open a connection to SQL Server)&#xD;
Data:&#xD;
  HelpLink.ProdName: Microsoft SQL Server&#xD;
  HelpLink.EvtSrc: MSSQLServer&#xD;
  HelpLink.EvtID: 2&#xD;
  HelpLink.BaseHelpUrl: http://go.microsoft.com/fwlink&#xD;
  HelpLink.LinkId: 20476&#xD;
  ----&gt; System.ComponentModel.Win32Exception : The system cannot find the file specified</Message>
          <StackTrace>   at System.Data.ProviderBase.DbConnectionPool.TryGetConnection(DbConnection owningObject, UInt32 waitForMultipleObjectsTimeout, Boolean allowCreate, Boolean onlyOneCheckConnection, DbConnectionOptions userOptions, DbConnectionInternal&amp; connection)&#xD;
   at System.Data.ProviderBase.DbConnectionPool.TryGetConnection(DbConnection owningObject, TaskCompletionSource`1 retry, DbConnectionOptions userOptions, DbConnectionInternal&amp; connection)&#xD;
   at System.Data.ProviderBase.DbConnectionFactory.TryGetConnection(DbConnection owningConnection, TaskCompletionSource`1 retry, DbConnectionOptions userOptions, DbConnectionInternal oldConnection, DbConnectionInternal&amp; connection)&#xD;
   at System.Data.ProviderBase.DbConnectionInternal.TryOpenConnectionInternal(DbConnection outerConnection, DbConnectionFactory connectionFactory, TaskCompletionSource`1 retry, DbConnectionOptions userOptions)&#xD;
   at System.Data.SqlClient.SqlConnection.TryOpenInner(TaskCompletionSource`1 retry)&#xD;
   at System.Data.SqlClient.SqlConnection.TryOpen(TaskCompletionSource`1 retry)&#xD;
   at System.Data.SqlClient.SqlConnection.Open()&#xD;
   at System.Data.Common.DbDataAdapter.FillInternal(DataSet dataset, DataTable[] datatables, Int32 startRecord, Int32 maxRecords, String srcTable, IDbCommand command, CommandBehavior behavior)&#xD;
   at System.Data.Common.DbDataAdapter.Fill(DataTable[] dataTables, Int32 startRecord, Int32 maxRecords, IDbCommand command, CommandBehavior behavior)&#xD;
   at System.Data.Common.DbDataAdapter.Fill(DataTable dataTable)&#xD;
   at Proyecto_Final_Blood_Bank.BANCO_DE_SANGRE.CargarGrilla2() in C:\Users\gabri\OneDrive\Imágenes\ProyectoU2 Version 8\ProyectoFinal\BANCO DE SANGRE.cs:line 56&#xD;
   at Proyecto_Final_Blood_Bank.Tests.BancodeSangreTest.TestCargarGrilla2() in C:\Users\gabri\OneDrive\Imágenes\ProyectoU2 Version 8\ProyectoFinal\BancodeSangreTest.cs:line 49&#xD;
--Win32Exception&#xD;

</StackTrace>
        </ErrorInfo>
      </Output>
    </UnitTestResult>
    <UnitTestResult executionId="42ea9e8a-1353-4e36-89bd-1464b9254b99" testId="4047c171-ffe8-d26c-00cb-07a42d135b84" testName="OPCIONES_2_Resize_ResizesControls" computerName="GABOPC" duration="00:00:00.0080000" startTime="2024-07-10T10:01:08.0280394-05:00" endTime="2024-07-10T10:01:08.0357747-05:00" testType="13cdc9d9-ddb5-4fa4-a97d-d965ccfc6d4b" outcome="Passed" testListId="8c84fa94-04c1-424b-9868-57a2d4851a1d" relativeResultsDirectory="42ea9e8a-1353-4e36-89bd-1464b9254b99">
      <Output>
        <StdOut>La función OPCIONES_2_Resize se ejecutó sin lanzar excepciones.</StdOut>
      </Output>
    </UnitTestResult>
    <UnitTestResult executionId="c702894d-277d-4db8-a496-6ed7868c3d24" testId="dee2abab-90f6-12a8-f128-2501fd5015b9" testName="TestBtnLimpiarClick" computerName="GABOPC" duration="00:00:00.7210000" startTime="2024-07-10T10:01:45.8577657-05:00" endTime="2024-07-10T10:01:46.5783572-05:00" testType="13cdc9d9-ddb5-4fa4-a97d-d965ccfc6d4b" outcome="Passed" testListId="8c84fa94-04c1-424b-9868-57a2d4851a1d" relativeResultsDirectory="c702894d-277d-4db8-a496-6ed7868c3d24" />
    <UnitTestResult executionId="79ac30a6-b59a-44cc-b0f3-7567bfc4a7fd" testId="918f4465-cea0-8287-2a8e-04818253dcf9" testName="DonanteExiste_ShouldReturnFalse_WhenDonanteDoesNotExist" computerName="GABOPC" duration="00:00:00.0080000" startTime="2024-07-10T10:00:36.8317563-05:00" endTime="2024-07-10T10:00:36.8401293-05:00" testType="13cdc9d9-ddb5-4fa4-a97d-d965ccfc6d4b" outcome="Failed" testListId="8c84fa94-04c1-424b-9868-57a2d4851a1d" relativeResultsDirectory="79ac30a6-b59a-44cc-b0f3-7567bfc4a7fd">
      <Output>
        <ErrorInfo>
          <Message>System.Data.SqlClient.SqlException : A network-related or instance-specific error occurred while establishing a connection to SQL Server. The server was not found or was not accessible. Verify that the instance name is correct and that SQL Server is configured to allow remote connections. (provider: Named Pipes Provider, error: 40 - Could not open a connection to SQL Server)&#xD;
Data:&#xD;
  HelpLink.ProdName: Microsoft SQL Server&#xD;
  HelpLink.EvtSrc: MSSQLServer&#xD;
  HelpLink.EvtID: 2&#xD;
  HelpLink.BaseHelpUrl: http://go.microsoft.com/fwlink&#xD;
  HelpLink.LinkId: 20476&#xD;
  ----&gt; System.ComponentModel.Win32Exception : The system cannot find the file specified</Message>
          <StackTrace>   at System.Data.ProviderBase.DbConnectionPool.TryGetConnection(DbConnection owningObject, UInt32 waitForMultipleObjectsTimeout, Boolean allowCreate, Boolean onlyOneCheckConnection, DbConnectionOptions userOptions, DbConnectionInternal&amp; connection)&#xD;
   at System.Data.ProviderBase.DbConnectionPool.TryGetConnection(DbConnection owningObject, TaskCompletionSource`1 retry, DbConnectionOptions userOptions, DbConnectionInternal&amp; connection)&#xD;
   at System.Data.ProviderBase.DbConnectionFactory.TryGetConnection(DbConnection owningConnection, TaskCompletionSource`1 retry, DbConnectionOptions userOptions, DbConnectionInternal oldConnection, DbConnectionInternal&amp; connection)&#xD;
   at System.Data.ProviderBase.DbConnectionInternal.TryOpenConnectionInternal(DbConnection outerConnection, DbConnectionFactory connectionFactory, TaskCompletionSource`1 retry, DbConnectionOptions userOptions)&#xD;
   at System.Data.SqlClient.SqlConnection.TryOpenInner(TaskCompletionSource`1 retry)&#xD;
   at System.Data.SqlClient.SqlConnection.TryOpen(TaskCompletionSource`1 retry)&#xD;
   at System.Data.SqlClient.SqlConnection.Open()&#xD;
   at Proyecto_Final_Blood_Bank.RegistroDonantes.DonanteExiste(String dni) in C:\Users\gabri\OneDrive\Imágenes\ProyectoU2 Version 8\ProyectoFinal\RegistroDonantes.cs:line 205&#xD;
--Win32Exception&#xD;

</StackTrace>
        </ErrorInfo>
      </Output>
    </UnitTestResult>
    <UnitTestResult executionId="7f53bd95-32bf-4ae6-b5bd-84131f1a6ac5" testId="9a129d6b-fde0-97d4-cf21-bb17defa7856" testName="ModificarDonante_ShouldUpdateExistingDonante" computerName="GABOPC" duration="00:00:00.0100000" startTime="2024-07-10T10:00:36.8915978-05:00" endTime="2024-07-10T10:00:36.9016441-05:00" testType="13cdc9d9-ddb5-4fa4-a97d-d965ccfc6d4b" outcome="Failed" testListId="8c84fa94-04c1-424b-9868-57a2d4851a1d" relativeResultsDirectory="7f53bd95-32bf-4ae6-b5bd-84131f1a6ac5">
      <Output>
        <ErrorInfo>
          <Message>System.Data.SqlClient.SqlException : A network-related or instance-specific error occurred while establishing a connection to SQL Server. The server was not found or was not accessible. Verify that the instance name is correct and that SQL Server is configured to allow remote connections. (provider: Named Pipes Provider, error: 40 - Could not open a connection to SQL Server)&#xD;
Data:&#xD;
  HelpLink.ProdName: Microsoft SQL Server&#xD;
  HelpLink.EvtSrc: MSSQLServer&#xD;
  HelpLink.EvtID: 2&#xD;
  HelpLink.BaseHelpUrl: http://go.microsoft.com/fwlink&#xD;
  HelpLink.LinkId: 20476&#xD;
  ----&gt; System.ComponentModel.Win32Exception : The system cannot find the file specified</Message>
          <StackTrace>   at System.Data.ProviderBase.DbConnectionPool.TryGetConnection(DbConnection owningObject, UInt32 waitForMultipleObjectsTimeout, Boolean allowCreate, Boolean onlyOneCheckConnection, DbConnectionOptions userOptions, DbConnectionInternal&amp; connection)&#xD;
   at System.Data.ProviderBase.DbConnectionPool.TryGetConnection(DbConnection owningObject, TaskCompletionSource`1 retry, DbConnectionOptions userOptions, DbConnectionInternal&amp; connection)&#xD;
   at System.Data.ProviderBase.DbConnectionFactory.TryGetConnection(DbConnection owningConnection, TaskCompletionSource`1 retry, DbConnectionOptions userOptions, DbConnectionInternal oldConnection, DbConnectionInternal&amp; connection)&#xD;
   at System.Data.ProviderBase.DbConnectionInternal.TryOpenConnectionInternal(DbConnection outerConnection, DbConnectionFactory connectionFactory, TaskCompletionSource`1 retry, DbConnectionOptions userOptions)&#xD;
   at System.Data.SqlClient.SqlConnection.TryOpenInner(TaskCompletionSource`1 retry)&#xD;
   at System.Data.SqlClient.SqlConnection.TryOpen(TaskCompletionSource`1 retry)&#xD;
   at System.Data.SqlClient.SqlConnection.Open()&#xD;
   at Proyecto_Final_Blood_Bank.RegistroDonantes.ModificarDonante() in C:\Users\gabri\OneDrive\Imágenes\ProyectoU2 Version 8\ProyectoFinal\RegistroDonantes.cs:line 371&#xD;
--Win32Exception&#xD;

</StackTrace>
        </ErrorInfo>
      </Output>
    </UnitTestResult>
    <UnitTestResult executionId="3bb91e35-79ad-453f-8047-e043fd5557e2" testId="ae33fc22-7d3d-76ab-1df9-ce63017a8739" testName="LogOut_Click_ShowsLoginForm" computerName="GABOPC" duration="00:00:00.0910000" startTime="2024-07-10T10:01:07.9378969-05:00" endTime="2024-07-10T10:01:08.0280394-05:00" testType="13cdc9d9-ddb5-4fa4-a97d-d965ccfc6d4b" outcome="Passed" testListId="8c84fa94-04c1-424b-9868-57a2d4851a1d" relativeResultsDirectory="3bb91e35-79ad-453f-8047-e043fd5557e2" />
    <UnitTestResult executionId="809c6213-5b8f-40e7-93c0-5f8a8e17e4d7" testId="db5cabce-5704-d988-b3cf-c15fea2aa752" testName="TestCargarDatosChartStock" computerName="GABOPC" duration="00:00:01.0340000" startTime="2024-07-10T10:00:59.3964713-05:00" endTime="2024-07-10T10:01:00.4306879-05:00" testType="13cdc9d9-ddb5-4fa4-a97d-d965ccfc6d4b" outcome="Failed" testListId="8c84fa94-04c1-424b-9868-57a2d4851a1d" relativeResultsDirectory="809c6213-5b8f-40e7-93c0-5f8a8e17e4d7">
      <Output>
        <ErrorInfo>
          <Message>System.Data.SqlClient.SqlException : A network-related or instance-specific error occurred while establishing a connection to SQL Server. The server was not found or was not accessible. Verify that the instance name is correct and that SQL Server is configured to allow remote connections. (provider: Named Pipes Provider, error: 40 - Could not open a connection to SQL Server)&#xD;
Data:&#xD;
  HelpLink.ProdName: Microsoft SQL Server&#xD;
  HelpLink.EvtSrc: MSSQLServer&#xD;
  HelpLink.EvtID: 2&#xD;
  HelpLink.BaseHelpUrl: http://go.microsoft.com/fwlink&#xD;
  HelpLink.LinkId: 20476&#xD;
  ----&gt; System.ComponentModel.Win32Exception : The system cannot find the file specified</Message>
          <StackTrace>   at System.Data.ProviderBase.DbConnectionPool.TryGetConnection(DbConnection owningObject, UInt32 waitForMultipleObjectsTimeout, Boolean allowCreate, Boolean onlyOneCheckConnection, DbConnectionOptions userOptions, DbConnectionInternal&amp; connection)&#xD;
   at System.Data.ProviderBase.DbConnectionPool.TryGetConnection(DbConnection owningObject, TaskCompletionSource`1 retry, DbConnectionOptions userOptions, DbConnectionInternal&amp; connection)&#xD;
   at System.Data.ProviderBase.DbConnectionFactory.TryGetConnection(DbConnection owningConnection, TaskCompletionSource`1 retry, DbConnectionOptions userOptions, DbConnectionInternal oldConnection, DbConnectionInternal&amp; connection)&#xD;
   at System.Data.ProviderBase.DbConnectionInternal.TryOpenConnectionInternal(DbConnection outerConnection, DbConnectionFactory connectionFactory, TaskCompletionSource`1 retry, DbConnectionOptions userOptions)&#xD;
   at System.Data.SqlClient.SqlConnection.TryOpenInner(TaskCompletionSource`1 retry)&#xD;
   at System.Data.SqlClient.SqlConnection.TryOpen(TaskCompletionSource`1 retry)&#xD;
   at System.Data.SqlClient.SqlConnection.Open()&#xD;
   at Proyecto_Final_Blood_Bank.INFORME.INFORME_Load(Object sender, EventArgs e) in C:\Users\gabri\OneDrive\Imágenes\ProyectoU2 Version 8\ProyectoFinal\INFORME.cs:line 41&#xD;
   at Proyecto_Final_Blood_Bank.Tests.InformeTest.TestCargarDatosChartStock() in C:\Users\gabri\OneDrive\Imágenes\ProyectoU2 Version 8\ProyectoFinal\InformeTest.cs:line 24&#xD;
--Win32Exception&#xD;

</StackTrace>
        </ErrorInfo>
      </Output>
    </UnitTestResult>
    <UnitTestResult executionId="5e6f0270-3184-4356-8e55-8a34dc61d68a" testId="b2b485a4-4347-97d9-a665-c32bcf6f8b1f" testName="ValidarDni_ShouldReturnTrue_WhenDniIsValid" computerName="GABOPC" duration="00:00:00.0040000" startTime="2024-07-10T10:00:36.9302535-05:00" endTime="2024-07-10T10:00:36.9342488-05:00" testType="13cdc9d9-ddb5-4fa4-a97d-d965ccfc6d4b" outcome="Passed" testListId="8c84fa94-04c1-424b-9868-57a2d4851a1d" relativeResultsDirectory="5e6f0270-3184-4356-8e55-8a34dc61d68a" />
    <UnitTestResult executionId="d316661a-4a94-4379-b737-6ee349fb53e5" testId="754c750c-a52d-5787-d85b-5c197f93ac60" testName="TestBtnModificarClick" computerName="GABOPC" duration="00:00:00.7030000" startTime="2024-07-10T10:01:46.5783572-05:00" endTime="2024-07-10T10:01:47.2815872-05:00" testType="13cdc9d9-ddb5-4fa4-a97d-d965ccfc6d4b" outcome="Failed" testListId="8c84fa94-04c1-424b-9868-57a2d4851a1d" relativeResultsDirectory="d316661a-4a94-4379-b737-6ee349fb53e5">
      <Output>
        <ErrorInfo>
          <Message>System.Data.SqlClient.SqlException : A network-related or instance-specific error occurred while establishing a connection to SQL Server. The server was not found or was not accessible. Verify that the instance name is correct and that SQL Server is configured to allow remote connections. (provider: Named Pipes Provider, error: 40 - Could not open a connection to SQL Server)&#xD;
Data:&#xD;
  HelpLink.ProdName: Microsoft SQL Server&#xD;
  HelpLink.EvtSrc: MSSQLServer&#xD;
  HelpLink.EvtID: 2&#xD;
  HelpLink.BaseHelpUrl: http://go.microsoft.com/fwlink&#xD;
  HelpLink.LinkId: 20476&#xD;
  ----&gt; System.ComponentModel.Win32Exception : The system cannot find the file specified</Message>
          <StackTrace>   at System.Data.ProviderBase.DbConnectionPool.TryGetConnection(DbConnection owningObject, UInt32 waitForMultipleObjectsTimeout, Boolean allowCreate, Boolean onlyOneCheckConnection, DbConnectionOptions userOptions, DbConnectionInternal&amp; connection)&#xD;
   at System.Data.ProviderBase.DbConnectionPool.TryGetConnection(DbConnection owningObject, TaskCompletionSource`1 retry, DbConnectionOptions userOptions, DbConnectionInternal&amp; connection)&#xD;
   at System.Data.ProviderBase.DbConnectionFactory.TryGetConnection(DbConnection owningConnection, TaskCompletionSource`1 retry, DbConnectionOptions userOptions, DbConnectionInternal oldConnection, DbConnectionInternal&amp; connection)&#xD;
   at System.Data.ProviderBase.DbConnectionInternal.TryOpenConnectionInternal(DbConnection outerConnection, DbConnectionFactory connectionFactory, TaskCompletionSource`1 retry, DbConnectionOptions userOptions)&#xD;
   at System.Data.SqlClient.SqlConnection.TryOpenInner(TaskCompletionSource`1 retry)&#xD;
   at System.Data.SqlClient.SqlConnection.TryOpen(TaskCompletionSource`1 retry)&#xD;
   at System.Data.SqlClient.SqlConnection.Open()&#xD;
   at ProyectoFinalBloodBankTests.RegistroPacienteTests.TestBtnModificarClick() in C:\Users\gabri\OneDrive\Imágenes\ProyectoU2 Version 8\ProyectoFinal\RegistroPacienteTest.cs:line 129&#xD;
--Win32Exception&#xD;

</StackTrace>
        </ErrorInfo>
      </Output>
    </UnitTestResult>
    <UnitTestResult executionId="7a1a0007-d7da-4cc9-b9c5-f1dafa2c29c2" testId="88dae1ed-9570-cd24-b7d6-ecfcb70af1c1" testName="DescendAPersonalRecord" computerName="GABOPC" duration="00:00:00.5780000" startTime="2024-07-10T10:00:12.3001832-05:00" endTime="2024-07-10T10:00:12.8781755-05:00" testType="13cdc9d9-ddb5-4fa4-a97d-d965ccfc6d4b" outcome="Failed" testListId="8c84fa94-04c1-424b-9868-57a2d4851a1d" relativeResultsDirectory="7a1a0007-d7da-4cc9-b9c5-f1dafa2c29c2">
      <Output>
        <StdOut>Given I have selected a personal record with a user&#xD;
-&gt; done: PERSONALSteps.GivenIHaveSelectedAPersonalRecordWithAUser() (0.0s)&#xD;
When I press the descend button&#xD;
-&gt; done: PERSONALSteps.WhenIPressTheDescendButton() (0.5s)&#xD;
Then the user's status should be updated to 'N'&#xD;
-&gt; error:   Assert.That(cmbEstado.SelectedIndex, Is.EqualTo(2))&#xD;
  Expected: 2&#xD;
  But was:  1&#xD;
 (0.0s)&#xD;
And I should see a success message&#xD;
-&gt; binding error: Ambiguous step definitions found for step 'Then I should see a success message': Proyecto_Final_Blood_Bank:Proyecto_Final_Blood_Bank.Steps.PERSONALSteps.ThenIShouldSeeASuccessMessage(), Proyecto_Final_Blood_Bank:Proyecto_Final_Blood_Bank.Steps.RegistrarUsuarioSteps.ThenIShouldSeeASuccessMessage()</StdOut>
        <ErrorInfo>
          <Message>  Assert.That(cmbEstado.SelectedIndex, Is.EqualTo(2))&#xD;
  Expected: 2&#xD;
  But was:  1&#xD;
</Message>
          <StackTrace>   at Proyecto_Final_Blood_Bank.Steps.PERSONALSteps.ThenTheUserSStatusShouldBeUpdatedToN() in C:\Users\gabri\OneDrive\Imágenes\ProyectoU2 Version 8\ProyectoFinal\Steps\GestionarUsuario.cs:line 106&#xD;
   at TechTalk.SpecFlow.Bindings.BindingInvoker.InvokeBinding(IBinding binding, IContextManager contextManager, Object[] arguments, ITestTracer testTracer, TimeSpan&amp; duration) in D:\a\1\s\TechTalk.SpecFlow\Bindings\BindingInvoker.cs:line 68&#xD;
   at TechTalk.SpecFlow.Infrastructure.TestExecutionEngine.ExecuteStepMatch(BindingMatch match, Object[] arguments, TimeSpan&amp; duration) in D:\a\1\s\TechTalk.SpecFlow\Infrastructure\TestExecutionEngine.cs:line 567&#xD;
   at TechTalk.SpecFlow.Infrastructure.TestExecutionEngine.ExecuteStep(IContextManager contextManager, StepInstance stepInstance) in D:\a\1\s\TechTalk.SpecFlow\Infrastructure\TestExecutionEngine.cs:line 481&#xD;
   at TechTalk.SpecFlow.Infrastructure.TestExecutionEngine.OnAfterLastStep() in D:\a\1\s\TechTalk.SpecFlow\Infrastructure\TestExecutionEngine.cs:line 234&#xD;
   at Proyecto_Final_Blood_Bank.Features.GestionarUsuarioFeature.ScenarioCleanup()&#xD;
   at Proyecto_Final_Blood_Bank.Features.GestionarUsuarioFeature.DescendAPersonalRecord() in C:\Users\gabri\OneDrive\Imágenes\ProyectoU2 Version 8\ProyectoFinal\Features\GestionarUsuario.feature:line 23&#xD;

1)    at Proyecto_Final_Blood_Bank.Steps.PERSONALSteps.ThenTheUserSStatusShouldBeUpdatedToN() in C:\Users\gabri\OneDrive\Imágenes\ProyectoU2 Version 8\ProyectoFinal\Steps\GestionarUsuario.cs:line 106&#xD;

</StackTrace>
        </ErrorInfo>
      </Output>
    </UnitTestResult>
    <UnitTestResult executionId="27ba15aa-bdef-4cd7-bc91-42166be099bd" testId="af3c6ea1-0cdf-ad3a-9af2-aea440482d0a" testName="Register_UsernameIsEmpty_ShowsErrorMessage" computerName="GABOPC" duration="00:00:00.0090000" startTime="2024-07-10T10:01:44.6503847-05:00" endTime="2024-07-10T10:01:44.6593451-05:00" testType="13cdc9d9-ddb5-4fa4-a97d-d965ccfc6d4b" outcome="Failed" testListId="8c84fa94-04c1-424b-9868-57a2d4851a1d" relativeResultsDirectory="27ba15aa-bdef-4cd7-bc91-42166be099bd">
      <Output>
        <ErrorInfo>
          <Message>System.NullReferenceException : Object reference not set to an instance of an object.</Message>
          <StackTrace>   at Proyecto_Final_Blood_Bank.REGISTRARSE.UserExists(String username) in C:\Users\gabri\OneDrive\Imágenes\ProyectoU2 Version 8\ProyectoFinal\REGISTRARSE.cs:line 343&#xD;
   at Proyecto_Final_Blood_Bank.REGISTRARSE.Register_Click(Object sender, EventArgs e) in C:\Users\gabri\OneDrive\Imágenes\ProyectoU2 Version 8\ProyectoFinal\REGISTRARSE.cs:line 323&#xD;
   at Proyecto_Final_Blood_Bank.Tests.RegistrarseTests.Register_UsernameIsEmpty_ShowsErrorMessage() in C:\Users\gabri\OneDrive\Imágenes\ProyectoU2 Version 8\ProyectoFinal\RegistrarseTest.cs:line 82
</StackTrace>
        </ErrorInfo>
      </Output>
    </UnitTestResult>
    <UnitTestResult executionId="615d0257-7e50-4b83-946d-037e33260af5" testId="808dae20-d598-2cfb-2ad0-338c1b3ca7f5" testName="SuccessfulUserRegistration" computerName="GABOPC" duration="00:00:00.0670000" startTime="2024-07-10T10:00:15.1577795-05:00" endTime="2024-07-10T10:00:15.2249909-05:00" testType="13cdc9d9-ddb5-4fa4-a97d-d965ccfc6d4b" outcome="Failed" testListId="8c84fa94-04c1-424b-9868-57a2d4851a1d" relativeResultsDirectory="615d0257-7e50-4b83-946d-037e33260af5">
      <Output>
        <StdOut>Given I enter a new username "newuser"&#xD;
-&gt; done: RegistrarUsuarioSteps.GivenIEnterANewUsername(""newuser"") (0.0s)&#xD;
And I enter a password "password"&#xD;
-&gt; done: RegistrarUsuarioSteps.GivenIEnterAPassword(""password"") (0.0s)&#xD;
And I confirm the password "password"&#xD;
-&gt; done: RegistrarUsuarioSteps.GivenIConfirmThePassword(""password"") (0.0s)&#xD;
When I click the register button&#xD;
-&gt; error: Object reference not set to an instance of an object. (0.1s)&#xD;
Then I should see a success message&#xD;
-&gt; binding error: Ambiguous step definitions found for step 'Then I should see a success message': Proyecto_Final_Blood_Bank:Proyecto_Final_Blood_Bank.Steps.PERSONALSteps.ThenIShouldSeeASuccessMessage(), Proyecto_Final_Blood_Bank:Proyecto_Final_Blood_Bank.Steps.RegistrarUsuarioSteps.ThenIShouldSeeASuccessMessage()</StdOut>
        <ErrorInfo>
          <Message>System.NullReferenceException : Object reference not set to an instance of an object.</Message>
          <StackTrace>   at Proyecto_Final_Blood_Bank.REGISTRARSE.UserExists(String username) in C:\Users\gabri\OneDrive\Imágenes\ProyectoU2 Version 8\ProyectoFinal\REGISTRARSE.cs:line 338&#xD;
   at Proyecto_Final_Blood_Bank.REGISTRARSE.Register_Click(Object sender, EventArgs e) in C:\Users\gabri\OneDrive\Imágenes\ProyectoU2 Version 8\ProyectoFinal\REGISTRARSE.cs:line 323&#xD;
   at Proyecto_Final_Blood_Bank.REGISTRARSE.PerformRegisterClick() in C:\Users\gabri\OneDrive\Imágenes\ProyectoU2 Version 8\ProyectoFinal\REGISTRARSE.cs:line 44&#xD;
   at Proyecto_Final_Blood_Bank.Steps.RegistrarUsuarioSteps.WhenIClickTheRegisterButton() in C:\Users\gabri\OneDrive\Imágenes\ProyectoU2 Version 8\ProyectoFinal\Steps\RegistrarUsuario.cs:line 67&#xD;
   at TechTalk.SpecFlow.Bindings.BindingInvoker.InvokeBinding(IBinding binding, IContextManager contextManager, Object[] arguments, ITestTracer testTracer, TimeSpan&amp; duration) in D:\a\1\s\TechTalk.SpecFlow\Bindings\BindingInvoker.cs:line 68&#xD;
   at TechTalk.SpecFlow.Infrastructure.TestExecutionEngine.ExecuteStepMatch(BindingMatch match, Object[] arguments, TimeSpan&amp; duration) in D:\a\1\s\TechTalk.SpecFlow\Infrastructure\TestExecutionEngine.cs:line 567&#xD;
   at TechTalk.SpecFlow.Infrastructure.TestExecutionEngine.ExecuteStep(IContextManager contextManager, StepInstance stepInstance) in D:\a\1\s\TechTalk.SpecFlow\Infrastructure\TestExecutionEngine.cs:line 481&#xD;
   at TechTalk.SpecFlow.Infrastructure.TestExecutionEngine.OnAfterLastStep() in D:\a\1\s\TechTalk.SpecFlow\Infrastructure\TestExecutionEngine.cs:line 234&#xD;
   at Proyecto_Final_Blood_Bank.Features.RegistrarUsuarioFeature.ScenarioCleanup()&#xD;
   at Proyecto_Final_Blood_Bank.Features.RegistrarUsuarioFeature.SuccessfulUserRegistration() in C:\Users\gabri\OneDrive\Imágenes\ProyectoU2 Version 8\ProyectoFinal\Features\RegistrarUsuario.feature:line 11
</StackTrace>
        </ErrorInfo>
      </Output>
    </UnitTestResult>
    <UnitTestResult executionId="85f0d65f-be99-4217-b93e-8e84124bd366" testId="c2d188af-e445-369a-915c-653ea7e510cb" testName="AttemptLogin_InvalidUser" computerName="GABOPC" duration="00:00:00.0090000" startTime="2024-07-10T10:00:15.2335251-05:00" endTime="2024-07-10T10:00:15.2430598-05:00" testType="13cdc9d9-ddb5-4fa4-a97d-d965ccfc6d4b" outcome="Failed" testListId="8c84fa94-04c1-424b-9868-57a2d4851a1d" relativeResultsDirectory="85f0d65f-be99-4217-b93e-8e84124bd366">
      <Output>
        <ErrorInfo>
          <Message>  Assert.That(result, Is.True)&#xD;
  Expected: True&#xD;
  But was:  False&#xD;
</Message>
          <StackTrace>   at Proyecto_Final_Blood_Bank.LoginnTEST.AttemptLogin_InvalidUser() in C:\Users\gabri\OneDrive\Imágenes\ProyectoU2 Version 8\ProyectoFinal\LoginnTEST.cs:line 91&#xD;

1)    at Proyecto_Final_Blood_Bank.LoginnTEST.AttemptLogin_InvalidUser() in C:\Users\gabri\OneDrive\Imágenes\ProyectoU2 Version 8\ProyectoFinal\LoginnTEST.cs:line 91&#xD;

</StackTrace>
        </ErrorInfo>
      </Output>
    </UnitTestResult>
    <UnitTestResult executionId="cb2aa94b-e634-4a52-a641-0d3eb484659e" testId="0658014a-41e9-286e-c849-810f3d63210b" testName="DonanteExiste_ShouldReturnTrue_WhenDonanteExists" computerName="GABOPC" duration="00:00:00.0060000" startTime="2024-07-10T10:00:36.8401293-05:00" endTime="2024-07-10T10:00:36.8456870-05:00" testType="13cdc9d9-ddb5-4fa4-a97d-d965ccfc6d4b" outcome="Failed" testListId="8c84fa94-04c1-424b-9868-57a2d4851a1d" relativeResultsDirectory="cb2aa94b-e634-4a52-a641-0d3eb484659e">
      <Output>
        <ErrorInfo>
          <Message>System.Data.SqlClient.SqlException : A network-related or instance-specific error occurred while establishing a connection to SQL Server. The server was not found or was not accessible. Verify that the instance name is correct and that SQL Server is configured to allow remote connections. (provider: Named Pipes Provider, error: 40 - Could not open a connection to SQL Server)&#xD;
Data:&#xD;
  HelpLink.ProdName: Microsoft SQL Server&#xD;
  HelpLink.EvtSrc: MSSQLServer&#xD;
  HelpLink.EvtID: 2&#xD;
  HelpLink.BaseHelpUrl: http://go.microsoft.com/fwlink&#xD;
  HelpLink.LinkId: 20476&#xD;
  ----&gt; System.ComponentModel.Win32Exception : The system cannot find the file specified</Message>
          <StackTrace>   at System.Data.ProviderBase.DbConnectionPool.TryGetConnection(DbConnection owningObject, UInt32 waitForMultipleObjectsTimeout, Boolean allowCreate, Boolean onlyOneCheckConnection, DbConnectionOptions userOptions, DbConnectionInternal&amp; connection)&#xD;
   at System.Data.ProviderBase.DbConnectionPool.TryGetConnection(DbConnection owningObject, TaskCompletionSource`1 retry, DbConnectionOptions userOptions, DbConnectionInternal&amp; connection)&#xD;
   at System.Data.ProviderBase.DbConnectionFactory.TryGetConnection(DbConnection owningConnection, TaskCompletionSource`1 retry, DbConnectionOptions userOptions, DbConnectionInternal oldConnection, DbConnectionInternal&amp; connection)&#xD;
   at System.Data.ProviderBase.DbConnectionInternal.TryOpenConnectionInternal(DbConnection outerConnection, DbConnectionFactory connectionFactory, TaskCompletionSource`1 retry, DbConnectionOptions userOptions)&#xD;
   at System.Data.SqlClient.SqlConnection.TryOpenInner(TaskCompletionSource`1 retry)&#xD;
   at System.Data.SqlClient.SqlConnection.TryOpen(TaskCompletionSource`1 retry)&#xD;
   at System.Data.SqlClient.SqlConnection.Open()&#xD;
   at Proyecto_Final_Blood_Bank.RegistroDonantes.DonanteExiste(String dni) in C:\Users\gabri\OneDrive\Imágenes\ProyectoU2 Version 8\ProyectoFinal\RegistroDonantes.cs:line 205&#xD;
--Win32Exception&#xD;

</StackTrace>
        </ErrorInfo>
      </Output>
    </UnitTestResult>
    <UnitTestResult executionId="415c99f5-d9a2-49f9-abaf-7ce3923ffafb" testId="88ab0ed8-3193-664a-1407-00ea25f47cf2" testName="TestBtnBanco_Click" computerName="GABOPC" duration="00:00:01.3690000" startTime="2024-07-10T10:01:08.0367678-05:00" endTime="2024-07-10T10:01:09.4063005-05:00" testType="13cdc9d9-ddb5-4fa4-a97d-d965ccfc6d4b" outcome="Passed" testListId="8c84fa94-04c1-424b-9868-57a2d4851a1d" relativeResultsDirectory="415c99f5-d9a2-49f9-abaf-7ce3923ffafb" />
    <UnitTestResult executionId="1dbcc2ff-b8c2-4c11-b52d-0aeed674e83f" testId="6ab3dd6e-2ba3-be25-02bd-1bdd9d54d5b2" testName="TestLabel3Click" computerName="GABOPC" duration="00:00:00.2740000" startTime="2024-07-10T10:01:34.5381359-05:00" endTime="2024-07-10T10:01:34.8120868-05:00" testType="13cdc9d9-ddb5-4fa4-a97d-d965ccfc6d4b" outcome="Failed" testListId="8c84fa94-04c1-424b-9868-57a2d4851a1d" relativeResultsDirectory="1dbcc2ff-b8c2-4c11-b52d-0aeed674e83f">
      <Output>
        <ErrorInfo>
          <Message>System.Data.SqlClient.SqlException : A network-related or instance-specific error occurred while establishing a connection to SQL Server. The server was not found or was not accessible. Verify that the instance name is correct and that SQL Server is configured to allow remote connections. (provider: Named Pipes Provider, error: 40 - Could not open a connection to SQL Server)&#xD;
Data:&#xD;
  HelpLink.ProdName: Microsoft SQL Server&#xD;
  HelpLink.EvtSrc: MSSQLServer&#xD;
  HelpLink.EvtID: 2&#xD;
  HelpLink.BaseHelpUrl: http://go.microsoft.com/fwlink&#xD;
  HelpLink.LinkId: 20476&#xD;
  ----&gt; System.ComponentModel.Win32Exception : The system cannot find the file specified</Message>
          <StackTrace>   at System.Data.ProviderBase.DbConnectionPool.TryGetConnection(DbConnection owningObject, UInt32 waitForMultipleObjectsTimeout, Boolean allowCreate, Boolean onlyOneCheckConnection, DbConnectionOptions userOptions, DbConnectionInternal&amp; connection)&#xD;
   at System.Data.ProviderBase.DbConnectionPool.TryGetConnection(DbConnection owningObject, TaskCompletionSource`1 retry, DbConnectionOptions userOptions, DbConnectionInternal&amp; connection)&#xD;
   at System.Data.ProviderBase.DbConnectionFactory.TryGetConnection(DbConnection owningConnection, TaskCompletionSource`1 retry, DbConnectionOptions userOptions, DbConnectionInternal oldConnection, DbConnectionInternal&amp; connection)&#xD;
   at System.Data.ProviderBase.DbConnectionInternal.TryOpenConnectionInternal(DbConnection outerConnection, DbConnectionFactory connectionFactory, TaskCompletionSource`1 retry, DbConnectionOptions userOptions)&#xD;
   at System.Data.SqlClient.SqlConnection.TryOpenInner(TaskCompletionSource`1 retry)&#xD;
   at System.Data.SqlClient.SqlConnection.TryOpen(TaskCompletionSource`1 retry)&#xD;
   at System.Data.SqlClient.SqlConnection.Open()&#xD;
   at Proyecto_Final_Blood_Bank.PERSONAL.label3_Click(Object sender, EventArgs e) in C:\Users\gabri\OneDrive\Imágenes\ProyectoU2 Version 8\ProyectoFinal\PERSONAL.cs:line 49&#xD;
   at Proyecto_Final_Blood_Bank.Tests.PersonalTest.TestLabel3Click() in C:\Users\gabri\OneDrive\Imágenes\ProyectoU2 Version 8\ProyectoFinal\PersonalTest.cs:line 37&#xD;
--Win32Exception&#xD;

</StackTrace>
        </ErrorInfo>
      </Output>
    </UnitTestResult>
    <UnitTestResult executionId="12fcffdd-f3a1-4d82-9a0e-712f817515f5" testId="827701a2-6672-e937-2324-71606b5a29f5" testName="TestBtnInforme_Click" computerName="GABOPC" duration="00:00:00.6480000" startTime="2024-07-10T10:01:10.1603131-05:00" endTime="2024-07-10T10:01:10.8087776-05:00" testType="13cdc9d9-ddb5-4fa4-a97d-d965ccfc6d4b" outcome="Passed" testListId="8c84fa94-04c1-424b-9868-57a2d4851a1d" relativeResultsDirectory="12fcffdd-f3a1-4d82-9a0e-712f817515f5" />
    <UnitTestResult executionId="54e03cf3-eb54-4984-8796-f8b0e3eb3722" testId="396e9805-4304-57cd-201a-a0841731f512" testName="btnPacientes_Click_ShowsRegistroPacienteForm" computerName="GABOPC" duration="00:00:00.6230000" startTime="2024-07-10T10:01:05.3868950-05:00" endTime="2024-07-10T10:01:06.0097919-05:00" testType="13cdc9d9-ddb5-4fa4-a97d-d965ccfc6d4b" outcome="Passed" testListId="8c84fa94-04c1-424b-9868-57a2d4851a1d" relativeResultsDirectory="54e03cf3-eb54-4984-8796-f8b0e3eb3722" />
    <UnitTestResult executionId="6ff7ce46-3269-45fc-a0af-c8bfb7f242d8" testId="cacef927-f238-6a6b-cde2-7e695873e6fa" testName="TestLogOut_Click" computerName="GABOPC" duration="00:00:00.1550000" startTime="2024-07-10T10:01:03.1396571-05:00" endTime="2024-07-10T10:01:03.2950650-05:00" testType="13cdc9d9-ddb5-4fa4-a97d-d965ccfc6d4b" outcome="Passed" testListId="8c84fa94-04c1-424b-9868-57a2d4851a1d" relativeResultsDirectory="6ff7ce46-3269-45fc-a0af-c8bfb7f242d8" />
    <UnitTestResult executionId="9b004de5-5928-439a-907d-89743b3c2c59" testId="f7b87072-0a8a-fed2-3066-8461ed8dacbe" testName="TestBtnDonantes_Click" computerName="GABOPC" duration="00:00:00.9500000" startTime="2024-07-10T10:01:01.3421592-05:00" endTime="2024-07-10T10:01:02.2916155-05:00" testType="13cdc9d9-ddb5-4fa4-a97d-d965ccfc6d4b" outcome="Passed" testListId="8c84fa94-04c1-424b-9868-57a2d4851a1d" relativeResultsDirectory="9b004de5-5928-439a-907d-89743b3c2c59" />
    <UnitTestResult executionId="4726ffed-7618-4969-823c-5c25301e0d25" testId="92361b5e-298b-3ab3-b67c-17a4973e0281" testName="ValidarDni_ShouldReturnFalse_WhenDniIsInvalid" computerName="GABOPC" duration="00:00:00.0050000" startTime="2024-07-10T10:00:36.9252218-05:00" endTime="2024-07-10T10:00:36.9302535-05:00" testType="13cdc9d9-ddb5-4fa4-a97d-d965ccfc6d4b" outcome="Passed" testListId="8c84fa94-04c1-424b-9868-57a2d4851a1d" relativeResultsDirectory="4726ffed-7618-4969-823c-5c25301e0d25" />
    <UnitTestResult executionId="051555e4-34b9-416e-855e-5936a104db8f" testId="09e930e2-de2f-e280-ff18-5861a8e0a6b6" testName="Register_PasswordsDoNotMatch_ShowsErrorMessage" computerName="GABOPC" duration="00:00:00.1660000" startTime="2024-07-10T10:01:44.1749226-05:00" endTime="2024-07-10T10:01:44.3410491-05:00" testType="13cdc9d9-ddb5-4fa4-a97d-d965ccfc6d4b" outcome="Failed" testListId="8c84fa94-04c1-424b-9868-57a2d4851a1d" relativeResultsDirectory="051555e4-34b9-416e-855e-5936a104db8f">
      <Output>
        <ErrorInfo>
          <Message>  El mensaje de error debería mostrarse cuando las contraseñas no coinciden&#xD;
Assert.That(registrationForm.MessageBoxShown, Is.True)&#xD;
  Expected: True&#xD;
  But was:  False&#xD;
</Message>
          <StackTrace>   at Proyecto_Final_Blood_Bank.Tests.RegistrarseTests.Register_PasswordsDoNotMatch_ShowsErrorMessage() in C:\Users\gabri\OneDrive\Imágenes\ProyectoU2 Version 8\ProyectoFinal\RegistrarseTest.cs:line 72&#xD;

1)    at Proyecto_Final_Blood_Bank.Tests.RegistrarseTests.Register_PasswordsDoNotMatch_ShowsErrorMessage() in C:\Users\gabri\OneDrive\Imágenes\ProyectoU2 Version 8\ProyectoFinal\RegistrarseTest.cs:line 72&#xD;

</StackTrace>
        </ErrorInfo>
      </Output>
    </UnitTestResult>
    <UnitTestResult executionId="d5573c86-1725-4586-b9df-4e6adc31ec2e" testId="86bdf730-6688-83b5-9989-1ee39def7bec" testName="TestBtnPacientes_Click" computerName="GABOPC" duration="00:00:00.6780000" startTime="2024-07-10T10:01:10.8087776-05:00" endTime="2024-07-10T10:01:11.4865067-05:00" testType="13cdc9d9-ddb5-4fa4-a97d-d965ccfc6d4b" outcome="Passed" testListId="8c84fa94-04c1-424b-9868-57a2d4851a1d" relativeResultsDirectory="d5573c86-1725-4586-b9df-4e6adc31ec2e" />
    <UnitTestResult executionId="641ede2a-074b-41fe-bd56-f8248325f213" testId="8e39fca1-75e5-8fc9-4d7c-2c094451ceb5" testName="TestButtonBajarClick" computerName="GABOPC" duration="00:00:02.3740000" startTime="2024-07-10T10:01:16.6551881-05:00" endTime="2024-07-10T10:01:19.0283163-05:00" testType="13cdc9d9-ddb5-4fa4-a97d-d965ccfc6d4b" outcome="Failed" testListId="8c84fa94-04c1-424b-9868-57a2d4851a1d" relativeResultsDirectory="641ede2a-074b-41fe-bd56-f8248325f213">
      <Output>
        <ErrorInfo>
          <Message>System.Data.SqlClient.SqlException : A network-related or instance-specific error occurred while establishing a connection to SQL Server. The server was not found or was not accessible. Verify that the instance name is correct and that SQL Server is configured to allow remote connections. (provider: Named Pipes Provider, error: 40 - Could not open a connection to SQL Server)&#xD;
Data:&#xD;
  HelpLink.ProdName: Microsoft SQL Server&#xD;
  HelpLink.EvtSrc: MSSQLServer&#xD;
  HelpLink.EvtID: 2&#xD;
  HelpLink.BaseHelpUrl: http://go.microsoft.com/fwlink&#xD;
  HelpLink.LinkId: 20476&#xD;
  ----&gt; System.ComponentModel.Win32Exception : The system cannot find the file specified</Message>
          <StackTrace>   at System.Data.ProviderBase.DbConnectionPool.TryGetConnection(DbConnection owningObject, UInt32 waitForMultipleObjectsTimeout, Boolean allowCreate, Boolean onlyOneCheckConnection, DbConnectionOptions userOptions, DbConnectionInternal&amp; connection)&#xD;
   at System.Data.ProviderBase.DbConnectionPool.TryGetConnection(DbConnection owningObject, TaskCompletionSource`1 retry, DbConnectionOptions userOptions, DbConnectionInternal&amp; connection)&#xD;
   at System.Data.ProviderBase.DbConnectionFactory.TryGetConnection(DbConnection owningConnection, TaskCompletionSource`1 retry, DbConnectionOptions userOptions, DbConnectionInternal oldConnection, DbConnectionInternal&amp; connection)&#xD;
   at System.Data.ProviderBase.DbConnectionInternal.TryOpenConnectionInternal(DbConnection outerConnection, DbConnectionFactory connectionFactory, TaskCompletionSource`1 retry, DbConnectionOptions userOptions)&#xD;
   at System.Data.SqlClient.SqlConnection.TryOpenInner(TaskCompletionSource`1 retry)&#xD;
   at System.Data.SqlClient.SqlConnection.TryOpen(TaskCompletionSource`1 retry)&#xD;
   at System.Data.SqlClient.SqlConnection.Open()&#xD;
   at Proyecto_Final_Blood_Bank.Tests.PersonalTest.ObtenerEstadoUsuarioDesdeBD(String usuario) in C:\Users\gabri\OneDrive\Imágenes\ProyectoU2 Version 8\ProyectoFinal\PersonalTest.cs:line 77&#xD;
   at Proyecto_Final_Blood_Bank.Tests.PersonalTest.TestButtonBajarClick() in C:\Users\gabri\OneDrive\Imágenes\ProyectoU2 Version 8\ProyectoFinal\PersonalTest.cs:line 66&#xD;
--Win32Exception&#xD;

</StackTrace>
        </ErrorInfo>
      </Output>
    </UnitTestResult>
    <UnitTestResult executionId="89ae6c03-60fa-4eb1-91b1-2e11693b8a4d" testId="32c87d8a-17ae-818c-2e8e-927a640dbb00" testName="TestHoraTick" computerName="GABOPC" duration="00:00:00.5650000" startTime="2024-07-10T10:01:49.0319326-05:00" endTime="2024-07-10T10:01:49.5970770-05:00" testType="13cdc9d9-ddb5-4fa4-a97d-d965ccfc6d4b" outcome="Passed" testListId="8c84fa94-04c1-424b-9868-57a2d4851a1d" relativeResultsDirectory="89ae6c03-60fa-4eb1-91b1-2e11693b8a4d" />
    <UnitTestResult executionId="17a63961-6330-4520-b08b-338ee2852ffe" testId="4b7715a5-788e-cb4d-41ed-fb06e4dce2b7" testName="TestBtnEliminarClick" computerName="GABOPC" duration="00:00:01.0110000" startTime="2024-07-10T10:01:44.8469713-05:00" endTime="2024-07-10T10:01:45.8577657-05:00" testType="13cdc9d9-ddb5-4fa4-a97d-d965ccfc6d4b" outcome="Failed" testListId="8c84fa94-04c1-424b-9868-57a2d4851a1d" relativeResultsDirectory="17a63961-6330-4520-b08b-338ee2852ffe">
      <Output>
        <ErrorInfo>
          <Message>System.Data.SqlClient.SqlException : A network-related or instance-specific error occurred while establishing a connection to SQL Server. The server was not found or was not accessible. Verify that the instance name is correct and that SQL Server is configured to allow remote connections. (provider: Named Pipes Provider, error: 40 - Could not open a connection to SQL Server)&#xD;
Data:&#xD;
  HelpLink.ProdName: Microsoft SQL Server&#xD;
  HelpLink.EvtSrc: MSSQLServer&#xD;
  HelpLink.EvtID: 2&#xD;
  HelpLink.BaseHelpUrl: http://go.microsoft.com/fwlink&#xD;
  HelpLink.LinkId: 20476&#xD;
  ----&gt; System.ComponentModel.Win32Exception : The system cannot find the file specified</Message>
          <StackTrace>   at System.Data.ProviderBase.DbConnectionPool.TryGetConnection(DbConnection owningObject, UInt32 waitForMultipleObjectsTimeout, Boolean allowCreate, Boolean onlyOneCheckConnection, DbConnectionOptions userOptions, DbConnectionInternal&amp; connection)&#xD;
   at System.Data.ProviderBase.DbConnectionPool.TryGetConnection(DbConnection owningObject, TaskCompletionSource`1 retry, DbConnectionOptions userOptions, DbConnectionInternal&amp; connection)&#xD;
   at System.Data.ProviderBase.DbConnectionFactory.TryGetConnection(DbConnection owningConnection, TaskCompletionSource`1 retry, DbConnectionOptions userOptions, DbConnectionInternal oldConnection, DbConnectionInternal&amp; connection)&#xD;
   at System.Data.ProviderBase.DbConnectionInternal.TryOpenConnectionInternal(DbConnection outerConnection, DbConnectionFactory connectionFactory, TaskCompletionSource`1 retry, DbConnectionOptions userOptions)&#xD;
   at System.Data.SqlClient.SqlConnection.TryOpenInner(TaskCompletionSource`1 retry)&#xD;
   at System.Data.SqlClient.SqlConnection.TryOpen(TaskCompletionSource`1 retry)&#xD;
   at System.Data.SqlClient.SqlConnection.Open()&#xD;
   at Proyecto_Final_Blood_Bank.REGISTRO_PACIENTE.btnEliminar_Click(Object sender, EventArgs e) in C:\Users\gabri\OneDrive\Imágenes\ProyectoU2 Version 8\ProyectoFinal\REGISTRO_PACIENTE.cs:line 250&#xD;
   at ProyectoFinalBloodBankTests.RegistroPacienteTests.TestBtnEliminarClick() in C:\Users\gabri\OneDrive\Imágenes\ProyectoU2 Version 8\ProyectoFinal\RegistroPacienteTest.cs:line 83&#xD;
--Win32Exception&#xD;

</StackTrace>
        </ErrorInfo>
      </Output>
    </UnitTestResult>
    <UnitTestResult executionId="1a7c01ff-09ae-43d5-b6a1-c8bced48bf52" testId="fbd01d16-0dce-ed3f-2b7c-b471b9e7b0e0" testName="TestCargarGrilla" computerName="GABOPC" duration="00:00:15.5090000" startTime="2024-07-10T10:01:19.0294706-05:00" endTime="2024-07-10T10:01:34.5381359-05:00" testType="13cdc9d9-ddb5-4fa4-a97d-d965ccfc6d4b" outcome="Failed" testListId="8c84fa94-04c1-424b-9868-57a2d4851a1d" relativeResultsDirectory="1a7c01ff-09ae-43d5-b6a1-c8bced48bf52">
      <Output>
        <ErrorInfo>
          <Message>System.Data.SqlClient.SqlException : A network-related or instance-specific error occurred while establishing a connection to SQL Server. The server was not found or was not accessible. Verify that the instance name is correct and that SQL Server is configured to allow remote connections. (provider: Named Pipes Provider, error: 40 - Could not open a connection to SQL Server)&#xD;
Data:&#xD;
  HelpLink.ProdName: Microsoft SQL Server&#xD;
  HelpLink.EvtSrc: MSSQLServer&#xD;
  HelpLink.EvtID: 2&#xD;
  HelpLink.BaseHelpUrl: http://go.microsoft.com/fwlink&#xD;
  HelpLink.LinkId: 20476&#xD;
  ----&gt; System.ComponentModel.Win32Exception : The system cannot find the file specified</Message>
          <StackTrace>   at System.Data.SqlClient.SqlInternalConnectionTds..ctor(DbConnectionPoolIdentity identity, SqlConnectionString connectionOptions, SqlCredential credential, Object providerInfo, String newPassword, SecureString newSecurePassword, Boolean redirectedUserInstance, SqlConnectionString userConnectionOptions, SessionData reconnectSessionData, DbConnectionPool pool, String accessToken, Boolean applyTransientFaultHandling, SqlAuthenticationProviderManager sqlAuthProviderManager)&#xD;
   at System.Data.SqlClient.SqlConnectionFactory.CreateConnection(DbConnectionOptions options, DbConnectionPoolKey poolKey, Object poolGroupProviderInfo, DbConnectionPool pool, DbConnection owningConnection, DbConnectionOptions userOptions)&#xD;
   at System.Data.ProviderBase.DbConnectionFactory.CreatePooledConnection(DbConnectionPool pool, DbConnection owningObject, DbConnectionOptions options, DbConnectionPoolKey poolKey, DbConnectionOptions userOptions)&#xD;
   at System.Data.ProviderBase.DbConnectionPool.CreateObject(DbConnection owningObject, DbConnectionOptions userOptions, DbConnectionInternal oldConnection)&#xD;
   at System.Data.ProviderBase.DbConnectionPool.UserCreateRequest(DbConnection owningObject, DbConnectionOptions userOptions, DbConnectionInternal oldConnection)&#xD;
   at System.Data.ProviderBase.DbConnectionPool.TryGetConnection(DbConnection owningObject, UInt32 waitForMultipleObjectsTimeout, Boolean allowCreate, Boolean onlyOneCheckConnection, DbConnectionOptions userOptions, DbConnectionInternal&amp; connection)&#xD;
   at System.Data.ProviderBase.DbConnectionPool.TryGetConnection(DbConnection owningObject, TaskCompletionSource`1 retry, DbConnectionOptions userOptions, DbConnectionInternal&amp; connection)&#xD;
   at System.Data.ProviderBase.DbConnectionFactory.TryGetConnection(DbConnection owningConnection, TaskCompletionSource`1 retry, DbConnectionOptions userOptions, DbConnectionInternal oldConnection, DbConnectionInternal&amp; connection)&#xD;
   at System.Data.ProviderBase.DbConnectionInternal.TryOpenConnectionInternal(DbConnection outerConnection, DbConnectionFactory connectionFactory, TaskCompletionSource`1 retry, DbConnectionOptions userOptions)&#xD;
   at System.Data.SqlClient.SqlConnection.TryOpenInner(TaskCompletionSource`1 retry)&#xD;
   at System.Data.SqlClient.SqlConnection.TryOpen(TaskCompletionSource`1 retry)&#xD;
   at System.Data.SqlClient.SqlConnection.Open()&#xD;
   at System.Data.Common.DbDataAdapter.FillInternal(DataSet dataset, DataTable[] datatables, Int32 startRecord, Int32 maxRecords, String srcTable, IDbCommand command, CommandBehavior behavior)&#xD;
   at System.Data.Common.DbDataAdapter.Fill(DataTable[] dataTables, Int32 startRecord, Int32 maxRecords, IDbCommand command, CommandBehavior behavior)&#xD;
   at System.Data.Common.DbDataAdapter.Fill(DataTable dataTable)&#xD;
   at Proyecto_Final_Blood_Bank.PERSONAL.CargarGrilla() in C:\Users\gabri\OneDrive\Imágenes\ProyectoU2 Version 8\ProyectoFinal\PERSONAL.cs:line 34&#xD;
   at Proyecto_Final_Blood_Bank.Tests.PersonalTest.TestCargarGrilla() in C:\Users\gabri\OneDrive\Imágenes\ProyectoU2 Version 8\ProyectoFinal\PersonalTest.cs:line 25&#xD;
--Win32Exception&#xD;

</StackTrace>
        </ErrorInfo>
      </Output>
    </UnitTestResult>
    <UnitTestResult executionId="34cdf3d6-6cb1-4237-8c55-e73e7ff35454" testId="67c2bab7-ded8-bad7-6345-bd77c97c9cff" testName="TestResize" computerName="GABOPC" duration="00:00:00.1460000" startTime="2024-07-10T10:01:03.6098349-05:00" endTime="2024-07-10T10:01:03.7558739-05:00" testType="13cdc9d9-ddb5-4fa4-a97d-d965ccfc6d4b" outcome="Failed" testListId="8c84fa94-04c1-424b-9868-57a2d4851a1d" relativeResultsDirectory="34cdf3d6-6cb1-4237-8c55-e73e7ff35454">
      <Output>
        <ErrorInfo>
          <Message>  El tamaño de btnPacientes no coincide después de redimensionar.&#xD;
Assert.That(form.btnPacientes.Size, Is.EqualTo(new Size(1024, 768)))&#xD;
  Expected: {Width=1024, Height=768}&#xD;
  But was:  {Width=254, Height=185}&#xD;
</Message>
          <StackTrace>   at Proyecto_Final_Blood_Bank.Tests.Opciones1Test.TestResize() in C:\Users\gabri\OneDrive\Imágenes\ProyectoU2 Version 8\ProyectoFinal\Opciones1Test.cs:line 60&#xD;

1)    at Proyecto_Final_Blood_Bank.Tests.Opciones1Test.TestResize() in C:\Users\gabri\OneDrive\Imágenes\ProyectoU2 Version 8\ProyectoFinal\Opciones1Test.cs:line 60&#xD;

</StackTrace>
        </ErrorInfo>
      </Output>
    </UnitTestResult>
    <UnitTestResult executionId="0cdde6cd-19fe-4b65-b090-983b564d28c3" testId="3dff672f-e62b-2ff5-221d-e436abb7ff4a" testName="TestLogOut_Click" computerName="GABOPC" duration="00:00:00.1740000" startTime="2024-07-10T10:01:12.0328112-05:00" endTime="2024-07-10T10:01:12.2070697-05:00" testType="13cdc9d9-ddb5-4fa4-a97d-d965ccfc6d4b" outcome="Passed" testListId="8c84fa94-04c1-424b-9868-57a2d4851a1d" relativeResultsDirectory="0cdde6cd-19fe-4b65-b090-983b564d28c3" />
    <UnitTestResult executionId="ad78381a-d4c4-41c7-89c3-a12558eaa3ba" testId="69c9b53d-fa5f-122f-6782-37fe2af75a86" testName="TestOnMouseEnter" computerName="GABOPC" duration="00:00:00.6400000" startTime="2024-07-10T10:00:42.0117330-05:00" endTime="2024-07-10T10:00:42.6507923-05:00" testType="13cdc9d9-ddb5-4fa4-a97d-d965ccfc6d4b" outcome="Passed" testListId="8c84fa94-04c1-424b-9868-57a2d4851a1d" relativeResultsDirectory="ad78381a-d4c4-41c7-89c3-a12558eaa3ba" />
    <UnitTestResult executionId="0a8c795a-bf8d-4847-bf2e-b26c14be728b" testId="2bd56c66-daef-c525-3527-0e871a5d9f8b" testName="TestBtnDonantes_Click" computerName="GABOPC" duration="00:00:00.7540000" startTime="2024-07-10T10:01:09.4063005-05:00" endTime="2024-07-10T10:01:10.1603131-05:00" testType="13cdc9d9-ddb5-4fa4-a97d-d965ccfc6d4b" outcome="Passed" testListId="8c84fa94-04c1-424b-9868-57a2d4851a1d" relativeResultsDirectory="0a8c795a-bf8d-4847-bf2e-b26c14be728b" />
    <UnitTestResult executionId="418beb08-a5c6-4f37-854c-758153a5ed95" testId="1c04bbeb-1b95-e482-ae48-f220cf7beb49" testName="ValidarCampos_ShouldReturnTrue_WhenAllFieldsAreValid" computerName="GABOPC" duration="00:00:00.0050000" startTime="2024-07-10T10:00:36.9207108-05:00" endTime="2024-07-10T10:00:36.9252218-05:00" testType="13cdc9d9-ddb5-4fa4-a97d-d965ccfc6d4b" outcome="Passed" testListId="8c84fa94-04c1-424b-9868-57a2d4851a1d" relativeResultsDirectory="418beb08-a5c6-4f37-854c-758153a5ed95" />
    <UnitTestResult executionId="d47b5df0-f684-4fe9-ad05-23e67b60835d" testId="16c2b43e-b83f-4705-ea76-f66c629dfbf5" testName="LoadPersonalRecordsIntoGrid" computerName="GABOPC" duration="00:00:01.4380000" startTime="2024-07-10T10:00:12.8781755-05:00" endTime="2024-07-10T10:00:14.3173435-05:00" testType="13cdc9d9-ddb5-4fa4-a97d-d965ccfc6d4b" outcome="Failed" testListId="8c84fa94-04c1-424b-9868-57a2d4851a1d" relativeResultsDirectory="d47b5df0-f684-4fe9-ad05-23e67b60835d">
      <Output>
        <StdOut>Given I open the personal form&#xD;
-&gt; done: PERSONALSteps.GivenIOpenThePersonalForm() (1.4s)&#xD;
When the form loads&#xD;
-&gt; error: A network-related or instance-specific error occurred while establishing a connection to SQL Server. The server was not found or was not accessible. Verify that the instance name is correct and that SQL Server is configured to allow remote connections. (provider: Named Pipes Provider, error: 40 - Could not open a connection to SQL Server) (0.0s)&#xD;
Then the personal grid should be filled with data&#xD;
-&gt; skipped because of previous errors</StdOut>
        <ErrorInfo>
          <Message>System.Data.SqlClient.SqlException : A network-related or instance-specific error occurred while establishing a connection to SQL Server. The server was not found or was not accessible. Verify that the instance name is correct and that SQL Server is configured to allow remote connections. (provider: Named Pipes Provider, error: 40 - Could not open a connection to SQL Server)&#xD;
Data:&#xD;
  HelpLink.ProdName: Microsoft SQL Server&#xD;
  HelpLink.EvtSrc: MSSQLServer&#xD;
  HelpLink.EvtID: 2&#xD;
  HelpLink.BaseHelpUrl: http://go.microsoft.com/fwlink&#xD;
  HelpLink.LinkId: 20476&#xD;
  ----&gt; System.ComponentModel.Win32Exception : The system cannot find the file specified</Message>
          <StackTrace>   at System.Data.ProviderBase.DbConnectionPool.TryGetConnection(DbConnection owningObject, UInt32 waitForMultipleObjectsTimeout, Boolean allowCreate, Boolean onlyOneCheckConnection, DbConnectionOptions userOptions, DbConnectionInternal&amp; connection)&#xD;
   at System.Data.ProviderBase.DbConnectionPool.TryGetConnection(DbConnection owningObject, TaskCompletionSource`1 retry, DbConnectionOptions userOptions, DbConnectionInternal&amp; connection)&#xD;
   at System.Data.ProviderBase.DbConnectionFactory.TryGetConnection(DbConnection owningConnection, TaskCompletionSource`1 retry, DbConnectionOptions userOptions, DbConnectionInternal oldConnection, DbConnectionInternal&amp; connection)&#xD;
   at System.Data.ProviderBase.DbConnectionInternal.TryOpenConnectionInternal(DbConnection outerConnection, DbConnectionFactory connectionFactory, TaskCompletionSource`1 retry, DbConnectionOptions userOptions)&#xD;
   at System.Data.SqlClient.SqlConnection.TryOpenInner(TaskCompletionSource`1 retry)&#xD;
   at System.Data.SqlClient.SqlConnection.TryOpen(TaskCompletionSource`1 retry)&#xD;
   at System.Data.SqlClient.SqlConnection.Open()&#xD;
   at System.Data.Common.DbDataAdapter.FillInternal(DataSet dataset, DataTable[] datatables, Int32 startRecord, Int32 maxRecords, String srcTable, IDbCommand command, CommandBehavior behavior)&#xD;
   at System.Data.Common.DbDataAdapter.Fill(DataTable[] dataTables, Int32 startRecord, Int32 maxRecords, IDbCommand command, CommandBehavior behavior)&#xD;
   at System.Data.Common.DbDataAdapter.Fill(DataTable dataTable)&#xD;
   at Proyecto_Final_Blood_Bank.PERSONAL.CargarGrilla() in C:\Users\gabri\OneDrive\Imágenes\ProyectoU2 Version 8\ProyectoFinal\PERSONAL.cs:line 34&#xD;
   at Proyecto_Final_Blood_Bank.PERSONAL.PERSONAL_Load(Object sender, EventArgs e) in C:\Users\gabri\OneDrive\Imágenes\ProyectoU2 Version 8\ProyectoFinal\PERSONAL.cs:line 202&#xD;
   at Proyecto_Final_Blood_Bank.Steps.PERSONALSteps.WhenTheFormLoads() in C:\Users\gabri\OneDrive\Imágenes\ProyectoU2 Version 8\ProyectoFinal\Steps\GestionarUsuario.cs:line 59&#xD;
   at TechTalk.SpecFlow.Bindings.BindingInvoker.InvokeBinding(IBinding binding, IContextManager contextManager, Object[] arguments, ITestTracer testTracer, TimeSpan&amp; duration) in D:\a\1\s\TechTalk.SpecFlow\Bindings\BindingInvoker.cs:line 68&#xD;
   at TechTalk.SpecFlow.Infrastructure.TestExecutionEngine.ExecuteStepMatch(BindingMatch match, Object[] arguments, TimeSpan&amp; duration) in D:\a\1\s\TechTalk.SpecFlow\Infrastructure\TestExecutionEngine.cs:line 567&#xD;
   at TechTalk.SpecFlow.Infrastructure.TestExecutionEngine.ExecuteStep(IContextManager contextManager, StepInstance stepInstance) in D:\a\1\s\TechTalk.SpecFlow\Infrastructure\TestExecutionEngine.cs:line 481&#xD;
   at TechTalk.SpecFlow.Infrastructure.TestExecutionEngine.OnAfterLastStep() in D:\a\1\s\TechTalk.SpecFlow\Infrastructure\TestExecutionEngine.cs:line 234&#xD;
   at Proyecto_Final_Blood_Bank.Features.GestionarUsuarioFeature.ScenarioCleanup()&#xD;
   at Proyecto_Final_Blood_Bank.Features.GestionarUsuarioFeature.LoadPersonalRecordsIntoGrid() in C:\Users\gabri\OneDrive\Imágenes\ProyectoU2 Version 8\ProyectoFinal\Features\GestionarUsuario.feature:line 9&#xD;
--Win32Exception&#xD;

</StackTrace>
        </ErrorInfo>
      </Output>
    </UnitTestResult>
    <UnitTestResult executionId="19af63d9-a86e-4578-9560-63cf53777505" testId="9088cc3e-aabd-7c9b-444d-edd8f76936a1" testName="CargarGrilla_ShouldLoadDataIntoGrid" computerName="GABOPC" duration="00:00:00.0100000" startTime="2024-07-10T10:00:36.8215382-05:00" endTime="2024-07-10T10:00:36.8317563-05:00" testType="13cdc9d9-ddb5-4fa4-a97d-d965ccfc6d4b" outcome="Failed" testListId="8c84fa94-04c1-424b-9868-57a2d4851a1d" relativeResultsDirectory="19af63d9-a86e-4578-9560-63cf53777505">
      <Output>
        <ErrorInfo>
          <Message>System.Data.SqlClient.SqlException : A network-related or instance-specific error occurred while establishing a connection to SQL Server. The server was not found or was not accessible. Verify that the instance name is correct and that SQL Server is configured to allow remote connections. (provider: Named Pipes Provider, error: 40 - Could not open a connection to SQL Server)&#xD;
Data:&#xD;
  HelpLink.ProdName: Microsoft SQL Server&#xD;
  HelpLink.EvtSrc: MSSQLServer&#xD;
  HelpLink.EvtID: 2&#xD;
  HelpLink.BaseHelpUrl: http://go.microsoft.com/fwlink&#xD;
  HelpLink.LinkId: 20476&#xD;
  ----&gt; System.ComponentModel.Win32Exception : The system cannot find the file specified</Message>
          <StackTrace>   at System.Data.ProviderBase.DbConnectionPool.TryGetConnection(DbConnection owningObject, UInt32 waitForMultipleObjectsTimeout, Boolean allowCreate, Boolean onlyOneCheckConnection, DbConnectionOptions userOptions, DbConnectionInternal&amp; connection)&#xD;
   at System.Data.ProviderBase.DbConnectionPool.TryGetConnection(DbConnection owningObject, TaskCompletionSource`1 retry, DbConnectionOptions userOptions, DbConnectionInternal&amp; connection)&#xD;
   at System.Data.ProviderBase.DbConnectionFactory.TryGetConnection(DbConnection owningConnection, TaskCompletionSource`1 retry, DbConnectionOptions userOptions, DbConnectionInternal oldConnection, DbConnectionInternal&amp; connection)&#xD;
   at System.Data.ProviderBase.DbConnectionInternal.TryOpenConnectionInternal(DbConnection outerConnection, DbConnectionFactory connectionFactory, TaskCompletionSource`1 retry, DbConnectionOptions userOptions)&#xD;
   at System.Data.SqlClient.SqlConnection.TryOpenInner(TaskCompletionSource`1 retry)&#xD;
   at System.Data.SqlClient.SqlConnection.TryOpen(TaskCompletionSource`1 retry)&#xD;
   at System.Data.SqlClient.SqlConnection.Open()&#xD;
   at System.Data.Common.DbDataAdapter.FillInternal(DataSet dataset, DataTable[] datatables, Int32 startRecord, Int32 maxRecords, String srcTable, IDbCommand command, CommandBehavior behavior)&#xD;
   at System.Data.Common.DbDataAdapter.Fill(DataTable[] dataTables, Int32 startRecord, Int32 maxRecords, IDbCommand command, CommandBehavior behavior)&#xD;
   at System.Data.Common.DbDataAdapter.Fill(DataTable dataTable)&#xD;
   at Proyecto_Final_Blood_Bank.RegistroDonantes.CargarGrilla() in C:\Users\gabri\OneDrive\Imágenes\ProyectoU2 Version 8\ProyectoFinal\RegistroDonantes.cs:line 101&#xD;
--Win32Exception&#xD;

</StackTrace>
        </ErrorInfo>
      </Output>
    </UnitTestResult>
    <UnitTestResult executionId="6ccb9755-0f00-4741-8e2f-6c95e2b1e481" testId="67570311-9d8e-51df-2148-436aaa9332b5" testName="TestOnMouseLeave" computerName="GABOPC" duration="00:00:00.5770000" startTime="2024-07-10T10:00:42.6517879-05:00" endTime="2024-07-10T10:00:43.2282138-05:00" testType="13cdc9d9-ddb5-4fa4-a97d-d965ccfc6d4b" outcome="Passed" testListId="8c84fa94-04c1-424b-9868-57a2d4851a1d" relativeResultsDirectory="6ccb9755-0f00-4741-8e2f-6c95e2b1e481" />
    <UnitTestResult executionId="7148d478-41d6-4656-92b1-8765216afdcc" testId="18f0fc37-dd06-f9a2-7fd3-d007f08f8893" testName="Limpiar_ShouldClearFields" computerName="GABOPC" duration="00:00:00.0260000" startTime="2024-07-10T10:00:36.8655436-05:00" endTime="2024-07-10T10:00:36.8915978-05:00" testType="13cdc9d9-ddb5-4fa4-a97d-d965ccfc6d4b" outcome="Passed" testListId="8c84fa94-04c1-424b-9868-57a2d4851a1d" relativeResultsDirectory="7148d478-41d6-4656-92b1-8765216afdcc" />
    <UnitTestResult executionId="114cc5ee-b952-4e52-ae5a-1ef2c2ac060e" testId="76008a15-c5d4-1426-a911-e31abce823d7" testName="TestOnMouseLeave" computerName="GABOPC" duration="00:00:00.4280000" startTime="2024-07-10T10:01:50.7860964-05:00" endTime="2024-07-10T10:01:51.2147224-05:00" testType="13cdc9d9-ddb5-4fa4-a97d-d965ccfc6d4b" outcome="Passed" testListId="8c84fa94-04c1-424b-9868-57a2d4851a1d" relativeResultsDirectory="114cc5ee-b952-4e52-ae5a-1ef2c2ac060e" />
    <UnitTestResult executionId="703e0ba6-c1c1-479f-b5b9-78f66876f7c1" testId="f9f9e033-8676-942c-36b2-3a62ba77fafa" testName="AscendAPersonalRecord" computerName="GABOPC" duration="00:00:17.0660000" startTime="2024-07-10T09:59:55.2346866-05:00" endTime="2024-07-10T10:00:12.3001832-05:00" testType="13cdc9d9-ddb5-4fa4-a97d-d965ccfc6d4b" outcome="Failed" testListId="8c84fa94-04c1-424b-9868-57a2d4851a1d" relativeResultsDirectory="703e0ba6-c1c1-479f-b5b9-78f66876f7c1">
      <Output>
        <StdOut>Given I have selected a personal record with a user&#xD;
-&gt; done: PERSONALSteps.GivenIHaveSelectedAPersonalRecordWithAUser() (0.0s)&#xD;
When I press the ascend button&#xD;
-&gt; done: PERSONALSteps.WhenIPressTheAscendButton() (17.0s)&#xD;
Then the user's status should be updated to 'P'&#xD;
-&gt; done: PERSONALSteps.ThenTheUserSStatusShouldBeUpdatedToP() (0.0s)&#xD;
And I should see a success message&#xD;
-&gt; binding error: Ambiguous step definitions found for step 'Then I should see a success message': Proyecto_Final_Blood_Bank:Proyecto_Final_Blood_Bank.Steps.PERSONALSteps.ThenIShouldSeeASuccessMessage(), Proyecto_Final_Blood_Bank:Proyecto_Final_Blood_Bank.Steps.RegistrarUsuarioSteps.ThenIShouldSeeASuccessMessage()</StdOut>
        <ErrorInfo>
          <Message>TechTalk.SpecFlow.BindingException : Ambiguous step definitions found for step 'Then I should see a success message': Proyecto_Final_Blood_Bank:Proyecto_Final_Blood_Bank.Steps.PERSONALSteps.ThenIShouldSeeASuccessMessage(), Proyecto_Final_Blood_Bank:Proyecto_Final_Blood_Bank.Steps.RegistrarUsuarioSteps.ThenIShouldSeeASuccessMessage()</Message>
          <StackTrace>   at TechTalk.SpecFlow.Infrastructure.TestExecutionEngine.GetStepMatch(StepInstance stepInstance) in D:\a\1\s\TechTalk.SpecFlow\Infrastructure\TestExecutionEngine.cs:line 551&#xD;
   at TechTalk.SpecFlow.Infrastructure.TestExecutionEngine.ExecuteStep(IContextManager contextManager, StepInstance stepInstance) in D:\a\1\s\TechTalk.SpecFlow\Infrastructure\TestExecutionEngine.cs:line 465&#xD;
   at TechTalk.SpecFlow.Infrastructure.TestExecutionEngine.OnAfterLastStep() in D:\a\1\s\TechTalk.SpecFlow\Infrastructure\TestExecutionEngine.cs:line 234&#xD;
   at Proyecto_Final_Blood_Bank.Features.GestionarUsuarioFeature.ScenarioCleanup()&#xD;
   at Proyecto_Final_Blood_Bank.Features.GestionarUsuarioFeature.AscendAPersonalRecord() in C:\Users\gabri\OneDrive\Imágenes\ProyectoU2 Version 8\ProyectoFinal\Features\GestionarUsuario.feature:line 16
</StackTrace>
        </ErrorInfo>
      </Output>
    </UnitTestResult>
    <UnitTestResult executionId="6fc61a64-e290-4dcd-96a2-7a4c1d4a3f61" testId="35fdb201-b32b-7b03-b940-3615384aeb80" testName="TestCargarDatosChartPedido" computerName="GABOPC" duration="00:00:15.5600000" startTime="2024-07-10T10:00:43.8359982-05:00" endTime="2024-07-10T10:00:59.3964713-05:00" testType="13cdc9d9-ddb5-4fa4-a97d-d965ccfc6d4b" outcome="Failed" testListId="8c84fa94-04c1-424b-9868-57a2d4851a1d" relativeResultsDirectory="6fc61a64-e290-4dcd-96a2-7a4c1d4a3f61">
      <Output>
        <ErrorInfo>
          <Message>System.Data.SqlClient.SqlException : A network-related or instance-specific error occurred while establishing a connection to SQL Server. The server was not found or was not accessible. Verify that the instance name is correct and that SQL Server is configured to allow remote connections. (provider: Named Pipes Provider, error: 40 - Could not open a connection to SQL Server)&#xD;
Data:&#xD;
  HelpLink.ProdName: Microsoft SQL Server&#xD;
  HelpLink.EvtSrc: MSSQLServer&#xD;
  HelpLink.EvtID: 2&#xD;
  HelpLink.BaseHelpUrl: http://go.microsoft.com/fwlink&#xD;
  HelpLink.LinkId: 20476&#xD;
  ----&gt; System.ComponentModel.Win32Exception : The system cannot find the file specified</Message>
          <StackTrace>   at System.Data.SqlClient.SqlInternalConnectionTds..ctor(DbConnectionPoolIdentity identity, SqlConnectionString connectionOptions, SqlCredential credential, Object providerInfo, String newPassword, SecureString newSecurePassword, Boolean redirectedUserInstance, SqlConnectionString userConnectionOptions, SessionData reconnectSessionData, DbConnectionPool pool, String accessToken, Boolean applyTransientFaultHandling, SqlAuthenticationProviderManager sqlAuthProviderManager)&#xD;
   at System.Data.SqlClient.SqlConnectionFactory.CreateConnection(DbConnectionOptions options, DbConnectionPoolKey poolKey, Object poolGroupProviderInfo, DbConnectionPool pool, DbConnection owningConnection, DbConnectionOptions userOptions)&#xD;
   at System.Data.ProviderBase.DbConnectionFactory.CreatePooledConnection(DbConnectionPool pool, DbConnection owningObject, DbConnectionOptions options, DbConnectionPoolKey poolKey, DbConnectionOptions userOptions)&#xD;
   at System.Data.ProviderBase.DbConnectionPool.CreateObject(DbConnection owningObject, DbConnectionOptions userOptions, DbConnectionInternal oldConnection)&#xD;
   at System.Data.ProviderBase.DbConnectionPool.UserCreateRequest(DbConnection owningObject, DbConnectionOptions userOptions, DbConnectionInternal oldConnection)&#xD;
   at System.Data.ProviderBase.DbConnectionPool.TryGetConnection(DbConnection owningObject, UInt32 waitForMultipleObjectsTimeout, Boolean allowCreate, Boolean onlyOneCheckConnection, DbConnectionOptions userOptions, DbConnectionInternal&amp; connection)&#xD;
   at System.Data.ProviderBase.DbConnectionPool.TryGetConnection(DbConnection owningObject, TaskCompletionSource`1 retry, DbConnectionOptions userOptions, DbConnectionInternal&amp; connection)&#xD;
   at System.Data.ProviderBase.DbConnectionFactory.TryGetConnection(DbConnection owningConnection, TaskCompletionSource`1 retry, DbConnectionOptions userOptions, DbConnectionInternal oldConnection, DbConnectionInternal&amp; connection)&#xD;
   at System.Data.ProviderBase.DbConnectionInternal.TryOpenConnectionInternal(DbConnection outerConnection, DbConnectionFactory connectionFactory, TaskCompletionSource`1 retry, DbConnectionOptions userOptions)&#xD;
   at System.Data.SqlClient.SqlConnection.TryOpenInner(TaskCompletionSource`1 retry)&#xD;
   at System.Data.SqlClient.SqlConnection.TryOpen(TaskCompletionSource`1 retry)&#xD;
   at System.Data.SqlClient.SqlConnection.Open()&#xD;
   at Proyecto_Final_Blood_Bank.INFORME.INFORME_Load(Object sender, EventArgs e) in C:\Users\gabri\OneDrive\Imágenes\ProyectoU2 Version 8\ProyectoFinal\INFORME.cs:line 41&#xD;
   at Proyecto_Final_Blood_Bank.Tests.InformeTest.TestCargarDatosChartPedido() in C:\Users\gabri\OneDrive\Imágenes\ProyectoU2 Version 8\ProyectoFinal\InformeTest.cs:line 37&#xD;
--Win32Exception&#xD;

</StackTrace>
        </ErrorInfo>
      </Output>
    </UnitTestResult>
    <UnitTestResult executionId="edc25f32-f77b-42aa-8aa2-96f218e7e3ff" testId="ebc03438-7822-4def-cb9b-2c19d00460de" testName="HandleSuccessfulLogin_ShowsCorrectForm" computerName="GABOPC" duration="00:00:00.0660000" startTime="2024-07-10T10:00:36.7212398-05:00" endTime="2024-07-10T10:00:36.7879210-05:00" testType="13cdc9d9-ddb5-4fa4-a97d-d965ccfc6d4b" outcome="Passed" testListId="8c84fa94-04c1-424b-9868-57a2d4851a1d" relativeResultsDirectory="edc25f32-f77b-42aa-8aa2-96f218e7e3ff" />
    <UnitTestResult executionId="64999e17-4151-49bd-9480-96aa27a67f21" testId="d3b8f434-d0e2-1a12-6742-54629270a961" testName="TestButton1Click_SubirEstado" computerName="GABOPC" duration="00:00:03.9030000" startTime="2024-07-10T10:01:12.7470583-05:00" endTime="2024-07-10T10:01:16.6501367-05:00" testType="13cdc9d9-ddb5-4fa4-a97d-d965ccfc6d4b" outcome="Failed" testListId="8c84fa94-04c1-424b-9868-57a2d4851a1d" relativeResultsDirectory="64999e17-4151-49bd-9480-96aa27a67f21">
      <Output>
        <ErrorInfo>
          <Message>System.Data.SqlClient.SqlException : A network-related or instance-specific error occurred while establishing a connection to SQL Server. The server was not found or was not accessible. Verify that the instance name is correct and that SQL Server is configured to allow remote connections. (provider: Named Pipes Provider, error: 40 - Could not open a connection to SQL Server)&#xD;
Data:&#xD;
  HelpLink.ProdName: Microsoft SQL Server&#xD;
  HelpLink.EvtSrc: MSSQLServer&#xD;
  HelpLink.EvtID: 2&#xD;
  HelpLink.BaseHelpUrl: http://go.microsoft.com/fwlink&#xD;
  HelpLink.LinkId: 20476&#xD;
  ----&gt; System.ComponentModel.Win32Exception : The system cannot find the file specified</Message>
          <StackTrace>   at System.Data.ProviderBase.DbConnectionPool.TryGetConnection(DbConnection owningObject, UInt32 waitForMultipleObjectsTimeout, Boolean allowCreate, Boolean onlyOneCheckConnection, DbConnectionOptions userOptions, DbConnectionInternal&amp; connection)&#xD;
   at System.Data.ProviderBase.DbConnectionPool.TryGetConnection(DbConnection owningObject, TaskCompletionSource`1 retry, DbConnectionOptions userOptions, DbConnectionInternal&amp; connection)&#xD;
   at System.Data.ProviderBase.DbConnectionFactory.TryGetConnection(DbConnection owningConnection, TaskCompletionSource`1 retry, DbConnectionOptions userOptions, DbConnectionInternal oldConnection, DbConnectionInternal&amp; connection)&#xD;
   at System.Data.ProviderBase.DbConnectionInternal.TryOpenConnectionInternal(DbConnection outerConnection, DbConnectionFactory connectionFactory, TaskCompletionSource`1 retry, DbConnectionOptions userOptions)&#xD;
   at System.Data.SqlClient.SqlConnection.TryOpenInner(TaskCompletionSource`1 retry)&#xD;
   at System.Data.SqlClient.SqlConnection.TryOpen(TaskCompletionSource`1 retry)&#xD;
   at System.Data.SqlClient.SqlConnection.Open()&#xD;
   at Proyecto_Final_Blood_Bank.Tests.PersonalTest.ObtenerEstadoUsuarioDesdeBD(String usuario) in C:\Users\gabri\OneDrive\Imágenes\ProyectoU2 Version 8\ProyectoFinal\PersonalTest.cs:line 77&#xD;
   at Proyecto_Final_Blood_Bank.Tests.PersonalTest.TestButton1Click_SubirEstado() in C:\Users\gabri\OneDrive\Imágenes\ProyectoU2 Version 8\ProyectoFinal\PersonalTest.cs:line 53&#xD;
--Win32Exception&#xD;

</StackTrace>
        </ErrorInfo>
      </Output>
    </UnitTestResult>
    <UnitTestResult executionId="b77239d7-91e3-4f47-88c4-924c1d2309b9" testId="c4d35b03-170c-0bd2-0d6c-bd67a220080e" testName="TestOPCIONES_Load" computerName="GABOPC" duration="00:00:00.1070000" startTime="2024-07-10T10:01:12.4507852-05:00" endTime="2024-07-10T10:01:12.5576022-05:00" testType="13cdc9d9-ddb5-4fa4-a97d-d965ccfc6d4b" outcome="Failed" testListId="8c84fa94-04c1-424b-9868-57a2d4851a1d" relativeResultsDirectory="b77239d7-91e3-4f47-88c4-924c1d2309b9">
      <Output>
        <ErrorInfo>
          <Message>  El nombre de usuario no se ha cargado correctamente.&#xD;
Assert.That(form.lblNombre.Text, Is.EqualTo(LOGIN.NombreUsuario))&#xD;
  Expected: null&#xD;
  But was:  &lt;string.Empty&gt;&#xD;
</Message>
          <StackTrace>   at Proyecto_Final_Blood_Bank.Tests.Opciones3Test.TestOPCIONES_Load() in C:\Users\gabri\OneDrive\Imágenes\ProyectoU2 Version 8\ProyectoFinal\Opciones3Test.cs:line 28&#xD;

1)    at Proyecto_Final_Blood_Bank.Tests.Opciones3Test.TestOPCIONES_Load() in C:\Users\gabri\OneDrive\Imágenes\ProyectoU2 Version 8\ProyectoFinal\Opciones3Test.cs:line 28&#xD;

</StackTrace>
        </ErrorInfo>
      </Output>
    </UnitTestResult>
    <UnitTestResult executionId="4d0e69b2-928a-4b9b-a911-453369bd5f14" testId="33f2788d-4974-d13c-7f57-35f5e506eb9f" testName="btnLogin_Click_AttemptLogin_Succeeds" computerName="GABOPC" duration="00:00:15.9920000" startTime="2024-07-10T10:00:19.6289077-05:00" endTime="2024-07-10T10:00:35.6215460-05:00" testType="13cdc9d9-ddb5-4fa4-a97d-d965ccfc6d4b" outcome="Passed" testListId="8c84fa94-04c1-424b-9868-57a2d4851a1d" relativeResultsDirectory="4d0e69b2-928a-4b9b-a911-453369bd5f14" />
    <UnitTestResult executionId="1d909a03-7ceb-4459-8e55-411fc078e535" testId="8b6d7d55-7b97-1d7e-fc7a-d60689efde24" testName="FailedLoginNotification" computerName="GABOPC" duration="00:00:02.2630000" startTime="2024-07-10T09:59:52.4157776-05:00" endTime="2024-07-10T09:59:54.6794275-05:00" testType="13cdc9d9-ddb5-4fa4-a97d-d965ccfc6d4b" outcome="Passed" testListId="8c84fa94-04c1-424b-9868-57a2d4851a1d" relativeResultsDirectory="1d909a03-7ceb-4459-8e55-411fc078e535">
      <Output>
        <StdOut>Given I enter an invalid username "invaliduser"&#xD;
-&gt; done: GestionarNotificacionesSteps.GivenIEnterAnInvalidUsername(""invaliduser"") (0.0s)&#xD;
And I enter an invalid password "invalidpassword"&#xD;
-&gt; done: GestionarNotificacionesSteps.GivenIEnterAnInvalidPassword(""invalidpassword"") (0.0s)&#xD;
When I click the login button&#xD;
-&gt; done: GestionarNotificacionesSteps.WhenIClickTheLoginButton() (1.6s)&#xD;
Then I should see an error message&#xD;
-&gt; error:  (0.0s)</StdOut>
      </Output>
    </UnitTestResult>
    <UnitTestResult executionId="74049346-361a-4454-a3fe-b9c3fa081671" testId="95f716f9-e65e-99e0-fed8-775c8e983649" testName="Register_UserAlreadyExists_ShowsErrorMessage" computerName="GABOPC" duration="00:00:00.3090000" startTime="2024-07-10T10:01:44.3410491-05:00" endTime="2024-07-10T10:01:44.6503847-05:00" testType="13cdc9d9-ddb5-4fa4-a97d-d965ccfc6d4b" outcome="Failed" testListId="8c84fa94-04c1-424b-9868-57a2d4851a1d" relativeResultsDirectory="74049346-361a-4454-a3fe-b9c3fa081671">
      <Output>
        <ErrorInfo>
          <Message>  El mensaje de error debería mostrarse cuando el usuario ya existe&#xD;
Assert.That(registrationForm.MessageBoxShown, Is.True)&#xD;
  Expected: True&#xD;
  But was:  False&#xD;
</Message>
          <StackTrace>   at Proyecto_Final_Blood_Bank.Tests.RegistrarseTests.Register_UserAlreadyExists_ShowsErrorMessage() in C:\Users\gabri\OneDrive\Imágenes\ProyectoU2 Version 8\ProyectoFinal\RegistrarseTest.cs:line 42&#xD;

1)    at Proyecto_Final_Blood_Bank.Tests.RegistrarseTests.Register_UserAlreadyExists_ShowsErrorMessage() in C:\Users\gabri\OneDrive\Imágenes\ProyectoU2 Version 8\ProyectoFinal\RegistrarseTest.cs:line 42&#xD;

</StackTrace>
        </ErrorInfo>
      </Output>
    </UnitTestResult>
    <UnitTestResult executionId="17abac44-80b0-4f7e-a878-bade26339074" testId="5dd599a3-1390-94ec-e1af-8932ee16bd4b" testName="TestLabel3Click" computerName="GABOPC" duration="00:00:00.6120000" startTime="2024-07-10T10:00:41.3997859-05:00" endTime="2024-07-10T10:00:42.0117330-05:00" testType="13cdc9d9-ddb5-4fa4-a97d-d965ccfc6d4b" outcome="Failed" testListId="8c84fa94-04c1-424b-9868-57a2d4851a1d" relativeResultsDirectory="17abac44-80b0-4f7e-a878-bade26339074">
      <Output>
        <ErrorInfo>
          <Message>System.Data.SqlClient.SqlException : A network-related or instance-specific error occurred while establishing a connection to SQL Server. The server was not found or was not accessible. Verify that the instance name is correct and that SQL Server is configured to allow remote connections. (provider: Named Pipes Provider, error: 40 - Could not open a connection to SQL Server)&#xD;
Data:&#xD;
  HelpLink.ProdName: Microsoft SQL Server&#xD;
  HelpLink.EvtSrc: MSSQLServer&#xD;
  HelpLink.EvtID: 2&#xD;
  HelpLink.BaseHelpUrl: http://go.microsoft.com/fwlink&#xD;
  HelpLink.LinkId: 20476&#xD;
  ----&gt; System.ComponentModel.Win32Exception : The system cannot find the file specified</Message>
          <StackTrace>   at System.Data.ProviderBase.DbConnectionPool.TryGetConnection(DbConnection owningObject, UInt32 waitForMultipleObjectsTimeout, Boolean allowCreate, Boolean onlyOneCheckConnection, DbConnectionOptions userOptions, DbConnectionInternal&amp; connection)&#xD;
   at System.Data.ProviderBase.DbConnectionPool.TryGetConnection(DbConnection owningObject, TaskCompletionSource`1 retry, DbConnectionOptions userOptions, DbConnectionInternal&amp; connection)&#xD;
   at System.Data.ProviderBase.DbConnectionFactory.TryGetConnection(DbConnection owningConnection, TaskCompletionSource`1 retry, DbConnectionOptions userOptions, DbConnectionInternal oldConnection, DbConnectionInternal&amp; connection)&#xD;
   at System.Data.ProviderBase.DbConnectionInternal.TryOpenConnectionInternal(DbConnection outerConnection, DbConnectionFactory connectionFactory, TaskCompletionSource`1 retry, DbConnectionOptions userOptions)&#xD;
   at System.Data.SqlClient.SqlConnection.TryOpenInner(TaskCompletionSource`1 retry)&#xD;
   at System.Data.SqlClient.SqlConnection.TryOpen(TaskCompletionSource`1 retry)&#xD;
   at System.Data.SqlClient.SqlConnection.Open()&#xD;
   at Proyecto_Final_Blood_Bank.BANCO_DE_SANGRE.label3_Click(Object sender, EventArgs e) in C:\Users\gabri\OneDrive\Imágenes\ProyectoU2 Version 8\ProyectoFinal\BANCO DE SANGRE.cs:line 74&#xD;
   at Proyecto_Final_Blood_Bank.Tests.BancodeSangreTest.TestLabel3Click() in C:\Users\gabri\OneDrive\Imágenes\ProyectoU2 Version 8\ProyectoFinal\BancodeSangreTest.cs:line 77&#xD;
--Win32Exception&#xD;

</StackTrace>
        </ErrorInfo>
      </Output>
    </UnitTestResult>
    <UnitTestResult executionId="46ee2c85-56ed-42c5-8885-b7ef8dcaea49" testId="394a8ee9-d84f-c735-9a19-5059352d6c40" testName="ValidarCampos_ShouldReturnFalse_WhenAnyFieldIsInvalid" computerName="GABOPC" duration="00:00:00.0040000" startTime="2024-07-10T10:00:36.9167016-05:00" endTime="2024-07-10T10:00:36.9207108-05:00" testType="13cdc9d9-ddb5-4fa4-a97d-d965ccfc6d4b" outcome="Passed" testListId="8c84fa94-04c1-424b-9868-57a2d4851a1d" relativeResultsDirectory="46ee2c85-56ed-42c5-8885-b7ef8dcaea49" />
    <UnitTestResult executionId="efb49ca3-3cf4-40b2-a9d1-8481eb84a805" testId="16cdd2c9-5998-d020-1eb4-7115fc5c04ff" testName="TestDgvregistrosCellContentClick" computerName="GABOPC" duration="00:00:00.2860000" startTime="2024-07-10T10:01:48.7457472-05:00" endTime="2024-07-10T10:01:49.0319326-05:00" testType="13cdc9d9-ddb5-4fa4-a97d-d965ccfc6d4b" outcome="Failed" testListId="8c84fa94-04c1-424b-9868-57a2d4851a1d" relativeResultsDirectory="efb49ca3-3cf4-40b2-a9d1-8481eb84a805">
      <Output>
        <ErrorInfo>
          <Message>System.NullReferenceException : Object reference not set to an instance of an object.</Message>
          <StackTrace>   at Proyecto_Final_Blood_Bank.REGISTRO_PACIENTE.dgvregistros_CellContentClick(Object sender, DataGridViewCellEventArgs e) in C:\Users\gabri\OneDrive\Imágenes\ProyectoU2 Version 8\ProyectoFinal\REGISTRO_PACIENTE.cs:line 203&#xD;
   at ProyectoFinalBloodBankTests.RegistroPacienteTests.TestDgvregistrosCellContentClick() in C:\Users\gabri\OneDrive\Imágenes\ProyectoU2 Version 8\ProyectoFinal\RegistroPacienteTest.cs:line 241
</StackTrace>
        </ErrorInfo>
      </Output>
    </UnitTestResult>
    <UnitTestResult executionId="d7b30d5e-1824-4bdc-99f3-4f10a460620e" testId="8bd95a09-6a5c-47e5-c6bf-be30cea24f80" testName="AttemptLogin_ValidUser" computerName="GABOPC" duration="00:00:00.0020000" startTime="2024-07-10T10:00:15.2430598-05:00" endTime="2024-07-10T10:00:15.2450659-05:00" testType="13cdc9d9-ddb5-4fa4-a97d-d965ccfc6d4b" outcome="Passed" testListId="8c84fa94-04c1-424b-9868-57a2d4851a1d" relativeResultsDirectory="d7b30d5e-1824-4bdc-99f3-4f10a460620e" />
    <UnitTestResult executionId="cd1352b3-3278-43ec-8c60-2579ff7268cc" testId="4f71dfac-e4e7-7002-427e-c5f53fc1afdd" testName="Form_FormClosed_ExitsApplication" computerName="GABOPC" duration="00:00:01.9270000" startTime="2024-07-10T10:01:06.0097919-05:00" endTime="2024-07-10T10:01:07.9368948-05:00" testType="13cdc9d9-ddb5-4fa4-a97d-d965ccfc6d4b" outcome="Passed" testListId="8c84fa94-04c1-424b-9868-57a2d4851a1d" relativeResultsDirectory="cd1352b3-3278-43ec-8c60-2579ff7268cc" />
    <UnitTestResult executionId="47b282f2-6663-48cb-9da7-fa0088673b94" testId="6b7d860c-8942-54de-4592-71d9e37bc604" testName="lblVolver_MouseEnter_ShouldChangeFont" computerName="GABOPC" duration="00:00:00.0080000" startTime="2024-07-10T10:00:36.8456870-05:00" endTime="2024-07-10T10:00:36.8539862-05:00" testType="13cdc9d9-ddb5-4fa4-a97d-d965ccfc6d4b" outcome="Failed" testListId="8c84fa94-04c1-424b-9868-57a2d4851a1d" relativeResultsDirectory="47b282f2-6663-48cb-9da7-fa0088673b94">
      <Output>
        <ErrorInfo>
          <Message>System.Reflection.AmbiguousMatchException : Ambiguous match found.</Message>
          <StackTrace>   at System.RuntimeType.GetMethodImpl(String name, BindingFlags bindingAttr, Binder binder, CallingConventions callConv, Type[] types, ParameterModifier[] modifiers)&#xD;
   at System.Type.GetMethod(String name, BindingFlags bindingAttr)&#xD;
[...]
    <TestEntry testId="b2b485a4-4347-97d9-a665-c32bcf6f8b1f" executionId="5e6f0270-3184-4356-8e55-8a34dc61d68a" testListId="8c84fa94-04c1-424b-9868-57a2d4851a1d" />
    <TestEntry testId="754c750c-a52d-5787-d85b-5c197f93ac60" executionId="d316661a-4a94-4379-b737-6ee349fb53e5" testListId="8c84fa94-04c1-424b-9868-57a2d4851a1d" />
    <TestEntry testId="88dae1ed-9570-cd24-b7d6-ecfcb70af1c1" executionId="7a1a0007-d7da-4cc9-b9c5-f1dafa2c29c2" testListId="8c84fa94-04c1-424b-9868-57a2d4851a1d" />
    <TestEntry testId="af3c6ea1-0cdf-ad3a-9af2-aea440482d0a" executionId="27ba15aa-bdef-4cd7-bc91-42166be099bd" testListId="8c84fa94-04c1-424b-9868-57a2d4851a1d" />
    <TestEntry testId="808dae20-d598-2cfb-2ad0-338c1b3ca7f5" executionId="615d0257-7e50-4b83-946d-037e33260af5" testListId="8c84fa94-04c1-424b-9868-57a2d4851a1d" />
    <TestEntry testId="c2d188af-e445-369a-915c-653ea7e510cb" executionId="85f0d65f-be99-4217-b93e-8e84124bd366" testListId="8c84fa94-04c1-424b-9868-57a2d4851a1d" />
    <TestEntry testId="0658014a-41e9-286e-c849-810f3d63210b" executionId="cb2aa94b-e634-4a52-a641-0d3eb484659e" testListId="8c84fa94-04c1-424b-9868-57a2d4851a1d" />
    <TestEntry testId="88ab0ed8-3193-664a-1407-00ea25f47cf2" executionId="415c99f5-d9a2-49f9-abaf-7ce3923ffafb" testListId="8c84fa94-04c1-424b-9868-57a2d4851a1d" />
    <TestEntry testId="6ab3dd6e-2ba3-be25-02bd-1bdd9d54d5b2" executionId="1dbcc2ff-b8c2-4c11-b52d-0aeed674e83f" testListId="8c84fa94-04c1-424b-9868-57a2d4851a1d" />
    <TestEntry testId="827701a2-6672-e937-2324-71606b5a29f5" executionId="12fcffdd-f3a1-4d82-9a0e-712f817515f5" testListId="8c84fa94-04c1-424b-9868-57a2d4851a1d" />
    <TestEntry testId="396e9805-4304-57cd-201a-a0841731f512" executionId="54e03cf3-eb54-4984-8796-f8b0e3eb3722" testListId="8c84fa94-04c1-424b-9868-57a2d4851a1d" />
    <TestEntry testId="cacef927-f238-6a6b-cde2-7e695873e6fa" executionId="6ff7ce46-3269-45fc-a0af-c8bfb7f242d8" testListId="8c84fa94-04c1-424b-9868-57a2d4851a1d" />
    <TestEntry testId="f7b87072-0a8a-fed2-3066-8461ed8dacbe" executionId="9b004de5-5928-439a-907d-89743b3c2c59" testListId="8c84fa94-04c1-424b-9868-57a2d4851a1d" />
    <TestEntry testId="92361b5e-298b-3ab3-b67c-17a4973e0281" executionId="4726ffed-7618-4969-823c-5c25301e0d25" testListId="8c84fa94-04c1-424b-9868-57a2d4851a1d" />
    <TestEntry testId="09e930e2-de2f-e280-ff18-5861a8e0a6b6" executionId="051555e4-34b9-416e-855e-5936a104db8f" testListId="8c84fa94-04c1-424b-9868-57a2d4851a1d" />
    <TestEntry testId="86bdf730-6688-83b5-9989-1ee39def7bec" executionId="d5573c86-1725-4586-b9df-4e6adc31ec2e" testListId="8c84fa94-04c1-424b-9868-57a2d4851a1d" />
    <TestEntry testId="8e39fca1-75e5-8fc9-4d7c-2c094451ceb5" executionId="641ede2a-074b-41fe-bd56-f8248325f213" testListId="8c84fa94-04c1-424b-9868-57a2d4851a1d" />
    <TestEntry testId="32c87d8a-17ae-818c-2e8e-927a640dbb00" executionId="89ae6c03-60fa-4eb1-91b1-2e11693b8a4d" testListId="8c84fa94-04c1-424b-9868-57a2d4851a1d" />
    <TestEntry testId="4b7715a5-788e-cb4d-41ed-fb06e4dce2b7" executionId="17a63961-6330-4520-b08b-338ee2852ffe" testListId="8c84fa94-04c1-424b-9868-57a2d4851a1d" />
    <TestEntry testId="fbd01d16-0dce-ed3f-2b7c-b471b9e7b0e0" executionId="1a7c01ff-09ae-43d5-b6a1-c8bced48bf52" testListId="8c84fa94-04c1-424b-9868-57a2d4851a1d" />
    <TestEntry testId="67c2bab7-ded8-bad7-6345-bd77c97c9cff" executionId="34cdf3d6-6cb1-4237-8c55-e73e7ff35454" testListId="8c84fa94-04c1-424b-9868-57a2d4851a1d" />
    <TestEntry testId="3dff672f-e62b-2ff5-221d-e436abb7ff4a" executionId="0cdde6cd-19fe-4b65-b090-983b564d28c3" testListId="8c84fa94-04c1-424b-9868-57a2d4851a1d" />
    <TestEntry testId="69c9b53d-fa5f-122f-6782-37fe2af75a86" executionId="ad78381a-d4c4-41c7-89c3-a12558eaa3ba" testListId="8c84fa94-04c1-424b-9868-57a2d4851a1d" />
    <TestEntry testId="2bd56c66-daef-c525-3527-0e871a5d9f8b" executionId="0a8c795a-bf8d-4847-bf2e-b26c14be728b" testListId="8c84fa94-04c1-424b-9868-57a2d4851a1d" />
    <TestEntry testId="1c04bbeb-1b95-e482-ae48-f220cf7beb49" executionId="418beb08-a5c6-4f37-854c-758153a5ed95" testListId="8c84fa94-04c1-424b-9868-57a2d4851a1d" />
    <TestEntry testId="16c2b43e-b83f-4705-ea76-f66c629dfbf5" executionId="d47b5df0-f684-4fe9-ad05-23e67b60835d" testListId="8c84fa94-04c1-424b-9868-57a2d4851a1d" />
    <TestEntry testId="9088cc3e-aabd-7c9b-444d-edd8f76936a1" executionId="19af63d9-a86e-4578-9560-63cf53777505" testListId="8c84fa94-04c1-424b-9868-57a2d4851a1d" />
    <TestEntry testId="67570311-9d8e-51df-2148-436aaa9332b5" executionId="6ccb9755-0f00-4741-8e2f-6c95e2b1e481" testListId="8c84fa94-04c1-424b-9868-57a2d4851a1d" />
    <TestEntry testId="18f0fc37-dd06-f9a2-7fd3-d007f08f8893" executionId="7148d478-41d6-4656-92b1-8765216afdcc" testListId="8c84fa94-04c1-424b-9868-57a2d4851a1d" />
    <TestEntry testId="76008a15-c5d4-1426-a911-e31abce823d7" executionId="114cc5ee-b952-4e52-ae5a-1ef2c2ac060e" testListId="8c84fa94-04c1-424b-9868-57a2d4851a1d" />
    <TestEntry testId="f9f9e033-8676-942c-36b2-3a62ba77fafa" executionId="703e0ba6-c1c1-479f-b5b9-78f66876f7c1" testListId="8c84fa94-04c1-424b-9868-57a2d4851a1d" />
    <TestEntry testId="35fdb201-b32b-7b03-b940-3615384aeb80" executionId="6fc61a64-e290-4dcd-96a2-7a4c1d4a3f61" testListId="8c84fa94-04c1-424b-9868-57a2d4851a1d" />
    <TestEntry testId="ebc03438-7822-4def-cb9b-2c19d00460de" executionId="edc25f32-f77b-42aa-8aa2-96f218e7e3ff" testListId="8c84fa94-04c1-424b-9868-57a2d4851a1d" />
    <TestEntry testId="d3b8f434-d0e2-1a12-6742-54629270a961" executionId="64999e17-4151-49bd-9480-96aa27a67f21" testListId="8c84fa94-04c1-424b-9868-57a2d4851a1d" />
    <TestEntry testId="c4d35b03-170c-0bd2-0d6c-bd67a220080e" executionId="b77239d7-91e3-4f47-88c4-924c1d2309b9" testListId="8c84fa94-04c1-424b-9868-57a2d4851a1d" />
    <TestEntry testId="33f2788d-4974-d13c-7f57-35f5e506eb9f" executionId="4d0e69b2-928a-4b9b-a911-453369bd5f14" testListId="8c84fa94-04c1-424b-9868-57a2d4851a1d" />
    <TestEntry testId="8b6d7d55-7b97-1d7e-fc7a-d60689efde24" executionId="1d909a03-7ceb-4459-8e55-411fc078e535" testListId="8c84fa94-04c1-424b-9868-57a2d4851a1d" />
    <TestEntry testId="95f716f9-e65e-99e0-fed8-775c8e983649" executionId="74049346-361a-4454-a3fe-b9c3fa081671" testListId="8c84fa94-04c1-424b-9868-57a2d4851a1d" />
    <TestEntry testId="5dd599a3-1390-94ec-e1af-8932ee16bd4b" executionId="17abac44-80b0-4f7e-a878-bade26339074" testListId="8c84fa94-04c1-424b-9868-57a2d4851a1d" />
    <TestEntry testId="394a8ee9-d84f-c735-9a19-5059352d6c40" executionId="46ee2c85-56ed-42c5-8885-b7ef8dcaea49" testListId="8c84fa94-04c1-424b-9868-57a2d4851a1d" />
    <TestEntry testId="16cdd2c9-5998-d020-1eb4-7115fc5c04ff" executionId="efb49ca3-3cf4-40b2-a9d1-8481eb84a805" testListId="8c84fa94-04c1-424b-9868-57a2d4851a1d" />
    <TestEntry testId="8bd95a09-6a5c-47e5-c6bf-be30cea24f80" executionId="d7b30d5e-1824-4bdc-99f3-4f10a460620e" testListId="8c84fa94-04c1-424b-9868-57a2d4851a1d" />
    <TestEntry testId="4f71dfac-e4e7-7002-427e-c5f53fc1afdd" executionId="cd1352b3-3278-43ec-8c60-2579ff7268cc" testListId="8c84fa94-04c1-424b-9868-57a2d4851a1d" />
    <TestEntry testId="6b7d860c-8942-54de-4592-71d9e37bc604" executionId="47b282f2-6663-48cb-9da7-fa0088673b94" testListId="8c84fa94-04c1-424b-9868-57a2d4851a1d" />
    <TestEntry testId="9a083f9c-fd81-de92-b43f-8c32b1943fe8" executionId="525b9c07-8331-413b-a315-9e2a3f5e7ecc" testListId="8c84fa94-04c1-424b-9868-57a2d4851a1d" />
    <TestEntry testId="7a48f35f-d5d5-3cf4-d953-d6a9b0864101" executionId="323c44f9-7d1a-4e31-9b11-875e68a10cea" testListId="8c84fa94-04c1-424b-9868-57a2d4851a1d" />
    <TestEntry testId="7c34c641-deea-f0d2-e76d-743ce44d5f65" executionId="9596b655-c8fe-4bc8-a930-8157c533edb8" testListId="8c84fa94-04c1-424b-9868-57a2d4851a1d" />
    <TestEntry testId="e8dd1aeb-a347-7017-5ba7-00b52a605c6a" executionId="a862ccdd-ec03-4096-8283-e9ab0f655d2f" testListId="8c84fa94-04c1-424b-9868-57a2d4851a1d" />
    <TestEntry testId="19fafc84-5946-4f8f-57be-b6a0cf894433" executionId="88858063-89e3-4dd2-87ec-82a32b0cef9b" testListId="8c84fa94-04c1-424b-9868-57a2d4851a1d" />
    <TestEntry testId="e74ab19c-63b1-eb6b-99dc-0bc7b25fe700" executionId="1490a81b-3607-426c-979e-8486973709e4" testListId="8c84fa94-04c1-424b-9868-57a2d4851a1d" />
    <TestEntry testId="fcffcf13-1020-5d8b-9dff-167edfd71137" executionId="754a6966-700b-4d95-be2c-a41c2824bda2" testListId="8c84fa94-04c1-424b-9868-57a2d4851a1d" />
    <TestEntry testId="336f8732-182c-33dc-84e0-b268c08e350b" executionId="a92bd060-b7ec-4cd7-8d7c-dd2dfc38476e" testListId="8c84fa94-04c1-424b-9868-57a2d4851a1d" />
    <TestEntry testId="2c87e828-9e26-0557-eb93-9b7ff1364f59" executionId="e60be963-ca63-4fe1-9551-70700ecf652f" testListId="8c84fa94-04c1-424b-9868-57a2d4851a1d" />
    <TestEntry testId="e0b054cf-7ad0-a05d-a373-d1b09583bd3d" executionId="fe3592a5-b920-43d4-b7ee-fb1811e83241" testListId="8c84fa94-04c1-424b-9868-57a2d4851a1d" />
    <TestEntry testId="62f25be4-b38a-87ce-105a-1e14a083939c" executionId="b419e2c7-1cbc-4303-94ac-3ed27c687f22" testListId="8c84fa94-04c1-424b-9868-57a2d4851a1d" />
    <TestEntry testId="11514c13-e5e5-28ae-b105-6befca1180a9" executionId="193eff13-d710-458a-b762-bb80513951f8" testListId="8c84fa94-04c1-424b-9868-57a2d4851a1d" />
    <TestEntry testId="cd2fb66c-441c-4718-206a-96da2b0da7f8" executionId="809e8a0e-c745-46c7-ab94-044d2a2b3d66" testListId="8c84fa94-04c1-424b-9868-57a2d4851a1d" />
    <TestEntry testId="4bc8caf1-0ecc-ce66-fb43-036413a49693" executionId="e432171a-80c7-4c51-aa92-1887a0cb272e" testListId="8c84fa94-04c1-424b-9868-57a2d4851a1d" />
    <TestEntry testId="06552473-9a84-5fe0-523f-ce84e8aab9c3" executionId="d1fef36e-9a52-4cff-8df3-49ffa92b9cc6" testListId="8c84fa94-04c1-424b-9868-57a2d4851a1d" />
    <TestEntry testId="152ff6c3-3c2b-1e7f-9ec1-fee1ccfb3f70" executionId="8ea31151-8df0-4bc7-8d35-7827a073cd4a" testListId="8c84fa94-04c1-424b-9868-57a2d4851a1d" />
    <TestEntry testId="94e91adc-c5e4-d737-2018-cdf253c67c21" executionId="3d90f469-5f62-45c5-9402-0220d8843331" testListId="8c84fa94-04c1-424b-9868-57a2d4851a1d" />
    <TestEntry testId="83432c25-51cc-9d11-007d-121eb5543829" executionId="a19aaab3-bf7a-451a-bfc9-b8fbd8e8dd74" testListId="8c84fa94-04c1-424b-9868-57a2d4851a1d" />
    <TestEntry testId="2ddcc4c7-9e6d-7077-f528-b6065f5c0489" executionId="52d14db6-aa79-40d2-a01b-5f38055f7e2e" testListId="8c84fa94-04c1-424b-9868-57a2d4851a1d" />
    <TestEntry testId="7eebaae4-a56f-23ca-8e8d-1c870c8432bc" executionId="129d76ae-1d05-471f-baa6-0fbf81dbea10" testListId="8c84fa94-04c1-424b-9868-57a2d4851a1d" />
    <TestEntry testId="8c202616-33eb-f5db-5259-0f5c524abb94" executionId="e90daf4e-d92b-4bb5-93d5-48d1d23d224b" testListId="8c84fa94-04c1-424b-9868-57a2d4851a1d" />
    <TestEntry testId="0c939d6e-9de9-ac4b-2f6f-5620f18333ca" executionId="f2d5b89a-5aa0-4bbb-b670-d0e12dcc722d" testListId="8c84fa94-04c1-424b-9868-57a2d4851a1d" />
    <TestEntry testId="04ded789-040a-5db8-f741-c7583e730933" executionId="ee322722-589b-4230-b1dd-e0fd94bdcdc5" testListId="8c84fa94-04c1-424b-9868-57a2d4851a1d" />
    <TestEntry testId="156afc9a-aff9-61a1-f89f-3ca011823891" executionId="36b2ccfe-7738-4c81-af13-e7bedcb1db10" testListId="8c84fa94-04c1-424b-9868-57a2d4851a1d" />
    <TestEntry testId="f5fe32d5-c734-f2e9-d46d-60861f184ace" executionId="430d7368-f7ea-4c0d-9426-5def767a651c" testListId="8c84fa94-04c1-424b-9868-57a2d4851a1d" />
    <TestEntry testId="491b3023-0f57-6adb-de96-c4b4a24ee680" executionId="34011a65-e7e1-40d4-b466-bab61e282b00" testListId="8c84fa94-04c1-424b-9868-57a2d4851a1d" />
    <TestEntry testId="d070b4b4-11ed-e04f-8906-39e492f1f8ab" executionId="dace886d-3bda-4a48-ac04-ad97cf8bcaea" testListId="8c84fa94-04c1-424b-9868-57a2d4851a1d" />
    <TestEntry testId="d9946b8e-0d49-c966-efad-073ce0aa1f49" executionId="65814e61-39f1-405f-bc12-1c156f2d5d45" testListId="8c84fa94-04c1-424b-9868-57a2d4851a1d" />
    <TestEntry testId="7dcf501d-2c46-043b-d7d3-f600545fbd40" executionId="a551dfea-9bff-4328-b146-f1589214c4c2" testListId="8c84fa94-04c1-424b-9868-57a2d4851a1d" />
    <TestEntry testId="0ab92d0b-b77e-d1ce-955a-ea4e3a0fef6a" executionId="eed82ca1-0d7a-4f34-b0a7-3a9d871d4eb6" testListId="8c84fa94-04c1-424b-9868-57a2d4851a1d" />
    <TestEntry testId="47038133-8662-644f-cb67-488ad0632ad4" executionId="731bd1a7-3ed6-492d-98e5-78f2c8964190" testListId="8c84fa94-04c1-424b-9868-57a2d4851a1d" />
    <TestEntry testId="53c30691-bdba-5a2e-1975-bcc2aab334f1" executionId="73c88f07-5805-4a6c-b77d-61a82b541ec3" testListId="8c84fa94-04c1-424b-9868-57a2d4851a1d" />
  </TestEntries>
  <TestLists>
    <TestList name="Results Not in a List" id="8c84fa94-04c1-424b-9868-57a2d4851a1d" />
    <TestList name="All Loaded Results" id="19431567-8539-422a-85d7-44ee4e166bda" />
  </TestLists>
  <ResultSummary outcome="Failed">
    <Counters total="84" executed="84" passed="38" failed="46" error="0" timeout="0" aborted="0" inconclusive="0" passedButRunAborted="0" notRunnable="0" notExecuted="0" disconnected="0" warning="0" completed="0" inProgress="0" pending="0" />
    <Output>
      <StdOut>NUnit Adapter 4.5.0.0: Test execution started&#xD;
Running all tests in C:\Users\gabri\OneDrive\Imágenes\ProyectoU2 Version 8\ProyectoFinal\bin\Debug\Proyecto_Final_Blood_Bank.exe&#xD;
   NUnit3TestExecutor discovered 84 of 84 NUnit test cases using Current Discovery mode, Non-Explicit run&#xD;
OPCIONES_2_Resize_ResizesControls: La función OPCIONES_2_Resize se ejecutó sin lanzar excepciones.&#xD;
NUnit Adapter 4.5.0.0: Test execution complete&#xD;
</StdOut>
    </Output>
    <RunInfos>
      <RunInfo computerName="GABOPC" outcome="Warning" timestamp="2024-07-10T09:59:54.7070640-05:00">
        <Text>Given I enter an invalid username "invaliduser"&#xD;
-&gt; done: GestionarNotificacionesSteps.GivenIEnterAnInvalidUsername(""invaliduser"") (0.0s)&#xD;
And I enter an invalid password "invalidpassword"&#xD;
-&gt; done: GestionarNotificacionesSteps.GivenIEnterAnInvalidPassword(""invalidpassword"") (0.0s)&#xD;
When I click the login button&#xD;
-&gt; done: GestionarNotificacionesSteps.WhenIClickTheLoginButton() (1.6s)&#xD;
Then I should see an error message&#xD;
-&gt; error:  (0.0s)&#xD;
</Text>
      </RunInfo>
      <RunInfo computerName="GABOPC" outcome="Warning" timestamp="2024-07-10T09:59:55.2211378-05:00">
        <Text>Given I enter a valid username "testuser"&#xD;
-&gt; done: GestionarNotificacionesSteps.GivenIEnterAValidUsername(""testuser"") (0.0s)&#xD;
And I enter a valid password "password"&#xD;
-&gt; done: GestionarNotificacionesSteps.GivenIEnterAValidPassword(""password"") (0.0s)&#xD;
When I click the login button&#xD;
-&gt; done: GestionarNotificacionesSteps.WhenIClickTheLoginButton() (0.5s)&#xD;
Then I should see the main menu based on my user state&#xD;
-&gt; error:  (0.0s)&#xD;
</Text>
      </RunInfo>
      <RunInfo computerName="GABOPC" outcome="Warning" timestamp="2024-07-10T10:00:12.3041774-05:00">
        <Text>Given I have selected a personal record with a user&#xD;
-&gt; done: PERSONALSteps.GivenIHaveSelectedAPersonalRecordWithAUser() (0.0s)&#xD;
When I press the ascend button&#xD;
-&gt; done: PERSONALSteps.WhenIPressTheAscendButton() (17.0s)&#xD;
Then the user's status should be updated to 'P'&#xD;
-&gt; done: PERSONALSteps.ThenTheUserSStatusShouldBeUpdatedToP() (0.0s)&#xD;
And I should see a success message&#xD;
-&gt; binding error: Ambiguous step definitions found for step 'Then I should see a success message': Proyecto_Final_Blood_Bank:Proyecto_Final_Blood_Bank.Steps.PERSONALSteps.ThenIShouldSeeASuccessMessage(), Proyecto_Final_Blood_Bank:Proyecto_Final_Blood_Bank.Steps.RegistrarUsuarioSteps.ThenIShouldSeeASuccessMessage()&#xD;
</Text>
      </RunInfo>
      <RunInfo computerName="GABOPC" outcome="Warning" timestamp="2024-07-10T10:00:12.8816885-05:00">
        <Text>Given I have selected a personal record with a user&#xD;
-&gt; done: PERSONALSteps.GivenIHaveSelectedAPersonalRecordWithAUser() (0.0s)&#xD;
When I press the descend button&#xD;
-&gt; done: PERSONALSteps.WhenIPressTheDescendButton() (0.5s)&#xD;
Then the user's status should be updated to 'N'&#xD;
-&gt; error:   Assert.That(cmbEstado.SelectedIndex, Is.EqualTo(2))&#xD;
  Expected: 2&#xD;
  But was:  1&#xD;
 (0.0s)&#xD;
And I should see a success message&#xD;
-&gt; binding error: Ambiguous step definitions found for step 'Then I should see a success message': Proyecto_Final_Blood_Bank:Proyecto_Final_Blood_Bank.Steps.PERSONALSteps.ThenIShouldSeeASuccessMessage(), Proyecto_Final_Blood_Bank:Proyecto_Final_Blood_Bank.Steps.RegistrarUsuarioSteps.ThenIShouldSeeASuccessMessage()&#xD;
</Text>
      </RunInfo>
      <RunInfo computerName="GABOPC" outcome="Warning" timestamp="2024-07-10T10:00:14.3183454-05:00">
        <Text>Given I open the personal form&#xD;
-&gt; done: PERSONALSteps.GivenIOpenThePersonalForm() (1.4s)&#xD;
When the form loads&#xD;
-&gt; error: A network-related or instance-specific error occurred while establishing a connection to SQL Server. The server was not found or was not accessible. Verify that the instance name is correct and that SQL Server is configured to allow remote connections. (provider: Named Pipes Provider, error: 40 - Could not open a connection to SQL Server) (0.0s)&#xD;
Then the personal grid should be filled with data&#xD;
-&gt; skipped because of previous errors&#xD;
</Text>
      </RunInfo>
      <RunInfo computerName="GABOPC" outcome="Warning" timestamp="2024-07-10T10:00:15.1587858-05:00">
        <Text>Given I enter a new username "newuser"&#xD;
-&gt; done: RegistrarUsuarioSteps.GivenIEnterANewUsername(""newuser"") (0.0s)&#xD;
And I enter a password "password"&#xD;
-&gt; done: RegistrarUsuarioSteps.GivenIEnterAPassword(""password"") (0.0s)&#xD;
And I confirm the password "differentpassword"&#xD;
-&gt; done: RegistrarUsuarioSteps.GivenIConfirmThePassword(""differentpassword"") (0.0s)&#xD;
When I click the register button&#xD;
-&gt; done: RegistrarUsuarioSteps.WhenIClickTheRegisterButton() (0.8s)&#xD;
Then I should see an error message about password mismatch&#xD;
-&gt; error:  (0.0s)&#xD;
</Text>
      </RunInfo>
      <RunInfo computerName="GABOPC" outcome="Warning" timestamp="2024-07-10T10:00:15.2259916-05:00">
        <Text>Given I enter a new username "newuser"&#xD;
-&gt; done: RegistrarUsuarioSteps.GivenIEnterANewUsername(""newuser"") (0.0s)&#xD;
And I enter a password "password"&#xD;
-&gt; done: RegistrarUsuarioSteps.GivenIEnterAPassword(""password"") (0.0s)&#xD;
And I confirm the password "password"&#xD;
-&gt; done: RegistrarUsuarioSteps.GivenIConfirmThePassword(""password"") (0.0s)&#xD;
When I click the register button&#xD;
-&gt; error: Object reference not set to an instance of an object. (0.1s)&#xD;
Then I should see a success message&#xD;
-&gt; binding error: Ambiguous step definitions found for step 'Then I should see a success message': Proyecto_Final_Blood_Bank:Proyecto_Final_Blood_Bank.Steps.PERSONALSteps.ThenIShouldSeeASuccessMessage(), Proyecto_Final_Blood_Bank:Proyecto_Final_Blood_Bank.Steps.RegistrarUsuarioSteps.ThenIShouldSeeASuccessMessage()&#xD;
</Text>
      </RunInfo>
      <RunInfo computerName="GABOPC" outcome="Warning" timestamp="2024-07-10T10:00:15.2355230-05:00">
        <Text>Given I enter an existing username "existinguser"&#xD;
-&gt; done: RegistrarUsuarioSteps.GivenIEnterAnExistingUsername(""existinguser"") (0.0s)&#xD;
And I enter a password "password"&#xD;
-&gt; done: RegistrarUsuarioSteps.GivenIEnterAPassword(""password"") (0.0s)&#xD;
And I confirm the password "password"&#xD;
-&gt; done: RegistrarUsuarioSteps.GivenIConfirmThePassword(""password"") (0.0s)&#xD;
When I click the register button&#xD;
-&gt; error: Object reference not set to an instance of an object. (0.0s)&#xD;
Then I should see an error message about user already existing&#xD;
-&gt; skipped because of previous errors&#xD;
</Text>
      </RunInfo>
    </RunInfos>
  </ResultSummary>
</TestRun>